This is pdfTeX, Version 3.141592653-2.6-1.40.24 (TeX Live 2022/Arch Linux) (preloaded format=pdflatex 2022.5.19)  4 JUN 2022 04:02
entering extended mode
 restricted \write18 enabled.
 %&-line parsing enabled.
**principal.tex
(./principal.tex
LaTeX2e <2021-11-15> patch level 1
L3 programming layer <2022-04-10> (./prefix.tex
(/usr/share/texmf-dist/tex/latex/base/book.cls
Document Class: book 2021/10/04 v1.4n Standard LaTeX document class
(/usr/share/texmf-dist/tex/latex/base/bk10.clo
File: bk10.clo 2021/10/04 v1.4n Standard LaTeX file (size option)
)
\c@part=\count185
\c@chapter=\count186
\c@section=\count187
\c@subsection=\count188
\c@subsubsection=\count189
\c@paragraph=\count190
\c@subparagraph=\count191
\c@figure=\count192
\c@table=\count193
\abovecaptionskip=\skip47
\belowcaptionskip=\skip48
\bibindent=\dimen138
)
(/usr/share/texmf-dist/tex/latex/geometry/geometry.sty
Package: geometry 2020/01/02 v5.9 Page Geometry

(/usr/share/texmf-dist/tex/latex/graphics/keyval.sty
Package: keyval 2014/10/28 v1.15 key=value parser (DPC)
\KV@toks@=\toks16
)
(/usr/share/texmf-dist/tex/generic/iftex/ifvtex.sty
Package: ifvtex 2019/10/25 v1.7 ifvtex legacy package. Use iftex instead.

(/usr/share/texmf-dist/tex/generic/iftex/iftex.sty
Package: iftex 2022/02/03 v1.0f TeX engine tests
))
\Gm@cnth=\count194
\Gm@cntv=\count195
\c@Gm@tempcnt=\count196
\Gm@bindingoffset=\dimen139
\Gm@wd@mp=\dimen140
\Gm@odd@mp=\dimen141
\Gm@even@mp=\dimen142
\Gm@layoutwidth=\dimen143
\Gm@layoutheight=\dimen144
\Gm@layouthoffset=\dimen145
\Gm@layoutvoffset=\dimen146
\Gm@dimlist=\toks17
)
(/usr/share/texmf-dist/tex/generic/babel/babel.sty
Package: babel 2022/02/26 3.73 The Babel package
\babel@savecnt=\count197
\U@D=\dimen147
\l@unhyphenated=\language87

(/usr/share/texmf-dist/tex/generic/babel/txtbabel.def)
\bbl@readstream=\read2
\bbl@dirlevel=\count198

(/usr/share/texmf-dist/tex/generic/babel-english/english.ldf
Language: english 2017/06/06 v3.3r English support from the babel system
Package babel Info: Hyphen rules for 'canadian' set to \l@english
(babel)             (\language0). Reported on input line 102.
Package babel Info: Hyphen rules for 'australian' set to \l@ukenglish
(babel)             (\language21). Reported on input line 105.
Package babel Info: Hyphen rules for 'newzealand' set to \l@ukenglish
(babel)             (\language21). Reported on input line 108.
))
(/usr/share/texmf-dist/tex/latex/base/inputenc.sty
Package: inputenc 2021/02/14 v1.3d Input encoding file
\inpenc@prehook=\toks18
\inpenc@posthook=\toks19
)
(/usr/share/texmf-dist/tex/latex/base/fontenc.sty
Package: fontenc 2021/04/29 v2.0v Standard LaTeX package
)
(/usr/share/texmf-dist/tex/latex/cancel/cancel.sty
Package: cancel 2013/04/12 v2.2 Cancel math terms
)
(/usr/share/texmf-dist/tex/latex/amsmath/amsmath.sty
Package: amsmath 2021/10/15 v2.17l AMS math features
\@mathmargin=\skip49

For additional information on amsmath, use the `?' option.
(/usr/share/texmf-dist/tex/latex/amsmath/amstext.sty
Package: amstext 2021/08/26 v2.01 AMS text

(/usr/share/texmf-dist/tex/latex/amsmath/amsgen.sty
File: amsgen.sty 1999/11/30 v2.0 generic functions
\@emptytoks=\toks20
\ex@=\dimen148
))
(/usr/share/texmf-dist/tex/latex/amsmath/amsbsy.sty
Package: amsbsy 1999/11/29 v1.2d Bold Symbols
\pmbraise@=\dimen149
)
(/usr/share/texmf-dist/tex/latex/amsmath/amsopn.sty
Package: amsopn 2021/08/26 v2.02 operator names
)
\inf@bad=\count199
LaTeX Info: Redefining \frac on input line 234.
\uproot@=\count266
\leftroot@=\count267
LaTeX Info: Redefining \overline on input line 399.
\classnum@=\count268
\DOTSCASE@=\count269
LaTeX Info: Redefining \ldots on input line 496.
LaTeX Info: Redefining \dots on input line 499.
LaTeX Info: Redefining \cdots on input line 620.
\Mathstrutbox@=\box50
\strutbox@=\box51
\big@size=\dimen150
LaTeX Font Info:    Redeclaring font encoding OML on input line 743.
LaTeX Font Info:    Redeclaring font encoding OMS on input line 744.
\macc@depth=\count270
\c@MaxMatrixCols=\count271
\dotsspace@=\muskip16
\c@parentequation=\count272
\dspbrk@lvl=\count273
\tag@help=\toks21
\row@=\count274
\column@=\count275
\maxfields@=\count276
\andhelp@=\toks22
\eqnshift@=\dimen151
\alignsep@=\dimen152
\tagshift@=\dimen153
\tagwidth@=\dimen154
\totwidth@=\dimen155
\lineht@=\dimen156
\@envbody=\toks23
\multlinegap=\skip50
\multlinetaggap=\skip51
\mathdisplay@stack=\toks24
LaTeX Info: Redefining \[ on input line 2938.
LaTeX Info: Redefining \] on input line 2939.
)
(/usr/share/texmf-dist/tex/latex/amsfonts/amsfonts.sty
Package: amsfonts 2013/01/14 v3.01 Basic AMSFonts support
\symAMSa=\mathgroup4
\symAMSb=\mathgroup5
LaTeX Font Info:    Redeclaring math symbol \hbar on input line 98.
LaTeX Font Info:    Overwriting math alphabet `\mathfrak' in version `bold'
(Font)                  U/euf/m/n --> U/euf/b/n on input line 106.
)
(/usr/share/texmf-dist/tex/latex/doublestroke/dsfont.sty
Package: dsfont 1995/08/01 v0.1 Double stroke roman fonts
)
(/usr/share/texmf-dist/tex/latex/listings/listings.sty
\lst@mode=\count277
\lst@gtempboxa=\box52
\lst@token=\toks25
\lst@length=\count278
\lst@currlwidth=\dimen157
\lst@column=\count279
\lst@pos=\count280
\lst@lostspace=\dimen158
\lst@width=\dimen159
\lst@newlines=\count281
\lst@lineno=\count282
\lst@maxwidth=\dimen160

(/usr/share/texmf-dist/tex/latex/listings/lstmisc.sty
File: lstmisc.sty 2020/03/24 1.8d (Carsten Heinz)
\c@lstnumber=\count283
\lst@skipnumbers=\count284
\lst@framebox=\box53
)
(/usr/share/texmf-dist/tex/latex/listings/listings.cfg
File: listings.cfg 2020/03/24 1.8d listings configuration
))
Package: listings 2020/03/24 1.8d (Carsten Heinz)

(/usr/share/texmf-dist/tex/latex/hyperref/hyperref.sty
Package: hyperref 2022-02-21 v7.00n Hypertext links for LaTeX

(/usr/share/texmf-dist/tex/generic/ltxcmds/ltxcmds.sty
Package: ltxcmds 2020-05-10 v1.25 LaTeX kernel commands for general use (HO)
)
(/usr/share/texmf-dist/tex/generic/pdftexcmds/pdftexcmds.sty
Package: pdftexcmds 2020-06-27 v0.33 Utility functions of pdfTeX for LuaTeX (HO
)

(/usr/share/texmf-dist/tex/generic/infwarerr/infwarerr.sty
Package: infwarerr 2019/12/03 v1.5 Providing info/warning/error messages (HO)
)
Package pdftexcmds Info: \pdf@primitive is available.
Package pdftexcmds Info: \pdf@ifprimitive is available.
Package pdftexcmds Info: \pdfdraftmode found.
)
(/usr/share/texmf-dist/tex/generic/kvsetkeys/kvsetkeys.sty
Package: kvsetkeys 2019/12/15 v1.18 Key value parser (HO)
)
(/usr/share/texmf-dist/tex/generic/kvdefinekeys/kvdefinekeys.sty
Package: kvdefinekeys 2019-12-19 v1.6 Define keys (HO)
)
(/usr/share/texmf-dist/tex/generic/pdfescape/pdfescape.sty
Package: pdfescape 2019/12/09 v1.15 Implements pdfTeX's escape features (HO)
)
(/usr/share/texmf-dist/tex/latex/hycolor/hycolor.sty
Package: hycolor 2020-01-27 v1.10 Color options for hyperref/bookmark (HO)
)
(/usr/share/texmf-dist/tex/latex/letltxmacro/letltxmacro.sty
Package: letltxmacro 2019/12/03 v1.6 Let assignment for LaTeX macros (HO)
)
(/usr/share/texmf-dist/tex/latex/auxhook/auxhook.sty
Package: auxhook 2019-12-17 v1.6 Hooks for auxiliary files (HO)
)
(/usr/share/texmf-dist/tex/latex/kvoptions/kvoptions.sty
Package: kvoptions 2020-10-07 v3.14 Key value format for package options (HO)
)
\@linkdim=\dimen161
\Hy@linkcounter=\count285
\Hy@pagecounter=\count286

(/usr/share/texmf-dist/tex/latex/hyperref/pd1enc.def
File: pd1enc.def 2022-02-21 v7.00n Hyperref: PDFDocEncoding definition (HO)
Now handling font encoding PD1 ...
... no UTF-8 mapping file for font encoding PD1
)
(/usr/share/texmf-dist/tex/generic/intcalc/intcalc.sty
Package: intcalc 2019/12/15 v1.3 Expandable calculations with integers (HO)
)
(/usr/share/texmf-dist/tex/generic/etexcmds/etexcmds.sty
Package: etexcmds 2019/12/15 v1.7 Avoid name clashes with e-TeX commands (HO)
)
\Hy@SavedSpaceFactor=\count287

(/usr/share/texmf-dist/tex/latex/hyperref/puenc.def
File: puenc.def 2022-02-21 v7.00n Hyperref: PDF Unicode definition (HO)
Now handling font encoding PU ...
... no UTF-8 mapping file for font encoding PU
)
Package hyperref Info: Hyper figures OFF on input line 4137.
Package hyperref Info: Link nesting OFF on input line 4142.
Package hyperref Info: Hyper index ON on input line 4145.
Package hyperref Info: Plain pages OFF on input line 4152.
Package hyperref Info: Backreferencing OFF on input line 4157.
Package hyperref Info: Implicit mode ON; LaTeX internals redefined.
Package hyperref Info: Bookmarks ON on input line 4390.
\c@Hy@tempcnt=\count288

(/usr/share/texmf-dist/tex/latex/url/url.sty
\Urlmuskip=\muskip17
Package: url 2013/09/16  ver 3.4  Verb mode for urls, etc.
)
LaTeX Info: Redefining \url on input line 4749.
\XeTeXLinkMargin=\dimen162

(/usr/share/texmf-dist/tex/generic/bitset/bitset.sty
Package: bitset 2019/12/09 v1.3 Handle bit-vector datatype (HO)

(/usr/share/texmf-dist/tex/generic/bigintcalc/bigintcalc.sty
Package: bigintcalc 2019/12/15 v1.5 Expandable calculations on big integers (HO
)
))
\Fld@menulength=\count289
\Field@Width=\dimen163
\Fld@charsize=\dimen164
Package hyperref Info: Hyper figures OFF on input line 6027.
Package hyperref Info: Link nesting OFF on input line 6032.
Package hyperref Info: Hyper index ON on input line 6035.
Package hyperref Info: backreferencing OFF on input line 6042.
Package hyperref Info: Link coloring OFF on input line 6047.
Package hyperref Info: Link coloring with OCG OFF on input line 6052.
Package hyperref Info: PDF/A mode OFF on input line 6057.
LaTeX Info: Redefining \ref on input line 6097.
LaTeX Info: Redefining \pageref on input line 6101.

(/usr/share/texmf-dist/tex/latex/base/atbegshi-ltx.sty
Package: atbegshi-ltx 2021/01/10 v1.0c Emulation of the original atbegshi
package with kernel methods
)
\Hy@abspage=\count290
\c@Item=\count291
\c@Hfootnote=\count292
)
Package hyperref Info: Driver (autodetected): hpdftex.

(/usr/share/texmf-dist/tex/latex/hyperref/hpdftex.def
File: hpdftex.def 2022-02-21 v7.00n Hyperref driver for pdfTeX

(/usr/share/texmf-dist/tex/latex/base/atveryend-ltx.sty
Package: atveryend-ltx 2020/08/19 v1.0a Emulation of the original atveryend pac
kage
with kernel methods
)
\Fld@listcount=\count293
\c@bookmark@seq@number=\count294

(/usr/share/texmf-dist/tex/latex/rerunfilecheck/rerunfilecheck.sty
Package: rerunfilecheck 2019/12/05 v1.9 Rerun checks for auxiliary files (HO)

(/usr/share/texmf-dist/tex/generic/uniquecounter/uniquecounter.sty
Package: uniquecounter 2019/12/15 v1.4 Provide unlimited unique counter (HO)
)
Package uniquecounter Info: New unique counter `rerunfilecheck' on input line 2
86.
)
\Hy@SectionHShift=\skip52
)
(/usr/share/texmf-dist/tex/latex/siunitx/siunitx.sty
Package: siunitx 2022-04-04 v3.0.50 A comprehensive (SI) units package
\l__siunitx_angle_tmp_dim=\dimen165
\l__siunitx_angle_marker_box=\box54
\l__siunitx_angle_unit_box=\box55
\l__siunitx_compound_count_int=\count295

(/usr/share/texmf-dist/tex/latex/translations/translations.sty
Package: translations 2022/02/05 v1.12 internationalization of LaTeX2e packages
 (CN)

(/usr/share/texmf-dist/tex/latex/etoolbox/etoolbox.sty
Package: etoolbox 2020/10/05 v2.5k e-TeX tools for LaTeX (JAW)
\etb@tempcnta=\count296
))
\l__siunitx_number_exponent_fixed_int=\count297
\l__siunitx_number_min_decimal_int=\count298
\l__siunitx_number_min_integer_int=\count299
\l__siunitx_number_round_precision_int=\count300
\l__siunitx_number_group_minimum_int=\count301
\l__siunitx_table_tmp_box=\box56
\l__siunitx_table_tmp_dim=\dimen166
\l__siunitx_table_column_width_dim=\dimen167
\l__siunitx_table_integer_box=\box57
\l__siunitx_table_decimal_box=\box58
\l__siunitx_table_before_box=\box59
\l__siunitx_table_after_box=\box60
\l__siunitx_table_before_dim=\dimen168
\l__siunitx_table_carry_dim=\dimen169
\l__siunitx_unit_tmp_int=\count302
\l__siunitx_unit_position_int=\count303
\l__siunitx_unit_total_int=\count304

(/usr/share/texmf-dist/tex/latex/l3packages/l3keys2e/l3keys2e.sty
(/usr/share/texmf-dist/tex/latex/l3kernel/expl3.sty
Package: expl3 2022-04-10 L3 programming layer (loader) 

(/usr/share/texmf-dist/tex/latex/l3backend/l3backend-pdftex.def
File: l3backend-pdftex.def 2022-04-14 L3 backend support: PDF output (pdfTeX)
\l__color_backend_stack_int=\count305
\l__pdf_internal_box=\box61
))
Package: l3keys2e 2022-01-12 LaTeX2e option processing using LaTeX3 keys
)
(/usr/share/texmf-dist/tex/latex/tools/array.sty
Package: array 2021/10/04 v2.5f Tabular extension package (FMi)
\col@sep=\dimen170
\ar@mcellbox=\box62
\extrarowheight=\dimen171
\NC@list=\toks26
\extratabsurround=\skip53
\backup@length=\skip54
\ar@cellbox=\box63
))
(/usr/share/texmf-dist/tex/latex/fancyhdr/fancyhdr.sty
Package: fancyhdr 2021/01/28 v4.0.1 Extensive control of page headers and foote
rs
\f@nch@headwidth=\skip55
\f@nch@O@elh=\skip56
\f@nch@O@erh=\skip57
\f@nch@O@olh=\skip58
\f@nch@O@orh=\skip59
\f@nch@O@elf=\skip60
\f@nch@O@erf=\skip61
\f@nch@O@olf=\skip62
\f@nch@O@orf=\skip63
)
(/usr/share/texmf-dist/tex/latex/base/textcomp.sty
Package: textcomp 2020/02/02 v2.0n Standard LaTeX package
)
(/usr/share/texmf-dist/tex/latex/makecell/makecell.sty
Package: makecell 2009/08/03 V0.1e Managing of Tab Column Heads and Cells
\rotheadsize=\dimen172
\c@nlinenum=\count306
\TeXr@lab=\toks27
)
(/usr/share/texmf-dist/tex/latex/caption/caption.sty
Package: caption 2022/03/01 v3.6b Customizing captions (AR)

(/usr/share/texmf-dist/tex/latex/caption/caption3.sty
Package: caption3 2022/03/17 v2.3b caption3 kernel (AR)
\caption@tempdima=\dimen173
\captionmargin=\dimen174
\caption@leftmargin=\dimen175
\caption@rightmargin=\dimen176
\caption@width=\dimen177
\caption@indent=\dimen178
\caption@parindent=\dimen179
\caption@hangindent=\dimen180
Package caption Info: Standard document class detected.
)
\c@caption@flags=\count307
\c@continuedfloat=\count308
Package caption Info: hyperref package is loaded.
Package caption Info: listings package is loaded.
)
(/usr/share/texmf-dist/tex/latex/pdfpages/pdfpages.sty
Package: pdfpages 2022/01/29 v0.5u Insert pages of external PDF documents (AM)

(/usr/share/texmf-dist/tex/latex/base/ifthen.sty
Package: ifthen 2020/11/24 v1.1c Standard LaTeX ifthen package (DPC)
)
(/usr/share/texmf-dist/tex/latex/tools/calc.sty
Package: calc 2017/05/25 v4.3 Infix arithmetic (KKT,FJ)
\calc@Acount=\count309
\calc@Bcount=\count310
\calc@Adimen=\dimen181
\calc@Bdimen=\dimen182
\calc@Askip=\skip64
\calc@Bskip=\skip65
LaTeX Info: Redefining \setlength on input line 80.
LaTeX Info: Redefining \addtolength on input line 81.
\calc@Ccount=\count311
\calc@Cskip=\skip66
)
(/usr/share/texmf-dist/tex/latex/eso-pic/eso-pic.sty
Package: eso-pic 2020/10/14 v3.0a eso-pic (RN)
\ESO@tempdima=\dimen183
\ESO@tempdimb=\dimen184

(/usr/share/texmf-dist/tex/latex/xcolor/xcolor.sty
Package: xcolor 2021/10/31 v2.13 LaTeX color extensions (UK)

(/usr/share/texmf-dist/tex/latex/graphics-cfg/color.cfg
File: color.cfg 2016/01/02 v1.6 sample color configuration
)
Package xcolor Info: Driver file: pdftex.def on input line 227.

(/usr/share/texmf-dist/tex/latex/graphics-def/pdftex.def
File: pdftex.def 2020/10/05 v1.2a Graphics/color driver for pdftex
)
Package xcolor Info: Model `cmy' substituted by `cmy0' on input line 1352.
Package xcolor Info: Model `hsb' substituted by `rgb' on input line 1356.
Package xcolor Info: Model `RGB' extended on input line 1368.
Package xcolor Info: Model `HTML' substituted by `rgb' on input line 1370.
Package xcolor Info: Model `Hsb' substituted by `hsb' on input line 1371.
Package xcolor Info: Model `tHsb' substituted by `hsb' on input line 1372.
Package xcolor Info: Model `HSB' substituted by `hsb' on input line 1373.
Package xcolor Info: Model `Gray' substituted by `gray' on input line 1374.
Package xcolor Info: Model `wave' substituted by `hsb' on input line 1375.
))
(/usr/share/texmf-dist/tex/latex/graphics/graphicx.sty
Package: graphicx 2021/09/16 v1.2d Enhanced LaTeX Graphics (DPC,SPQR)

(/usr/share/texmf-dist/tex/latex/graphics/graphics.sty
Package: graphics 2021/03/04 v1.4d Standard LaTeX Graphics (DPC,SPQR)

(/usr/share/texmf-dist/tex/latex/graphics/trig.sty
Package: trig 2021/08/11 v1.11 sin cos tan (DPC)
)
(/usr/share/texmf-dist/tex/latex/graphics-cfg/graphics.cfg
File: graphics.cfg 2016/06/04 v1.11 sample graphics configuration
)
Package graphics Info: Driver file: pdftex.def on input line 107.
)
\Gin@req@height=\dimen185
\Gin@req@width=\dimen186
)
\AM@pagewidth=\dimen187
\AM@pageheight=\dimen188
\AM@fboxrule=\dimen189

(/usr/share/texmf-dist/tex/latex/pdfpages/pppdftex.def
File: pppdftex.def 2022/01/29 v0.5u Pdfpages driver for pdfTeX (AM)
)
\pdfpages@includegraphics@status=\count312
\AM@pagebox=\box64
\AM@global@opts=\toks28
\AM@pagecnt=\count313
\AM@toc@title=\toks29
\c@AM@survey=\count314
\AM@templatesizebox=\box65
)
(/usr/share/texmf-dist/tex/latex/tools/multicol.sty
Package: multicol 2021/10/28 v1.9b multicolumn formatting (FMi)
\c@tracingmulticols=\count315
\mult@box=\box66
\multicol@leftmargin=\dimen190
\c@unbalance=\count316
\c@collectmore=\count317
\doublecol@number=\count318
\multicoltolerance=\count319
\multicolpretolerance=\count320
\full@width=\dimen191
\page@free=\dimen192
\premulticols=\dimen193
\postmulticols=\dimen194
\multicolsep=\skip67
\multicolbaselineskip=\skip68
\partial@page=\box67
\last@line=\box68
\maxbalancingoverflow=\dimen195
\mult@rightbox=\box69
\mult@grightbox=\box70
\mult@firstbox=\box71
\mult@gfirstbox=\box72
\@tempa=\box73
\@tempa=\box74
\@tempa=\box75
\@tempa=\box76
\@tempa=\box77
\@tempa=\box78
\@tempa=\box79
\@tempa=\box80
\@tempa=\box81
\@tempa=\box82
\@tempa=\box83
\@tempa=\box84
\@tempa=\box85
\@tempa=\box86
\@tempa=\box87
\@tempa=\box88
\@tempa=\box89
\@tempa=\box90
\@tempa=\box91
\@tempa=\box92
\@tempa=\box93
\@tempa=\box94
\@tempa=\box95
\@tempa=\box96
\@tempa=\box97
\@tempa=\box98
\@tempa=\box99
\@tempa=\box100
\@tempa=\box101
\@tempa=\box102
\@tempa=\box103
\@tempa=\box104
\@tempa=\box105
\@tempa=\box106
\@tempa=\box107
\@tempa=\box108
\c@minrows=\count321
\c@columnbadness=\count322
\c@finalcolumnbadness=\count323
\last@try=\dimen196
\multicolovershoot=\dimen197
\multicolundershoot=\dimen198
\mult@nat@firstbox=\box109
\colbreak@box=\box110
\mc@col@check@num=\count324
)
(/usr/share/texmf-dist/tex/latex/algorithm2e/algorithm2e.sty
Package: algorithm2e 2017/07/18 v5.2 algorithms environments
\c@AlgoLine=\count325
\algocf@hangindent=\skip69

(/usr/share/texmf-dist/tex/latex/ifoddpage/ifoddpage.sty
Package: ifoddpage 2016/04/23 v1.1 Conditionals for odd/even page detection
\c@checkoddpage=\count326
)
(/usr/share/texmf-dist/tex/latex/tools/xspace.sty
Package: xspace 2014/10/28 v1.13 Space after command names (DPC,MH)
)
(/usr/share/texmf-dist/tex/latex/relsize/relsize.sty
Package: relsize 2013/03/29 ver 4.1
)
\skiptotal=\skip70
\skiplinenumber=\skip71
\skiprule=\skip72
\skiphlne=\skip73
\skiptext=\skip74
\skiplength=\skip75
\algomargin=\skip76
\skipalgocfslide=\skip77
\algowidth=\dimen199
\inoutsize=\dimen256
\inoutindent=\dimen257
\interspacetitleruled=\dimen258
\interspacealgoruled=\dimen259
\interspacetitleboxruled=\dimen260
\algocf@ruledwidth=\skip78
\algocf@inoutbox=\box111
\algocf@inputbox=\box112
\AlCapSkip=\skip79
\AlCapHSkip=\skip80
\algoskipindent=\skip81
\algocf@nlbox=\box113
\algocf@hangingbox=\box114
\algocf@untilbox=\box115
\algocf@skipuntil=\skip82
\algocf@capbox=\box116
\algocf@lcaptionbox=\skip83
\algoheightruledefault=\skip84
\algoheightrule=\skip85
\algotitleheightruledefault=\skip86
\algotitleheightrule=\skip87
\c@algocfline=\count327
\c@algocfproc=\count328
\c@algocf=\count329
\algocf@algoframe=\box117
\algocf@algobox=\box118
)
(/usr/share/texmf-dist/tex/generic/soul/soul.sty
Package: soul 2003/11/17 v2.4 letterspacing/underlining (mf)
\SOUL@word=\toks30
\SOUL@lasttoken=\toks31
\SOUL@cmds=\toks32
\SOUL@buffer=\toks33
\SOUL@token=\toks34
\SOUL@spaceskip=\skip88
\SOUL@ttwidth=\dimen261
\SOUL@uldp=\dimen262
\SOUL@ulht=\dimen263
)
(/usr/share/texmf-dist/tex/latex/mhchem/mhchem.sty
Package: mhchem 2021/12/31 v4.09 for typesetting chemical formulae

(/usr/share/texmf-dist/tex/latex/chemgreek/chemgreek.sty
(/usr/share/texmf-dist/tex/latex/l3packages/xparse/xparse.sty
Package: xparse 2022-01-12 L3 Experimental document command parser
)
Package: chemgreek 2020/01/16 v1.1a interface for upright Greek letters for use
 in chemistry (CN)
\l__chemgreek_tmpa_int=\count330
\g__chemgreek_tmpa_int=\count331
)
\l__mhchem_ce_distanceFromLastComma_int=\count332
\__mhchem_arrow_extPgfLength_skip=\skip89
\mhchem@minispace@tmp=\skip90
\mhchem@minibackspace@tmp=\skip91
\mhchem@bondwidth=\skip92
\mhchem@bondheight=\skip93
\mhchem@smallbondwidth@tmpA=\skip94
\mhchem@smallbondwidth@tmpB=\skip95
\mhchem@smallbondwidth=\skip96
\mhchem@bondtmp@minussidebearingleft=\skip97
\mhchem@bondtmp@minussidebearingright=\skip98
\l__mhchem_option_version_int=\count333
\mhchem@option@minusmathsidebearingleft=\dimen264
\mhchem@option@minusmathsidebearingright=\dimen265
\mhchem@option@minustextsidebearingleft=\dimen266
\mhchem@option@minustextsidebearingright=\dimen267


Package mhchem Warning: You did not specify a 'version' option for the mhchem
(mhchem)                package. Please write \usepackage[version=4]{mhchem}
(mhchem)                in your preamble (or any lower number for
(mhchem)                compatibility mode), because you might get slightly
(mhchem)                different output with the same input in future versions
.

) (/usr/share/texmf-dist/tex/latex/appendix/appendix.sty
Package: appendix 2020/02/08 v1.2c extra appendix facilities
\c@@pps=\count334
\c@@ppsavesec=\count335
\c@@ppsaveapp=\count336
)
(/usr/share/texmf-dist/tex/latex/float/float.sty
Package: float 2001/11/08 v1.3d Float enhancements (AL)
\c@float@type=\count337
\float@exts=\toks35
\float@box=\box119
\@float@everytoks=\toks36
\@floatcapt=\box120
)
(/usr/share/texmf-dist/tex/latex/wrapfig/wrapfig.sty
\wrapoverhang=\dimen268
\WF@size=\dimen269
\c@WF@wrappedlines=\count338
\WF@box=\box121
\WF@everypar=\toks37
Package: wrapfig 2003/01/31  v 3.6
)
(/usr/share/texmf-dist/tex/latex/braket/braket.sty)
(/usr/share/texmf-dist/tex/latex/mathtools/mathtools.sty
Package: mathtools 2022/02/07 v1.28a mathematical typesetting tools

(/usr/share/texmf-dist/tex/latex/mathtools/mhsetup.sty
Package: mhsetup 2021/03/18 v1.4 programming setup (MH)
)
\g_MT_multlinerow_int=\count339
\l_MT_multwidth_dim=\dimen270
\origjot=\skip99
\l_MT_shortvdotswithinadjustabove_dim=\dimen271
\l_MT_shortvdotswithinadjustbelow_dim=\dimen272
\l_MT_above_intertext_sep=\dimen273
\l_MT_below_intertext_sep=\dimen274
\l_MT_above_shortintertext_sep=\dimen275
\l_MT_below_shortintertext_sep=\dimen276
\xmathstrut@box=\box122
\xmathstrut@dim=\dimen277
)
(/usr/share/texmf-dist/tex/latex/physics/physics.sty
Package: physics 
)
(/usr/share/texmf-dist/tex/latex/adjustbox/adjustbox.sty
Package: adjustbox 2020/08/19 v1.3 Adjusting TeX boxes (trim, clip, ...)

(/usr/share/texmf-dist/tex/latex/xkeyval/xkeyval.sty
Package: xkeyval 2020/11/20 v2.8 package option processing (HA)

(/usr/share/texmf-dist/tex/generic/xkeyval/xkeyval.tex
(/usr/share/texmf-dist/tex/generic/xkeyval/xkvutils.tex
\XKV@toks=\toks38
\XKV@tempa@toks=\toks39
)
\XKV@depth=\count340
File: xkeyval.tex 2014/12/03 v2.7a key=value parser (HA)
))
(/usr/share/texmf-dist/tex/latex/adjustbox/adjcalc.sty
Package: adjcalc 2012/05/16 v1.1 Provides advanced setlength with multiple back
-ends (calc, etex, pgfmath)
)
(/usr/share/texmf-dist/tex/latex/adjustbox/trimclip.sty
Package: trimclip 2020/08/19 v1.2 Trim and clip general TeX material

(/usr/share/texmf-dist/tex/latex/collectbox/collectbox.sty
Package: collectbox 2012/05/17 v0.4b Collect macro arguments as boxes
\collectedbox=\box123
)
\tc@llx=\dimen278
\tc@lly=\dimen279
\tc@urx=\dimen280
\tc@ury=\dimen281
Package trimclip Info: Using driver 'tc-pdftex.def'.

(/usr/share/texmf-dist/tex/latex/adjustbox/tc-pdftex.def
File: tc-pdftex.def 2019/01/04 v2.2 Clipping driver for pdftex
))
\adjbox@Width=\dimen282
\adjbox@Height=\dimen283
\adjbox@Depth=\dimen284
\adjbox@Totalheight=\dimen285
\adjbox@pwidth=\dimen286
\adjbox@pheight=\dimen287
\adjbox@pdepth=\dimen288
\adjbox@ptotalheight=\dimen289

(/usr/share/texmf-dist/tex/latex/varwidth/varwidth.sty
Package: varwidth 2009/03/30 ver 0.92;  Variable-width minipages
\@vwid@box=\box124
\sift@deathcycles=\count341
\@vwid@loff=\dimen290
\@vwid@roff=\dimen291
)))
(./build/principal.aux

LaTeX Warning: Label `fig:comp' multiply defined.

)
\openout1 = `principal.aux'.

LaTeX Font Info:    Checking defaults for OML/cmm/m/it on input line 12.
LaTeX Font Info:    ... okay on input line 12.
LaTeX Font Info:    Checking defaults for OMS/cmsy/m/n on input line 12.
LaTeX Font Info:    ... okay on input line 12.
LaTeX Font Info:    Checking defaults for OT1/cmr/m/n on input line 12.
LaTeX Font Info:    ... okay on input line 12.
LaTeX Font Info:    Checking defaults for T1/cmr/m/n on input line 12.
LaTeX Font Info:    ... okay on input line 12.
LaTeX Font Info:    Checking defaults for TS1/cmr/m/n on input line 12.
LaTeX Font Info:    ... okay on input line 12.
LaTeX Font Info:    Checking defaults for OMX/cmex/m/n on input line 12.
LaTeX Font Info:    ... okay on input line 12.
LaTeX Font Info:    Checking defaults for U/cmr/m/n on input line 12.
LaTeX Font Info:    ... okay on input line 12.
LaTeX Font Info:    Checking defaults for PD1/pdf/m/n on input line 12.
LaTeX Font Info:    ... okay on input line 12.
LaTeX Font Info:    Checking defaults for PU/pdf/m/n on input line 12.
LaTeX Font Info:    ... okay on input line 12.

*geometry* driver: auto-detecting
*geometry* detected driver: pdftex
*geometry* verbose mode - [ preamble ] result:
* driver: pdftex
* paper: a4paper
* layout: <same size as paper>
* layoutoffset:(h,v)=(0.0pt,0.0pt)
* modes: 
* h-part:(L,W,R)=(81.94394pt, 433.62pt, 81.94394pt)
* v-part:(T,H,B)=(106.75473pt, 578.15999pt, 160.13213pt)
* \paperwidth=597.50787pt
* \paperheight=845.04684pt
* \textwidth=433.62pt
* \textheight=578.15999pt
* \oddsidemargin=9.67395pt
* \evensidemargin=9.67395pt
* \topmargin=4.41725pt
* \headheight=12.0pt
* \headsep=18.06749pt
* \topskip=10.0pt
* \footskip=25.29494pt
* \marginparwidth=69.0pt
* \marginparsep=7.0pt
* \columnsep=10.0pt
* \skip\footins=9.0pt plus 4.0pt minus 2.0pt
* \hoffset=0.0pt
* \voffset=0.0pt
* \mag=1000
* \@twocolumnfalse
* \@twosidefalse
* \@mparswitchfalse
* \@reversemarginfalse
* (1in=72.27pt=25.4mm, 1cm=28.453pt)

\c@lstlisting=\count342
Package hyperref Info: Link coloring OFF on input line 12.
(/usr/share/texmf-dist/tex/latex/hyperref/nameref.sty
Package: nameref 2021-04-02 v2.47 Cross-referencing by name of section

(/usr/share/texmf-dist/tex/latex/refcount/refcount.sty
Package: refcount 2019/12/15 v3.6 Data extraction from label references (HO)
)
(/usr/share/texmf-dist/tex/generic/gettitlestring/gettitlestring.sty
Package: gettitlestring 2019/12/15 v1.6 Cleanup title references (HO)
)
\c@section@level=\count343
)
LaTeX Info: Redefining \ref on input line 12.
LaTeX Info: Redefining \pageref on input line 12.
LaTeX Info: Redefining \nameref on input line 12.

(./build/principal.out) (./build/principal.out)
\@outlinefile=\write3
\openout3 = `principal.out'.


(/usr/share/texmf-dist/tex/latex/translations/translations-basic-dictionary-eng
lish.trsl
File: translations-basic-dictionary-english.trsl (english translation file `tra
nslations-basic-dictionary')
)
Package translations Info: loading dictionary `translations-basic-dictionary' f
or `english'. on input line 12.
Package caption Info: Begin \AtBeginDocument code.
Package caption Info: float package is loaded.
Package caption Info: wrapfig package is loaded.
Package caption Info: End \AtBeginDocument code.
 (/usr/share/texmf-dist/tex/context/base/mkii/supp-pdf.mkii
[Loading MPS to PDF converter (version 2006.09.02).]
\scratchcounter=\count344
\scratchdimen=\dimen292
\scratchbox=\box125
\nofMPsegments=\count345
\nofMParguments=\count346
\everyMPshowfont=\toks40
\MPscratchCnt=\count347
\MPscratchDim=\dimen293
\MPnumerator=\count348
\makeMPintoPDFobject=\count349
\everyMPtoPDFconversion=\toks41
) (/usr/share/texmf-dist/tex/latex/epstopdf-pkg/epstopdf-base.sty
Package: epstopdf-base 2020-01-24 v2.11 Base part for package epstopdf
Package epstopdf-base Info: Redefining graphics rule for `.eps' on input line 4
85.

(/usr/share/texmf-dist/tex/latex/latexconfig/epstopdf-sys.cfg
File: epstopdf-sys.cfg 2010/07/13 v1.3 Configuration of (r)epstopdf for TeX Liv
e
))
(/usr/share/texmf-dist/tex/latex/pdflscape/pdflscape.sty
Package: pdflscape 2019/12/05 v0.12 Display of landscape pages in PDF (HO)

(/usr/share/texmf-dist/tex/latex/graphics/lscape.sty
Package: lscape 2020/05/28 v3.02 Landscape Pages (DPC)
)
Package pdflscape Info: Auto-detected driver: pdftex on input line 81.
)

Package chemgreek Info: Activating mapping `default' on line 12.

LaTeX Font Info:    Trying to load font information for U+msa on input line 14.


(/usr/share/texmf-dist/tex/latex/amsfonts/umsa.fd
File: umsa.fd 2013/01/14 v3.01 AMS symbols A
)
LaTeX Font Info:    Trying to load font information for U+msb on input line 14.


(/usr/share/texmf-dist/tex/latex/amsfonts/umsb.fd
File: umsb.fd 2013/01/14 v3.01 AMS symbols B
) [1


{/var/lib/texmf/fonts/map/pdftex/updmap/pdftex.map}] (./build/principal.toc
pdfTeX warning (ext4): destination with the same identifier (name{page.1}) has 
been already used, duplicate ignored
<to be read again> 
                   \relax 
l.41 ... probabilistic test}{26}{subsection.3.2.1}
                                                  % [1

] [2] [3] [4])
\tf@toc=\write4
\openout4 = `principal.toc'.

 [5]
[6

] (./chapters/notes/01_introduction.tex
Chapter 1.
[7

]
<chapters/01//relevance.png, id=936, 794.97pt x 738.76pt>
File: chapters/01//relevance.png Graphic file (type png)
<use chapters/01//relevance.png>
Package pdftex.def Info: chapters/01//relevance.png  used on input line 47.
(pdftex.def)             Requested size: 216.81pt x 201.47437pt.
<chapters/01//ADME.png, id=939, 688.5725pt x 289.08pt>
File: chapters/01//ADME.png Graphic file (type png)
<use chapters/01//ADME.png>
Package pdftex.def Info: chapters/01//ADME.png  used on input line 72.
(pdftex.def)             Requested size: 216.81pt x 91.02098pt.
 [8] [9 <./chapters/01//relevance.png> <./chapters/01//ADME.png>]

LaTeX Warning: Reference `ch:meyerson' on page 10 undefined on input line 132.


Underfull \hbox (badness 10000) in paragraph at lines 132--138

 []

[10]
<chapters/01//igv.png, id=979, 1500.60625pt x 823.075pt>
File: chapters/01//igv.png Graphic file (type png)
<use chapters/01//igv.png>
Package pdftex.def Info: chapters/01//igv.png  used on input line 150.
(pdftex.def)             Requested size: 303.53267pt x 166.48338pt.
) (./chapters/notes/02_boh.tex [11 <./chapters/01//igv.png>]
Chapter 2.
<chapters/02//seq_phys.png, id=990, 861.2175pt x 409.53pt>
File: chapters/02//seq_phys.png Graphic file (type png)
<use chapters/02//seq_phys.png>
Package pdftex.def Info: chapters/02//seq_phys.png  used on input line 23.
(pdftex.def)             Requested size: 216.81pt x 103.09462pt.
[12

]
<chapters/02//local_coverage.png, id=1002, 1309.89375pt x 355.3275pt>
File: chapters/02//local_coverage.png Graphic file (type png)
<use chapters/02//local_coverage.png>
Package pdftex.def Info: chapters/02//local_coverage.png  used on input line 48
.
(pdftex.def)             Requested size: 216.81pt x 58.81084pt.
 [13 <./chapters/02//seq_phys.png>]
<chapters/02//local_coverage1.png, id=1014, 1307.88625pt x 252.945pt>
File: chapters/02//local_coverage1.png Graphic file (type png)
<use chapters/02//local_coverage1.png>
Package pdftex.def Info: chapters/02//local_coverage1.png  used on input line 5
9.
(pdftex.def)             Requested size: 216.81pt x 41.93095pt.

Underfull \hbox (badness 10000) in paragraph at lines 64--65

 []

<chapters/02//local_coverage2.png, id=1016, 1300.86pt x 321.2pt>
File: chapters/02//local_coverage2.png Graphic file (type png)
<use chapters/02//local_coverage2.png>
Package pdftex.def Info: chapters/02//local_coverage2.png  used on input line 6
8.
(pdftex.def)             Requested size: 216.81pt x 53.52992pt.
[14 <./chapters/02//local_coverage.png> <./chapters/02//local_coverage1.png> <.
/chapters/02//local_coverage2.png>]
<chapters/02//inversion.png, id=1029, 934.49126pt x 417.56pt>
File: chapters/02//inversion.png Graphic file (type png)
<use chapters/02//inversion.png>
Package pdftex.def Info: chapters/02//inversion.png  used on input line 113.
(pdftex.def)             Requested size: 216.81pt x 96.87779pt.

Underfull \hbox (badness 10000) in paragraph at lines 120--123

 []

[15 <./chapters/02//inversion.png>]
<chapters/02//tandem.png, id=1037, 927.465pt x 416.55624pt>
File: chapters/02//tandem.png Graphic file (type png)
<use chapters/02//tandem.png>
Package pdftex.def Info: chapters/02//tandem.png  used on input line 126.
(pdftex.def)             Requested size: 216.81pt x 97.37587pt.
<chapters/02//inverted.png, id=1039, 972.63374pt x 470.75874pt>
File: chapters/02//inverted.png Graphic file (type png)
<use chapters/02//inverted.png>
Package pdftex.def Info: chapters/02//inverted.png  used on input line 138.
(pdftex.def)             Requested size: 216.81pt x 104.93205pt.
 [16 <./chapters/02//tandem.png> <./chapters/02//inverted.png>]) (./chapters/no
tes/03_fingerprinting.tex [17]
Chapter 3.

Package hyperref Warning: Difference (2) between bookmark levels is greater 
(hyperref)                than one, level fixed on input line 16.

[18

]
LaTeX Font Info:    Trying to load font information for T1+cmtt on input line 4
7.
 (/usr/share/texmf-dist/tex/latex/base/t1cmtt.fd
File: t1cmtt.fd 2019/12/16 v2.5j Standard LaTeX font definitions
)
Underfull \hbox (badness 10000) in paragraph at lines 55--56

 []


Underfull \hbox (badness 10000) in paragraph at lines 57--59

 []

[19]
<chapters/03//linkage.png, id=1066, 728.7225pt x 460.72125pt>
File: chapters/03//linkage.png Graphic file (type png)
<use chapters/03//linkage.png>
Package pdftex.def Info: chapters/03//linkage.png  used on input line 65.
(pdftex.def)             Requested size: 303.53267pt x 191.89876pt.
 [20 <./chapters/03//linkage.png>]
<chapters/03//SNP.PNG, id=1074, 890.32625pt x 610.28pt>
File: chapters/03//SNP.PNG Graphic file (type png)
<use chapters/03//SNP.PNG>
Package pdftex.def Info: chapters/03//SNP.PNG  used on input line 100.
(pdftex.def)             Requested size: 303.53267pt x 208.06049pt.
 [21 <./chapters/03/SNP.png>] [22]
<chapters/03//loci.PNG, id=1092, 939.51pt x 478.78876pt>
File: chapters/03//loci.PNG Graphic file (type png)
<use chapters/03//loci.PNG>
Package pdftex.def Info: chapters/03//loci.PNG  used on input line 154.
(pdftex.def)             Requested size: 303.53267pt x 154.68398pt.
<chapters/03//loci2.PNG, id=1093, 954.56625pt x 604.2575pt>
File: chapters/03//loci2.PNG Graphic file (type png)
<use chapters/03//loci2.PNG>
Package pdftex.def Info: chapters/03//loci2.PNG  used on input line 162.
(pdftex.def)             Requested size: 303.53267pt x 192.14006pt.

[23 <./chapters/03/loci.png> <./chapters/03/loci2.png>]
<chapters/03//loci3.PNG, id=1102, 863.225pt x 541.02126pt>
File: chapters/03//loci3.PNG Graphic file (type png)
<use chapters/03//loci3.PNG>
Package pdftex.def Info: chapters/03//loci3.PNG  used on input line 178.
(pdftex.def)             Requested size: 303.53267pt x 190.23534pt.
 [24 <./chapters/03/loci3.png>]
<chapters/03//selected.PNG, id=1112, 1006.76125pt x 789.95125pt>
File: chapters/03//selected.PNG Graphic file (type png)
<use chapters/03//selected.PNG>
Package pdftex.def Info: chapters/03//selected.PNG  used on input line 208.
(pdftex.def)             Requested size: 303.53267pt x 238.1564pt.
 [25 <./chapters/03/selected.png>]
<chapters/03//double_test.PNG, id=1120, 954.56625pt x 483.8075pt>
File: chapters/03//double_test.PNG Graphic file (type png)
<use chapters/03//double_test.PNG>
Package pdftex.def Info: chapters/03//double_test.PNG  used on input line 258.
(pdftex.def)             Requested size: 303.53267pt x 153.8397pt.
 [26] [27 <./chapters/03/double_test.png>]
<chapters/03//50k.png, id=1139, 1050.92625pt x 601.24625pt>
File: chapters/03//50k.png Graphic file (type png)
<use chapters/03//50k.png>
Package pdftex.def Info: chapters/03//50k.png  used on input line 307.
(pdftex.def)             Requested size: 216.81pt x 124.03609pt.
<chapters/03//54_snps.PNG, id=1140, 1014.79124pt x 625.33624pt>
File: chapters/03//54_snps.PNG Graphic file (type png)
<use chapters/03//54_snps.PNG>
Package pdftex.def Info: chapters/03//54_snps.PNG  used on input line 307.
(pdftex.def)             Requested size: 216.81pt x 133.59544pt.

Overfull \hbox (9.99756pt too wide) in paragraph at lines 307--308
[][] [] 
 []

<chapters/03//relatedness.PNG, id=1141, 701.62125pt x 583.17876pt>
File: chapters/03//relatedness.PNG Graphic file (type png)
<use chapters/03//relatedness.PNG>
Package pdftex.def Info: chapters/03//relatedness.PNG  used on input line 320.
(pdftex.def)             Requested size: 303.53267pt x 252.30144pt.
[28 <./chapters/03//50k.png> <./chapters/03/54_snps.png>] [29 <./chapters/03/re
latedness.png>]
<chapters/03//population.PNG, id=1156, 1012.78375pt x 784.9325pt>
File: chapters/03//population.PNG Graphic file (type png)
<use chapters/03//population.PNG>
Package pdftex.def Info: chapters/03//population.PNG  used on input line 364.
(pdftex.def)             Requested size: 303.53267pt x 235.24202pt.
 [30]
<chapters/03//swiss.PNG, id=1163, 754.82pt x 770.88pt>
File: chapters/03//swiss.PNG Graphic file (type png)
<use chapters/03//swiss.PNG>
Package pdftex.def Info: chapters/03//swiss.PNG  used on input line 374.
(pdftex.def)             Requested size: 303.53267pt x 309.98155pt.
 [31 <./chapters/03/population.png>])
(./chapters/notes/IGV.tex [32 <./chapters/03/swiss.png>]
Chapter 4.
<chapters/IGVImages//usagesIGV.PNG, id=1177, 700.11563pt x 397.485pt>
File: chapters/IGVImages//usagesIGV.PNG Graphic file (type png)
<use chapters/IGVImages//usagesIGV.PNG>
Package pdftex.def Info: chapters/IGVImages//usagesIGV.PNG  used on input line 
30.
(pdftex.def)             Requested size: 346.89731pt x 196.95279pt.
[33

]
Underfull \hbox (badness 10000) in paragraph at lines 34--39

 []


Underfull \hbox (badness 10000) in paragraph at lines 40--52

 []

<chapters/IGVImages//IGVview.PNG, id=1183, 355.82938pt x 245.41687pt>
File: chapters/IGVImages//IGVview.PNG Graphic file (type png)
<use chapters/IGVImages//IGVview.PNG>
Package pdftex.def Info: chapters/IGVImages//IGVview.PNG  used on input line 56
.
(pdftex.def)             Requested size: 433.62pt x 299.08234pt.
<chapters/IGVImages//TileView.PNG, id=1184, 412.03937pt x 340.27126pt>
File: chapters/IGVImages//TileView.PNG Graphic file (type png)
<use chapters/IGVImages//TileView.PNG>
Package pdftex.def Info: chapters/IGVImages//TileView.PNG  used on input line 6
2.
(pdftex.def)             Requested size: 433.62pt x 358.09494pt.
[34 <./chapters/IGVImages//usagesIGV.PNG>] [35 <./chapters/IGVImages//IGVview.P
NG>]
Underfull \hbox (badness 10000) in paragraph at lines 68--76

 []


Underfull \hbox (badness 10000) in paragraph at lines 77--82

 []


Underfull \hbox (badness 10000) in paragraph at lines 83--85

 []

[36 <./chapters/IGVImages//TileView.PNG>]
<chapters/IGVImages//IGVReadsView.PNG, id=1207, 722.19812pt x 376.40625pt>
File: chapters/IGVImages//IGVReadsView.PNG Graphic file (type png)
<use chapters/IGVImages//IGVReadsView.PNG>
Package pdftex.def Info: chapters/IGVImages//IGVReadsView.PNG  used on input li
ne 93.
(pdftex.def)             Requested size: 433.62pt x 226.00055pt.
<chapters/IGVImages//igvtools.PNG, id=1208, 446.16687pt x 188.705pt>
File: chapters/IGVImages//igvtools.PNG Graphic file (type png)
<use chapters/IGVImages//igvtools.PNG>
Package pdftex.def Info: chapters/IGVImages//igvtools.PNG  used on input line 1
06.
(pdftex.def)             Requested size: 303.53267pt x 128.37816pt.
<chapters/IGVImages//structureXMLfile.PNG, id=1209, 495.8525pt x 327.72438pt>
File: chapters/IGVImages//structureXMLfile.PNG Graphic file (type png)
<use chapters/IGVImages//structureXMLfile.PNG>
Package pdftex.def Info: chapters/IGVImages//structureXMLfile.PNG  used on inpu
t line 117.
(pdftex.def)             Requested size: 346.89731pt x 229.27548pt.
 [37 <./chapters/IGVImages//IGVReadsView.PNG> <./chapters/IGVImages//igvtools.P
NG>]
<chapters/IGVImages//RNAseqAlign.PNG, id=1219, 380.92313pt x 110.4125pt>
File: chapters/IGVImages//RNAseqAlign.PNG Graphic file (type png)
<use chapters/IGVImages//RNAseqAlign.PNG>
Package pdftex.def Info: chapters/IGVImages//RNAseqAlign.PNG  used on input lin
e 132.
(pdftex.def)             Requested size: 346.89731pt x 100.55301pt.
<chapters/IGVImages//sashamiplot.PNG, id=1220, 409.02812pt x 161.60374pt>
File: chapters/IGVImages//sashamiplot.PNG Graphic file (type png)
<use chapters/IGVImages//sashamiplot.PNG>
Package pdftex.def Info: chapters/IGVImages//sashamiplot.PNG  used on input lin
e 140.
(pdftex.def)             Requested size: 346.89731pt x 137.06299pt.
 [38 <./chapters/IGVImages//structureXMLfile.PNG> <./chapters/IGVImages//RNAseq
Align.PNG>]
<chapters/IGVImages//variantsView.PNG, id=1229, 728.22063pt x 274.52562pt>
File: chapters/IGVImages//variantsView.PNG Graphic file (type png)
<use chapters/IGVImages//variantsView.PNG>
Package pdftex.def Info: chapters/IGVImages//variantsView.PNG  used on input li
ne 148.
(pdftex.def)             Requested size: 390.25534pt x 147.11899pt.
<chapters/IGVImages//TasksClass.PNG, id=1230, 470.25688pt x 357.83687pt>
File: chapters/IGVImages//TasksClass.PNG Graphic file (type png)
<use chapters/IGVImages//TasksClass.PNG>
Package pdftex.def Info: chapters/IGVImages//TasksClass.PNG  used on input line
 165.
(pdftex.def)             Requested size: 346.89731pt x 263.97064pt.
 [39 <./chapters/IGVImages//sashamiplot.PNG> <./chapters/IGVImages//variantsVie
w.PNG>]
<chapters/IGVImages//pos1.PNG, id=1239, 533.49312pt x 235.37938pt>
File: chapters/IGVImages//pos1.PNG Graphic file (type png)
<use chapters/IGVImages//pos1.PNG>
Package pdftex.def Info: chapters/IGVImages//pos1.PNG  used on input line 177.
(pdftex.def)             Requested size: 346.89731pt x 153.05583pt.
<chapters/IGVImages//pos2.PNG, id=1240, 269.50688pt x 280.54813pt>
File: chapters/IGVImages//pos2.PNG Graphic file (type png)
<use chapters/IGVImages//pos2.PNG>
Package pdftex.def Info: chapters/IGVImages//pos2.PNG  used on input line 185.
(pdftex.def)             Requested size: 346.89731pt x 361.11662pt.
 [40 <./chapters/IGVImages//TasksClass.PNG> <./chapters/IGVImages//pos1.PNG>]
<chapters/IGVImages//cov3.PNG, id=1250, 404.51125pt x 40.15pt>
File: chapters/IGVImages//cov3.PNG Graphic file (type png)
<use chapters/IGVImages//cov3.PNG>
Package pdftex.def Info: chapters/IGVImages//cov3.PNG  used on input line 191.
(pdftex.def)             Requested size: 433.62pt x 43.0397pt.
<chapters/IGVImages//pos3.PNG, id=1251, 681.54625pt x 241.90375pt>
File: chapters/IGVImages//pos3.PNG Graphic file (type png)
<use chapters/IGVImages//pos3.PNG>
Package pdftex.def Info: chapters/IGVImages//pos3.PNG  used on input line 196.
(pdftex.def)             Requested size: 433.62pt x 153.90614pt.
 [41 <./chapters/IGVImages//pos2.PNG> <./chapters/IGVImages//cov3.PNG>]
<chapters/IGVImages//pos3passages.jpg, id=1261, 1473.505pt x 743.77875pt>
File: chapters/IGVImages//pos3passages.jpg Graphic file (type jpg)
<use chapters/IGVImages//pos3passages.jpg>
Package pdftex.def Info: chapters/IGVImages//pos3passages.jpg  used on input li
ne 201.
(pdftex.def)             Requested size: 433.62pt x 218.86807pt.
)
(./chapters/notes/04_tumor_evolution.tex [42 <./chapters/IGVImages//pos3.PNG> <
./chapters/IGVImages//pos3passages.jpg>]
Chapter 5.
<chapters/04//heterogeneity.png, id=1270, 487.8225pt x 211.79124pt>
File: chapters/04//heterogeneity.png Graphic file (type png)
<use chapters/04//heterogeneity.png>
Package pdftex.def Info: chapters/04//heterogeneity.png  used on input line 31.

(pdftex.def)             Requested size: 303.53267pt x 131.78104pt.
[43

]
<chapters/04//treatment.png, id=1275, 619.31375pt x 368.37625pt>
File: chapters/04//treatment.png Graphic file (type png)
<use chapters/04//treatment.png>
Package pdftex.def Info: chapters/04//treatment.png  used on input line 39.
(pdftex.def)             Requested size: 303.53267pt x 180.5509pt.
<chapters/04//branching.png, id=1276, 729.72626pt x 361.35pt>
File: chapters/04//branching.png Graphic file (type png)
<use chapters/04//branching.png>
Package pdftex.def Info: chapters/04//branching.png  used on input line 46.
(pdftex.def)             Requested size: 303.53267pt x 150.30482pt.

Underfull \hbox (badness 10000) in paragraph at lines 43--48

 []

[44 <./chapters/04//heterogeneity.png> <./chapters/04//treatment.png>]
Underfull \hbox (badness 10000) in paragraph at lines 50--51

 []

<chapters/04//response.png, id=1285, 509.905pt x 417.56pt>
File: chapters/04//response.png Graphic file (type png)
<use chapters/04//response.png>
Package pdftex.def Info: chapters/04//response.png  used on input line 57.
(pdftex.def)             Requested size: 303.53267pt x 248.57552pt.

Underfull \hbox (badness 10000) in paragraph at lines 62--64

 []

[45 <./chapters/04//branching.png> <./chapters/04//response.png>]
Underfull \hbox (badness 10000) in paragraph at lines 76--77

 []


Underfull \hbox (badness 10000) in paragraph at lines 95--96

 []

[46]
<chapters/04//af_properties.png, id=1299, 460.72125pt x 302.12875pt>
File: chapters/04//af_properties.png Graphic file (type png)
<use chapters/04//af_properties.png>
Package pdftex.def Info: chapters/04//af_properties.png  used on input line 108
.
(pdftex.def)             Requested size: 303.53267pt x 199.04599pt.
<chapters/04//a.png, id=1300, 1090.0725pt x 634.37pt>
File: chapters/04//a.png Graphic file (type png)
<use chapters/04//a.png>
Package pdftex.def Info: chapters/04//a.png  used on input line 116.
(pdftex.def)             Requested size: 346.89731pt x 201.87001pt.
<chapters/04//b.png, id=1301, 927.465pt x 439.6425pt>
File: chapters/04//b.png Graphic file (type png)
<use chapters/04//b.png>
Package pdftex.def Info: chapters/04//b.png  used on input line 117.
(pdftex.def)             Requested size: 346.89731pt x 164.43619pt.
 [47 <./chapters/04//af_properties.png>]

LaTeX Warning: Reference `fig:beta' on page 48 undefined on input line 129.

[48 <./chapters/04//a.png> <./chapters/04//b.png>]
<chapters/04//sample1.png, id=1319, 661.47125pt x 204.765pt>
File: chapters/04//sample1.png Graphic file (type png)
<use chapters/04//sample1.png>
Package pdftex.def Info: chapters/04//sample1.png  used on input line 159.
(pdftex.def)             Requested size: 303.53267pt x 93.9587pt.
<chapters/04//sample2.png, id=1321, 668.4975pt x 197.73875pt>
File: chapters/04//sample2.png Graphic file (type png)
<use chapters/04//sample2.png>
Package pdftex.def Info: chapters/04//sample2.png  used on input line 169.
(pdftex.def)             Requested size: 303.53267pt x 89.78722pt.
 [49 <./chapters/04//sample1.png>]
<chapters/04//adm.png, id=1330, 331.2375pt x 421.575pt>
File: chapters/04//adm.png Graphic file (type png)
<use chapters/04//adm.png>
Package pdftex.def Info: chapters/04//adm.png  used on input line 178.
(pdftex.def)             Requested size: 151.76633pt x 193.15492pt.
) (./chapters/notes/05_tumor_evolution2.tex
Underfull \hbox (badness 10000) in paragraph at lines 201--2

 []

[50 <./chapters/04//sample2.png> <./chapters/04//adm.png>] [51]
Chapter 6.
<chapters/TumorEvStudiesIIImages//image1.png, id=1345, 299.1175pt x 370.38374pt
>
File: chapters/TumorEvStudiesIIImages//image1.png Graphic file (type png)
<use chapters/TumorEvStudiesIIImages//image1.png>
Package pdftex.def Info: chapters/TumorEvStudiesIIImages//image1.png  used on i
nput line 22.
(pdftex.def)             Requested size: 171.79495pt x 212.74858pt.

Underfull \hbox (badness 10000) in paragraph at lines 22--24

 []

[52

 <./chapters/TumorEvStudiesIIImages//image1.png>]
<chapters/TumorEvStudiesIIImages//image2.png, id=1351, 523.9575pt x 400.49625pt
>
File: chapters/TumorEvStudiesIIImages//image2.png Graphic file (type png)
<use chapters/TumorEvStudiesIIImages//image2.png>
Package pdftex.def Info: chapters/TumorEvStudiesIIImages//image2.png  used on i
nput line 49.
(pdftex.def)             Requested size: 250.68126pt x 191.61879pt.

Underfull \hbox (badness 10000) in paragraph at lines 49--50

 []

<chapters/TumorEvStudiesIIImages//image3.png, id=1352, 522.95375pt x 401.5pt>
File: chapters/TumorEvStudiesIIImages//image3.png Graphic file (type png)
<use chapters/TumorEvStudiesIIImages//image3.png>
Package pdftex.def Info: chapters/TumorEvStudiesIIImages//image3.png  used on i
nput line 74.
(pdftex.def)             Requested size: 196.68968pt x 151.01547pt.

Underfull \hbox (badness 10000) in paragraph at lines 74--75

 []

[53 <./chapters/TumorEvStudiesIIImages//image2.png>]
<chapters/TumorEvStudiesIIImages//image4.png, id=1358, 328.22626pt x 227.85126p
t>
File: chapters/TumorEvStudiesIIImages//image4.png Graphic file (type png)
<use chapters/TumorEvStudiesIIImages//image4.png>
Package pdftex.def Info: chapters/TumorEvStudiesIIImages//image4.png  used on i
nput line 97.
(pdftex.def)             Requested size: 230.44295pt x 159.9711pt.

Underfull \hbox (badness 10000) in paragraph at lines 97--98

 []

[54 <./chapters/TumorEvStudiesIIImages//image3.png> <./chapters/TumorEvStudiesI
IImages//image4.png>]
<chapters/TumorEvStudiesIIImages//image5.png, id=1366, 216.81pt x 218.8175pt>
File: chapters/TumorEvStudiesIIImages//image5.png Graphic file (type png)
<use chapters/TumorEvStudiesIIImages//image5.png>
Package pdftex.def Info: chapters/TumorEvStudiesIIImages//image5.png  used on i
nput line 132.
(pdftex.def)             Requested size: 172.1514pt x 173.75206pt.

Underfull \hbox (badness 10000) in paragraph at lines 132--133

 []

<chapters/TumorEvStudiesIIImages//image6.png, id=1367, 364.36125pt x 240.9pt>
File: chapters/TumorEvStudiesIIImages//image6.png Graphic file (type png)
<use chapters/TumorEvStudiesIIImages//image6.png>
Package pdftex.def Info: chapters/TumorEvStudiesIIImages//image6.png  used on i
nput line 146.
(pdftex.def)             Requested size: 190.35849pt x 125.82008pt.

Underfull \hbox (badness 10000) in paragraph at lines 146--147

 []

[55 <./chapters/TumorEvStudiesIIImages//image5.png> <./chapters/TumorEvStudiesI
IImages//image6.png>]

Package hyperref Warning: Token not allowed in a PDF string (Unicode):
(hyperref)                removing `math shift' on input line 226.


Package hyperref Warning: Token not allowed in a PDF string (Unicode):
(hyperref)                removing `\log' on input line 226.


Package hyperref Warning: Token not allowed in a PDF string (Unicode):
(hyperref)                removing `subscript' on input line 226.


Package hyperref Warning: Token not allowed in a PDF string (Unicode):
(hyperref)                removing `\begingroup' on input line 226.


Package hyperref Warning: Token not allowed in a PDF string (Unicode):
(hyperref)                removing `\endgroup' on input line 226.


Package hyperref Warning: Token not allowed in a PDF string (Unicode):
(hyperref)                removing `\@@over' on input line 226.


Package hyperref Warning: Token not allowed in a PDF string (Unicode):
(hyperref)                removing `math shift' on input line 226.

[56]
<chapters/TumorEvStudiesIIImages//image7.png, id=1378, 286.06876pt x 408.52625p
t>
File: chapters/TumorEvStudiesIIImages//image7.png Graphic file (type png)
<use chapters/TumorEvStudiesIIImages//image7.png>
Package pdftex.def Info: chapters/TumorEvStudiesIIImages//image7.png  used on i
nput line 253.
(pdftex.def)             Requested size: 274.57922pt x 392.13712pt.

Underfull \hbox (badness 10000) in paragraph at lines 253--254

 []


Package fancyhdr Warning: \headheight is too small (12.0pt): 
(fancyhdr)                Make it at least 12.3207pt, for example:
(fancyhdr)                \setlength{\headheight}{12.3207pt}.
(fancyhdr)                You might also make \topmargin smaller to compensate:

(fancyhdr)                \addtolength{\topmargin}{-0.3207pt}.

[57]

Package fancyhdr Warning: \headheight is too small (12.0pt): 
(fancyhdr)                Make it at least 12.3207pt, for example:
(fancyhdr)                \setlength{\headheight}{12.3207pt}.
(fancyhdr)                You might also make \topmargin smaller to compensate:

(fancyhdr)                \addtolength{\topmargin}{-0.3207pt}.

[58 <./chapters/TumorEvStudiesIIImages//image7.png>]
<chapters/TumorEvStudiesIIImages//image8.png, id=1389, 316.18124pt x 420.57124p
t>
File: chapters/TumorEvStudiesIIImages//image8.png Graphic file (type png)
<use chapters/TumorEvStudiesIIImages//image8.png>
Package pdftex.def Info: chapters/TumorEvStudiesIIImages//image8.png  used on i
nput line 305.
(pdftex.def)             Requested size: 247.83133pt x 329.63576pt.

Underfull \hbox (badness 10000) in paragraph at lines 305--306

 []


Package fancyhdr Warning: \headheight is too small (12.0pt): 
(fancyhdr)                Make it at least 12.3207pt, for example:
(fancyhdr)                \setlength{\headheight}{12.3207pt}.
(fancyhdr)                You might also make \topmargin smaller to compensate:

(fancyhdr)                \addtolength{\topmargin}{-0.3207pt}.

[59 <./chapters/TumorEvStudiesIIImages//image8.png>]
<chapters/TumorEvStudiesIIImages//image9.png, id=1395, 266.9975pt x 327.2225pt>

File: chapters/TumorEvStudiesIIImages//image9.png Graphic file (type png)
<use chapters/TumorEvStudiesIIImages//image9.png>
Package pdftex.def Info: chapters/TumorEvStudiesIIImages//image9.png  used on i
nput line 348.
(pdftex.def)             Requested size: 234.43295pt x 287.32257pt.

Underfull \hbox (badness 10000) in paragraph at lines 348--349

 []


Package fancyhdr Warning: \headheight is too small (12.0pt): 
(fancyhdr)                Make it at least 12.3207pt, for example:
(fancyhdr)                \setlength{\headheight}{12.3207pt}.
(fancyhdr)                You might also make \topmargin smaller to compensate:

(fancyhdr)                \addtolength{\topmargin}{-0.3207pt}.

[60 <./chapters/TumorEvStudiesIIImages//image9.png>]
<chapters/TumorEvStudiesIIImages//image10.png, id=1402, 317.185pt x 326.21875pt
>
File: chapters/TumorEvStudiesIIImages//image10.png Graphic file (type png)
<use chapters/TumorEvStudiesIIImages//image10.png>
Package pdftex.def Info: chapters/TumorEvStudiesIIImages//image10.png  used on 
input line 389.
(pdftex.def)             Requested size: 264.50731pt x 272.04074pt.


Package fancyhdr Warning: \headheight is too small (12.0pt): 
(fancyhdr)                Make it at least 12.3207pt, for example:
(fancyhdr)                \setlength{\headheight}{12.3207pt}.
(fancyhdr)                You might also make \topmargin smaller to compensate:

(fancyhdr)                \addtolength{\topmargin}{-0.3207pt}.

[61 <./chapters/TumorEvStudiesIIImages//image10.png>]
<chapters/TumorEvStudiesIIImages//image11.png, id=1408, 402.50375pt x 561.09625
pt>
File: chapters/TumorEvStudiesIIImages//image11.png Graphic file (type png)
<use chapters/TumorEvStudiesIIImages//image11.png>
Package pdftex.def Info: chapters/TumorEvStudiesIIImages//image11.png  used on 
input line 417.
(pdftex.def)             Requested size: 225.94102pt x 315.02512pt.

Underfull \hbox (badness 10000) in paragraph at lines 417--418

 []


Package fancyhdr Warning: \headheight is too small (12.0pt): 
(fancyhdr)                Make it at least 12.3207pt, for example:
(fancyhdr)                \setlength{\headheight}{12.3207pt}.
(fancyhdr)                You might also make \topmargin smaller to compensate:

(fancyhdr)                \addtolength{\topmargin}{-0.3207pt}.

[62 <./chapters/TumorEvStudiesIIImages//image11.png>]
<chapters/TumorEvStudiesIIImages//image12.png, id=1418, 703.62875pt x 320.19624
pt>
File: chapters/TumorEvStudiesIIImages//image12.png Graphic file (type png)
<use chapters/TumorEvStudiesIIImages//image12.png>
Package pdftex.def Info: chapters/TumorEvStudiesIIImages//image12.png  used on 
input line 471.
(pdftex.def)             Requested size: 483.40001pt x 215.10199pt.

Overfull \hbox (49.78001pt too wide) in paragraph at lines 468--474
[] 
 []


Package fancyhdr Warning: \headheight is too small (12.0pt): 
(fancyhdr)                Make it at least 12.3207pt, for example:
(fancyhdr)                \setlength{\headheight}{12.3207pt}.
(fancyhdr)                You might also make \topmargin smaller to compensate:

(fancyhdr)                \addtolength{\topmargin}{-0.3207pt}.

[63 <./chapters/TumorEvStudiesIIImages//image12.png>]
<chapters/TumorEvStudiesIIImages//image13.png, id=1424, 356.33125pt x 343.2825p
t>
File: chapters/TumorEvStudiesIIImages//image13.png Graphic file (type png)
<use chapters/TumorEvStudiesIIImages//image13.png>
Package pdftex.def Info: chapters/TumorEvStudiesIIImages//image13.png  used on 
input line 504.
(pdftex.def)             Requested size: 217.45961pt x 209.48058pt.
<chapters/TumorEvStudiesIIImages//image14.png, id=1425, 165.2355pt x 144.54pt>
File: chapters/TumorEvStudiesIIImages//image14.png Graphic file (type png)
<use chapters/TumorEvStudiesIIImages//image14.png>
Package pdftex.def Info: chapters/TumorEvStudiesIIImages//image14.png  used on 
input line 533.
(pdftex.def)             Requested size: 165.61832pt x 144.79767pt.

Underfull \hbox (badness 10000) in paragraph at lines 533--534

 []


Package fancyhdr Warning: \headheight is too small (12.0pt): 
(fancyhdr)                Make it at least 12.3207pt, for example:
(fancyhdr)                \setlength{\headheight}{12.3207pt}.
(fancyhdr)                You might also make \topmargin smaller to compensate:

(fancyhdr)                \addtolength{\topmargin}{-0.3207pt}.

[64 <./chapters/TumorEvStudiesIIImages//image13.png>]
<chapters/TumorEvStudiesIIImages//image15.png, id=1431, 475.7775pt x 372.39125p
t>
File: chapters/TumorEvStudiesIIImages//image15.png Graphic file (type png)
<use chapters/TumorEvStudiesIIImages//image15.png>
Package pdftex.def Info: chapters/TumorEvStudiesIIImages//image15.png  used on 
input line 544.
(pdftex.def)             Requested size: 475.7981pt x 365.8785pt.

Overfull \hbox (80.87509pt too wide) in paragraph at lines 544--546
[][]\T1/cmr/bx/n/10 Case
 []


Underfull \hbox (badness 10000) in paragraph at lines 544--546

 []


Package fancyhdr Warning: \headheight is too small (12.0pt): 
(fancyhdr)                Make it at least 12.3207pt, for example:
(fancyhdr)                \setlength{\headheight}{12.3207pt}.
(fancyhdr)                You might also make \topmargin smaller to compensate:

(fancyhdr)                \addtolength{\topmargin}{-0.3207pt}.

[65 <./chapters/TumorEvStudiesIIImages//image14.png>]

Package fancyhdr Warning: \headheight is too small (12.0pt): 
(fancyhdr)                Make it at least 12.3207pt, for example:
(fancyhdr)                \setlength{\headheight}{12.3207pt}.
(fancyhdr)                You might also make \topmargin smaller to compensate:

(fancyhdr)                \addtolength{\topmargin}{-0.3207pt}.

[66 <./chapters/TumorEvStudiesIIImages//image15.png>]
<chapters/TumorEvStudiesIIImages//image16.png, id=1443, 571.13374pt x 431.6125p
t>
File: chapters/TumorEvStudiesIIImages//image16.png Graphic file (type png)
<use chapters/TumorEvStudiesIIImages//image16.png>
Package pdftex.def Info: chapters/TumorEvStudiesIIImages//image16.png  used on 
input line 599.
(pdftex.def)             Requested size: 483.40929pt x 365.32466pt.

Overfull \hbox (64.78929pt too wide) in paragraph at lines 599--600
[][] 
 []


Underfull \hbox (badness 10000) in paragraph at lines 599--600

 []


Package fancyhdr Warning: \headheight is too small (12.0pt): 
(fancyhdr)                Make it at least 12.3207pt, for example:
(fancyhdr)                \setlength{\headheight}{12.3207pt}.
(fancyhdr)                You might also make \topmargin smaller to compensate:

(fancyhdr)                \addtolength{\topmargin}{-0.3207pt}.

[67]) (./chapters/notes/06_tumor_evolution3.tex

Package fancyhdr Warning: \headheight is too small (12.0pt): 
(fancyhdr)                Make it at least 12.3207pt, for example:
(fancyhdr)                \setlength{\headheight}{12.3207pt}.
(fancyhdr)                You might also make \topmargin smaller to compensate:

(fancyhdr)                \addtolength{\topmargin}{-0.3207pt}.

[68 <./chapters/TumorEvStudiesIIImages//image16.png>]
Chapter 7.
<chapters/TumorEvolution3Images//peaks.png, id=1453, 550.055pt x 366.36874pt>
File: chapters/TumorEvolution3Images//peaks.png Graphic file (type png)
<use chapters/TumorEvolution3Images//peaks.png>
Package pdftex.def Info: chapters/TumorEvolution3Images//peaks.png  used on inp
ut line 21.
(pdftex.def)             Requested size: 216.81pt x 144.4094pt.
[69

 <./chapters/TumorEvolution3Images//peaks.png>]
Underfull \hbox (badness 10000) in paragraph at lines 38--39

 []

<chapters/TumorEvolution3Images//tpes.png, id=1460, 1077.02374pt x 363.3575pt>
File: chapters/TumorEvolution3Images//tpes.png Graphic file (type png)
<use chapters/TumorEvolution3Images//tpes.png>
Package pdftex.def Info: chapters/TumorEvolution3Images//tpes.png  used on inpu
t line 41.
(pdftex.def)             Requested size: 303.53267pt x 102.40472pt.

Underfull \hbox (badness 10000) in paragraph at lines 45--51

 []

[70 <./chapters/TumorEvolution3Images//tpes.png>]
<chapters/TumorEvolution3Images//comparative.png, id=1466, 560.0925pt x 344.286
25pt>
File: chapters/TumorEvolution3Images//comparative.png Graphic file (type png)
<use chapters/TumorEvolution3Images//comparative.png>
Package pdftex.def Info: chapters/TumorEvolution3Images//comparative.png  used 
on input line 91.
(pdftex.def)             Requested size: 303.53267pt x 186.58948pt.
 [71 <./chapters/TumorEvolution3Images//comparative.png>]) (./chapters/notes/07
_liquid_biopsies.tex [72]
Chapter 8.

Overfull \hbox (4.91855pt too wide) in paragraph at lines 29--36
[][] 
 []

[73

]
Underfull \hbox (badness 3849) in paragraph at lines 41--42
[]|\T1/cmr/m/n/10 The frac-tion of cir-cu-lat-ing tu-mor DNA
 []


Overfull \hbox (4.91855pt too wide) in paragraph at lines 37--44
[][] 
 []


Overfull \hbox (4.91855pt too wide) in paragraph at lines 45--53
[][] 
 []


Underfull \hbox (badness 10000) in paragraph at lines 57--58

 []

<chapters/LiquidBiopsiesImages//norm.png, id=1482, 459.7175pt x 351.3125pt>
File: chapters/LiquidBiopsiesImages//norm.png Graphic file (type png)
<use chapters/LiquidBiopsiesImages//norm.png>
Package pdftex.def Info: chapters/LiquidBiopsiesImages//norm.png  used on input
 line 60.
(pdftex.def)             Requested size: 173.44534pt x 132.54594pt.
[74]

LaTeX Warning: Reference `fig:quan' on page 75 undefined on input line 65.

<chapters/LiquidBiopsiesImages//quantity1.png, id=1488, 648.4225pt x 473.77pt>
File: chapters/LiquidBiopsiesImages//quantity1.png Graphic file (type png)
<use chapters/LiquidBiopsiesImages//quantity1.png>
Package pdftex.def Info: chapters/LiquidBiopsiesImages//quantity1.png  used on 
input line 70.
(pdftex.def)             Requested size: 433.62pt x 316.83147pt.
<chapters/LiquidBiopsiesImages//quantity2.png, id=1489, 593.21625pt x 487.8225p
t>
File: chapters/LiquidBiopsiesImages//quantity2.png Graphic file (type png)
<use chapters/LiquidBiopsiesImages//quantity2.png>
Package pdftex.def Info: chapters/LiquidBiopsiesImages//quantity2.png  used on 
input line 75.
(pdftex.def)             Requested size: 433.62pt x 356.5913pt.
[75 <./chapters/LiquidBiopsiesImages//norm.png>] [76 <./chapters/LiquidBiopsies
Images//quantity1.png>] [77 <./chapters/LiquidBiopsiesImages//quantity2.png>]
<chapters/LiquidBiopsiesImages//wg.png, id=1508, 752.8125pt x 438.63875pt>
File: chapters/LiquidBiopsiesImages//wg.png Graphic file (type png)
<use chapters/LiquidBiopsiesImages//wg.png>
Package pdftex.def Info: chapters/LiquidBiopsiesImages//wg.png  used on input l
ine 125.
(pdftex.def)             Requested size: 303.53267pt x 176.86462pt.

[78]
Underfull \hbox (badness 10000) in paragraph at lines 131--132

 []

) (./chapters/notes/08_methylation.tex [79 <./chapters/LiquidBiopsiesImages//wg
.png>]
Chapter 9.
[80

]
<chapters/MethylationImages//cancerMet.png, id=1525, 500.87125pt x 538.01pt>
File: chapters/MethylationImages//cancerMet.png Graphic file (type png)
<use chapters/MethylationImages//cancerMet.png>
Package pdftex.def Info: chapters/MethylationImages//cancerMet.png  used on inp
ut line 56.
(pdftex.def)             Requested size: 216.81pt x 232.88315pt.
<chapters/MethylationImages//methods.png, id=1526, 734.745pt x 369.38pt>
File: chapters/MethylationImages//methods.png Graphic file (type png)
<use chapters/MethylationImages//methods.png>
Package pdftex.def Info: chapters/MethylationImages//methods.png  used on input
 line 81.
(pdftex.def)             Requested size: 346.89731pt x 174.39769pt.
 [81 <./chapters/MethylationImages//cancerMet.png>]
Underfull \hbox (badness 10000) in paragraph at lines 85--87

 []

[82 <./chapters/MethylationImages//methods.png>]
<chapters/MethylationImages//comp.png, id=1537, 804.00375pt x 428.60126pt>
File: chapters/MethylationImages//comp.png Graphic file (type png)
<use chapters/MethylationImages//comp.png>
Package pdftex.def Info: chapters/MethylationImages//comp.png  used on input li
ne 127.
(pdftex.def)             Requested size: 433.62pt x 231.15347pt.
<chapters/MethylationImages//workflow.png, id=1538, 756.8275pt x 291.0875pt>
File: chapters/MethylationImages//workflow.png Graphic file (type png)
<use chapters/MethylationImages//workflow.png>
Package pdftex.def Info: chapters/MethylationImages//workflow.png  used on inpu
t line 147.
(pdftex.def)             Requested size: 346.89731pt x 133.42216pt.
 [83 <./chapters/MethylationImages//comp.png>]
Underfull \hbox (badness 10000) in paragraph at lines 197--198

 []

[84 <./chapters/MethylationImages//workflow.png>]) [85] [86

]
(./chapters/papers/01_role_non_coding_cancer.tex
Chapter 10.
[87

] [88] [89] [90]) (./chapters/papers/02_cancer_genomics_2_gen_seq.tex
[91] [92]
Chapter 11.
[93

] [94] [95]) (./chapters/papers/03_IGV.tex [96] [97]
Chapter 12.
) (./chapters/papers/04_tumour_heterogeneity_resistance.tex [98

]
Chapter 13.
[99

] [100] [101]) (./chapters/papers/05_clonal_hierarchy.tex [102] [103]
Chapter 14.
[104

] [105]
Overfull \hbox (7.99419pt too wide) in paragraph at lines 81--81
[]\T1/cmr/bx/n/12 Comparative anal-y-sis re-veals dif-fer-ent mech-a-nisms of t
u-mour dereg-
 []

[106] [107] [108]) (./chapters/papers/06_TPES.tex [109]
Chapter 15.
) (./chapters/papers/07_SPIA.tex [110

] [111]
Chapter 16.
[112

]) [113] [114] (./build/principal.aux)

LaTeX Warning: There were undefined references.


LaTeX Warning: There were multiply-defined labels.

Package rerunfilecheck Info: File `principal.out' has not changed.
(rerunfilecheck)             Checksum: B7436DE99C152C8E3A807EAF4A544980;37556.
 ) 
Here is how much of TeX's memory you used:
 24754 strings out of 478238
 459657 string characters out of 5850456
 765713 words of memory out of 5000000
 42120 multiletter control sequences out of 15000+600000
 496580 words of font info for 91 fonts, out of 8000000 for 9000
 1141 hyphenation exceptions out of 8191
 79i,14n,82p,1194b,930s stack positions out of 5000i,500n,10000p,200000b,80000s
{/usr/share/texmf-dist/fonts/enc/dvips/cm-super/cm-super-t1.enc}{/usr/share/t
exmf-dist/fonts/enc/dvips/cm-super/cm-super-ts1.enc}</usr/share/texmf-dist/font
s/type1/public/amsfonts/cm/cmex10.pfb></usr/share/texmf-dist/fonts/type1/public
/amsfonts/cm/cmmi10.pfb></usr/share/texmf-dist/fonts/type1/public/amsfonts/cm/c
mmi5.pfb></usr/share/texmf-dist/fonts/type1/public/amsfonts/cm/cmmi6.pfb></usr/
share/texmf-dist/fonts/type1/public/amsfonts/cm/cmmi7.pfb></usr/share/texmf-dis
t/fonts/type1/public/amsfonts/cm/cmmi9.pfb></usr/share/texmf-dist/fonts/type1/p
ublic/amsfonts/cm/cmr10.pfb></usr/share/texmf-dist/fonts/type1/public/amsfonts/
cm/cmr12.pfb></usr/share/texmf-dist/fonts/type1/public/amsfonts/cm/cmr6.pfb></u
sr/share/texmf-dist/fonts/type1/public/amsfonts/cm/cmr7.pfb></usr/share/texmf-d
ist/fonts/type1/public/amsfonts/cm/cmsy10.pfb></usr/share/texmf-dist/fonts/type
1/public/amsfonts/cm/cmsy7.pfb></usr/share/texmf-dist/fonts/type1/public/amsfon
ts/cm/cmsy9.pfb></usr/share/texmf-dist/fonts/type1/public/cm-super/sfbi0900.pfb
></usr/share/texmf-dist/fonts/type1/public/cm-super/sfbi1000.pfb></usr/share/te
xmf-dist/fonts/type1/public/cm-super/sfbx0900.pfb></usr/share/texmf-dist/fonts/
type1/public/cm-super/sfbx1000.pfb></usr/share/texmf-dist/fonts/type1/public/cm
-super/sfbx1200.pfb></usr/share/texmf-dist/fonts/type1/public/cm-super/sfbx1440
.pfb></usr/share/texmf-dist/fonts/type1/public/cm-super/sfbx2074.pfb></usr/shar
e/texmf-dist/fonts/type1/public/cm-super/sfbx2488.pfb></usr/share/texmf-dist/fo
nts/type1/public/cm-super/sfrm0600.pfb></usr/share/texmf-dist/fonts/type1/publi
c/cm-super/sfrm0700.pfb></usr/share/texmf-dist/fonts/type1/public/cm-super/sfrm
0800.pfb></usr/share/texmf-dist/fonts/type1/public/cm-super/sfrm0900.pfb></usr/
share/texmf-dist/fonts/type1/public/cm-super/sfrm1000.pfb></usr/share/texmf-dis
t/fonts/type1/public/cm-super/sfrm1200.pfb></usr/share/texmf-dist/fonts/type1/p
ublic/cm-super/sfti0900.pfb></usr/share/texmf-dist/fonts/type1/public/cm-super/
sfti1000.pfb></usr/share/texmf-dist/fonts/type1/public/cm-super/sftt1000.pfb>
Output written on ./build/principal.pdf (115 pages, 8352793 bytes).
PDF statistics:
 1903 PDF objects out of 2073 (max. 8388607)
 1569 compressed objects within 16 object streams
 392 named destinations out of 1000 (max. 500000)
 1771 words of extra memory for PDF output out of 10000 (max. 10000000)

