\BOOKMARK [-1][-]{part.1}{\376\377\000I\000\040\000N\000o\000t\000e\000s}{}% 1
\BOOKMARK [0][-]{chapter.1}{\376\377\000I\000n\000t\000r\000o\000d\000u\000c\000t\000i\000o\000n}{part.1}% 2
\BOOKMARK [1][-]{section.1.1}{\376\377\000G\000e\000n\000e\000t\000i\000c\000s\000\040\000v\000s\000\040\000G\000e\000n\000o\000m\000i\000c\000s}{chapter.1}% 3
\BOOKMARK [2][-]{subsection.1.1.1}{\376\377\000D\000i\000f\000f\000e\000r\000e\000n\000c\000e\000s}{section.1.1}% 4
\BOOKMARK [1][-]{section.1.2}{\376\377\000H\000u\000m\000a\000n\000\040\000G\000e\000n\000o\000m\000i\000c\000s\000\040\000-\000\040\000t\000h\000e\000\040\000B\000a\000s\000i\000s}{chapter.1}% 5
\BOOKMARK [2][-]{subsection.1.2.1}{\376\377\000G\000e\000n\000e\000t\000i\000c\000\040\000M\000a\000k\000e\000-\000U\000p}{section.1.2}% 6
\BOOKMARK [1][-]{section.1.3}{\376\377\000I\000n\000h\000e\000r\000i\000t\000e\000d\000\040\000v\000a\000r\000i\000a\000n\000t\000s\000'\000\040\000r\000e\000l\000e\000v\000a\000n\000c\000e}{chapter.1}% 7
\BOOKMARK [2][-]{subsection.1.3.1}{\376\377\000D\000i\000f\000f\000e\000r\000e\000n\000c\000e\000s\000\040\000i\000n\000\040\000G\000e\000n\000e\000t\000i\000c\000\040\000M\000a\000k\000e\000-\000U\000p\000,\000\040\000a\000n\000\040\000e\000x\000a\000m\000p\000l\000e}{section.1.3}% 8
\BOOKMARK [2][-]{subsection.1.3.2}{\376\377\000S\000o\000m\000a\000t\000i\000c\000\040\000V\000a\000r\000i\000a\000n\000t\000s}{section.1.3}% 9
\BOOKMARK [1][-]{section.1.4}{\376\377\000E\000x\000p\000e\000r\000i\000m\000e\000n\000t\000a\000l\000\040\000t\000e\000c\000h\000n\000i\000q\000u\000e\000s\000\040\000t\000o\000\040\000d\000e\000t\000e\000c\000t\000\040\000v\000a\000r\000i\000a\000n\000t\000s\000/\000a\000b\000e\000r\000r\000a\000t\000i\000o\000n\000s}{chapter.1}% 10
\BOOKMARK [2][-]{subsection.1.4.1}{\376\377\000C\000a\000r\000i\000o\000t\000y\000p\000i\000n\000g}{section.1.4}% 11
\BOOKMARK [1][-]{section.1.5}{\376\377\000S\000e\000q\000u\000e\000n\000c\000e\000\040\000c\000a\000p\000t\000u\000r\000e\000\040\000f\000o\000r\000\040\000c\000a\000n\000c\000e\000r\000\040\000g\000e\000n\000o\000m\000i\000c\000s}{chapter.1}% 12
\BOOKMARK [2][-]{subsection.1.5.1}{\376\377\000S\000i\000n\000g\000l\000e\000\040\000E\000n\000d\000\040\000\050\000S\000E\000\051\000\040\000a\000n\000d\000\040\000P\000a\000i\000r\000e\000d\000\040\000E\000n\000d\000\040\000\050\000P\000E\000\051\000\040\000r\000e\000a\000d\000s}{section.1.5}% 13
\BOOKMARK [0][-]{chapter.2}{\376\377\000C\000o\000v\000e\000r\000a\000g\000e}{part.1}% 14
\BOOKMARK [1][-]{section.2.1}{\376\377\000L\000o\000c\000a\000l\000\040\000C\000o\000v\000e\000r\000a\000g\000e\000\040\000a\000n\000d\000\040\000A\000l\000l\000e\000l\000i\000c\000\040\000F\000r\000a\000c\000t\000i\000o\000n}{chapter.2}% 15
\BOOKMARK [2][-]{subsection.2.1.1}{\376\377\000M\000a\000p\000p\000i\000n\000g\000\040\000i\000n\000\040\000N\000G\000S}{section.2.1}% 16
\BOOKMARK [1][-]{section.2.2}{\376\377\000T\000u\000n\000i\000n\000g\000\040\000t\000h\000e\000\040\000i\000n\000t\000e\000n\000d\000e\000d\000\040\000c\000o\000v\000e\000r\000a\000g\000e\000\040\000o\000f\000\040\000a\000\040\000N\000G\000S\000\040\000a\000s\000s\000a\000y}{chapter.2}% 17
\BOOKMARK [2][-]{subsection.2.2.1}{\376\377\000E\000x\000a\000m\000p\000l\000e\000\040\000o\000n\000\040\000t\000h\000e\000\040\000i\000m\000p\000o\000r\000t\000a\000n\000c\000e\000\040\000o\000f\000\040\000c\000o\000v\000e\000r\000a\000g\000e}{section.2.2}% 18
\BOOKMARK [2][-]{subsection.2.2.2}{\376\377\000D\000a\000t\000a\000b\000a\000s\000e\000s}{section.2.2}% 19
\BOOKMARK [1][-]{section.2.3}{\376\377\000I\000n\000t\000e\000r\000p\000r\000e\000t\000i\000n\000g\000\040\000P\000a\000i\000r\000\040\000O\000r\000i\000e\000n\000t\000a\000t\000i\000o\000n\000s}{chapter.2}% 20
\BOOKMARK [2][-]{subsection.2.3.1}{\376\377\000I\000n\000v\000e\000r\000s\000i\000o\000n}{section.2.3}% 21
\BOOKMARK [2][-]{subsection.2.3.2}{\376\377\000T\000a\000n\000d\000e\000m\000\040\000d\000u\000p\000l\000i\000c\000a\000t\000i\000o\000n}{section.2.3}% 22
\BOOKMARK [2][-]{subsection.2.3.3}{\376\377\000I\000n\000v\000e\000r\000t\000e\000d\000\040\000d\000u\000p\000l\000i\000c\000a\000t\000i\000o\000n}{section.2.3}% 23
\BOOKMARK [1][-]{section.2.4}{\376\377\000S\000u\000m\000m\000a\000r\000y}{chapter.2}% 24
\BOOKMARK [0][-]{chapter.3}{\376\377\000G\000e\000n\000e\000t\000i\000c\000\040\000F\000i\000n\000g\000e\000r\000p\000r\000i\000n\000t\000i\000n\000g}{part.1}% 25
\BOOKMARK [1][-]{subsection.3.0.1}{\376\377\000V\000a\000r\000i\000a\000n\000t\000s\000\040\000u\000s\000e\000d\000\040\000f\000o\000r\000\040\000g\000e\000n\000e\000t\000i\000c\000\040\000t\000e\000s\000t\000i\000n\000g}{chapter.3}% 26
\BOOKMARK [1][-]{section.3.1}{\376\377\000S\000N\000P\000s\000\040\000f\000e\000a\000t\000u\000r\000e\000s}{chapter.3}% 27
\BOOKMARK [2][-]{subsection.3.1.1}{\376\377\000H\000a\000r\000d\000y\000-\000W\000e\000i\000n\000b\000e\000r\000g\000\040\000e\000q\000u\000i\000l\000i\000b\000r\000i\000u\000m\000\040\000a\000n\000d\000\040\000M\000i\000n\000o\000r\000\040\000A\000l\000l\000e\000l\000e\000\040\000f\000r\000e\000q\000u\000e\000n\000c\000y}{section.3.1}% 28
\BOOKMARK [2][-]{subsection.3.1.2}{\376\377\000M\000i\000n\000o\000r\000\040\000A\000l\000l\000e\000l\000e\000\040\000F\000r\000e\000q\000u\000e\000n\000c\000y}{section.3.1}% 29
\BOOKMARK [2][-]{subsection.3.1.3}{\376\377\000P\000r\000o\000j\000e\000c\000t\000s\000\040\000r\000e\000g\000a\000r\000d\000i\000n\000g\000\040\000S\000N\000P\000s}{section.3.1}% 30
\BOOKMARK [2][-]{subsection.3.1.4}{\376\377\000H\000a\000p\000l\000o\000t\000y\000p\000e\000\040\000B\000l\000o\000c\000k\000s}{section.3.1}% 31
\BOOKMARK [2][-]{subsection.3.1.5}{\376\377\000O\000t\000h\000e\000r\000\040\000S\000N\000P\000s\000\040\000f\000e\000a\000t\000u\000r\000e\000s}{section.3.1}% 32
\BOOKMARK [2][-]{subsection.3.1.6}{\376\377\000N\000u\000m\000b\000e\000r\000\040\000o\000f\000\040\000S\000N\000P\000s\000\040\000t\000o\000\040\000s\000e\000l\000e\000c\000t}{section.3.1}% 33
\BOOKMARK [1][-]{section.3.2}{\376\377\000G\000e\000n\000e\000t\000i\000c\000\040\000D\000i\000s\000t\000a\000n\000c\000e}{chapter.3}% 34
\BOOKMARK [2][-]{subsection.3.2.1}{\376\377\000S\000o\000m\000e\000\040\000q\000u\000e\000s\000t\000i\000o\000n\000s}{section.3.2}% 35
\BOOKMARK [2][-]{subsection.3.2.2}{\376\377\000F\000u\000r\000t\000h\000e\000r\000\040\000c\000o\000n\000s\000i\000d\000e\000r\000a\000t\000i\000o\000n\000s}{section.3.2}% 36
\BOOKMARK [1][-]{section.3.3}{\376\377\000B\000u\000i\000l\000d\000i\000n\000g\000\040\000a\000\040\000S\000N\000P\000-\000b\000a\000s\000e\000d\000\040\000g\000e\000n\000e\000t\000i\000c\000\040\000t\000e\000s\000t}{chapter.3}% 37
\BOOKMARK [2][-]{subsection.3.3.1}{\376\377\000I\000m\000p\000l\000e\000m\000e\000n\000t\000a\000t\000i\000o\000n\000\040\000o\000f\000\040\000a\000\040\000p\000r\000o\000b\000a\000b\000i\000l\000i\000s\000t\000i\000c\000\040\000t\000e\000s\000t}{section.3.3}% 38
\BOOKMARK [2][-]{subsection.3.3.2}{\376\377\000E\000x\000a\000m\000p\000l\000e\000\040\0001\000:\000\040\000C\000e\000l\000l\000\040\000l\000i\000n\000e\000\040\000p\000a\000s\000s\000a\000g\000e\000s}{section.3.3}% 39
\BOOKMARK [2][-]{subsection.3.3.3}{\376\377\000I\000n\000d\000i\000v\000i\000d\000u\000a\000l\000'\000s\000\040\000R\000e\000l\000a\000t\000e\000d\000n\000e\000s\000s\000\040\000\050\000g\000e\000n\000o\000t\000y\000p\000e\000-\000d\000i\000s\000t\000a\000n\000c\000e\000\051}{section.3.3}% 40
\BOOKMARK [2][-]{subsection.3.3.4}{\376\377\000E\000x\000a\000m\000p\000l\000e\000\040\0003\000:\000\040\000C\000a\000n\000c\000e\000r\000\040\000s\000u\000s\000c\000e\000p\000t\000i\000b\000i\000l\000i\000t\000y\000\040\000t\000e\000s\000t}{section.3.3}% 41
\BOOKMARK [2][-]{subsection.3.3.5}{\376\377\000G\000e\000n\000e\000t\000i\000c\000\040\000s\000t\000r\000u\000c\000t\000u\000r\000e\000\040\000o\000f\000\040\000t\000h\000e\000\040\000h\000u\000m\000a\000n\000\040\000p\000o\000p\000u\000l\000a\000t\000i\000o\000n}{section.3.3}% 42
\BOOKMARK [0][-]{chapter.4}{\376\377\000I\000G\000V\000\040\000\050\000I\000n\000t\000e\000g\000r\000a\000t\000i\000v\000e\000\040\000G\000e\000n\000o\000m\000i\000c\000s\000\040\000V\000i\000e\000w\000e\000r\000\051}{part.1}% 43
\BOOKMARK [1][-]{section.4.1}{\376\377\000M\000a\000i\000n\000\040\000c\000h\000a\000r\000a\000c\000t\000e\000r\000i\000s\000t\000i\000c\000s\000\040\000o\000f\000\040\000I\000G\000V}{chapter.4}% 44
\BOOKMARK [2][-]{subsection.4.1.1}{\376\377\000I\000g\000v\000t\000o\000o\000l\000s}{section.4.1}% 45
\BOOKMARK [2][-]{subsection.4.1.2}{\376\377\000S\000e\000s\000s\000i\000o\000n\000\040\000F\000i\000l\000e\000s}{section.4.1}% 46
\BOOKMARK [1][-]{section.4.2}{\376\377\000S\000o\000m\000e\000\040\000o\000f\000\040\000t\000h\000e\000\040\000m\000a\000i\000n\000\040\000u\000t\000i\000l\000i\000z\000a\000t\000i\000o\000n\000s}{chapter.4}% 47
\BOOKMARK [2][-]{subsection.4.2.1}{\376\377\000R\000N\000A\000-\000s\000e\000q\000\040\000a\000l\000i\000g\000n\000m\000e\000n\000t\000s}{section.4.2}% 48
\BOOKMARK [2][-]{subsection.4.2.2}{\376\377\000S\000t\000u\000d\000y\000\040\000o\000f\000\040\000v\000a\000r\000i\000a\000n\000t\000s}{section.4.2}% 49
\BOOKMARK [1][-]{section.4.3}{\376\377\000E\000x\000e\000r\000c\000i\000s\000e}{chapter.4}% 50
\BOOKMARK [2][-]{subsection.4.3.1}{\376\377\000T\000a\000s\000k\000\040\000B}{section.4.3}% 51
\BOOKMARK [0][-]{chapter.5}{\376\377\000T\000u\000m\000o\000r\000\040\000E\000v\000o\000l\000u\000t\000i\000o\000n\000\040\000S\000t\000u\000d\000i\000e\000s\000\040\000v\000i\000a\000\040\000N\000G\000S\000\040\000d\000a\000t\000a}{part.1}% 52
\BOOKMARK [1][-]{section.5.1}{\376\377\000T\000u\000m\000o\000r\000\040\000e\000v\000o\000l\000u\000t\000i\000o\000n}{chapter.5}% 53
\BOOKMARK [2][-]{subsection.5.1.1}{\376\377\000T\000u\000m\000o\000r\000\040\000h\000e\000t\000e\000r\000o\000g\000e\000n\000e\000i\000t\000y}{section.5.1}% 54
\BOOKMARK [2][-]{subsection.5.1.2}{\376\377\000T\000r\000e\000a\000t\000m\000e\000n\000t\000\040\000r\000e\000s\000i\000s\000t\000a\000n\000c\000e}{section.5.1}% 55
\BOOKMARK [1][-]{section.5.2}{\376\377\000F\000r\000o\000m\000\040\000s\000k\000e\000t\000c\000h\000e\000s\000\040\000t\000o\000\040\000s\000e\000q\000u\000e\000n\000c\000i\000n\000g\000\040\000d\000a\000t\000a\000\040\000e\000v\000o\000l\000u\000t\000i\000o\000n\000\040\000i\000n\000f\000o\000r\000m\000a\000t\000i\000o\000n}{chapter.5}% 56
\BOOKMARK [2][-]{subsection.5.2.1}{\376\377\000T\000u\000m\000o\000r\000\040\000e\000v\000o\000l\000u\000t\000i\000o\000n\000\040\000a\000n\000d\000\040\000h\000e\000t\000e\000r\000o\000g\000e\000n\000e\000i\000t\000y}{section.5.2}% 57
\BOOKMARK [1][-]{section.5.3}{\376\377\000U\000s\000e\000f\000u\000l\000\040\000m\000e\000a\000s\000u\000r\000e\000s\000\040\000f\000r\000o\000m\000\040\000N\000G\000S\000\040\000p\000i\000p\000e\000l\000i\000n\000e}{chapter.5}% 58
\BOOKMARK [2][-]{subsection.5.3.1}{\376\377\000I\000n\000f\000o\000r\000m\000a\000t\000i\000v\000e\000\040\000S\000N\000P\000s\000\040\000i\000n\000\040\000c\000a\000n\000c\000e\000r\000\040\000s\000t\000u\000d\000i\000e\000s}{section.5.3}% 59
\BOOKMARK [2][-]{subsection.5.3.2}{\376\377\000C\000o\000v\000e\000r\000a\000g\000e\000\040\000a\000n\000d\000\040\000A\000F\000\040\000p\000r\000o\000p\000e\000r\000t\000i\000e\000s}{section.5.3}% 60
\BOOKMARK [2][-]{subsection.5.3.3}{\376\377\000C\000o\000m\000p\000u\000t\000i\000n\000g\000\040\000B\000e\000t\000a}{section.5.3}% 61
\BOOKMARK [1][-]{section.5.4}{\376\377\000G\000l\000o\000b\000a\000l\000\040\000v\000s\000\040\000L\000o\000c\000a\000l\000\040\000E\000s\000t\000i\000m\000a\000t\000e\000s\000\040\000o\000f\000\040\000a\000d\000m\000i\000x\000t\000u\000r\000e}{chapter.5}% 62
\BOOKMARK [1][-]{section.5.5}{\376\377\000A\000\040\000c\000h\000a\000l\000l\000e\000n\000g\000i\000n\000g\000\040\000c\000a\000s\000e\000\040\000\050\000P\000R\000-\0002\0007\0004\0001\000*\000\051}{chapter.5}% 63
\BOOKMARK [0][-]{chapter.6}{\376\377\000T\000u\000m\000o\000r\000\040\000e\000v\000o\000l\000u\000t\000i\000o\000n\000\040\000s\000t\000u\000d\000i\000e\000s\000\040\000\050\000c\000o\000n\000t\000i\000n\000u\000e\000d\000\051}{part.1}% 64
\BOOKMARK [1][-]{section.6.1}{\376\377\000A\000n\000a\000l\000y\000s\000i\000s\000\040\000o\000f\000\040\000c\000l\000o\000n\000a\000l\000i\000t\000y}{chapter.6}% 65
\BOOKMARK [2][-]{subsection.6.1.1}{\376\377\000R\000e\000c\000a\000l\000l\000s\000\040\000f\000r\000o\000m\000\040\000p\000r\000e\000v\000i\000o\000u\000s\000\040\000c\000h\000a\000p\000t\000e\000r}{section.6.1}% 66
\BOOKMARK [2][-]{subsection.6.1.2}{\376\377\000C\000l\000u\000s\000t\000e\000r\000\040\000a\000n\000a\000l\000y\000s\000i\000s\000,\000\040\000a\000n\000\040\000e\000x\000a\000m\000p\000l\000e}{section.6.1}% 67
\BOOKMARK [1][-]{section.6.2}{\376\377\000E\000v\000o\000l\000u\000t\000i\000o\000n\000\040\000m\000a\000p\000s}{chapter.6}% 68
\BOOKMARK [2][-]{subsection.6.2.1}{\376\377\000A\000\040\000t\000o\000y\000\040\000e\000x\000a\000m\000p\000l\000e}{section.6.2}% 69
\BOOKMARK [2][-]{subsection.6.2.2}{\376\377\000W\000o\000r\000k\000i\000n\000g\000\040\000w\000i\000t\000h\000\040\000r\000e\000a\000l\000\040\000d\000a\000t\000a}{section.6.2}% 70
\BOOKMARK [2][-]{subsection.6.2.3}{\376\377\000P\000a\000t\000h\000w\000a\000y\000\040\000b\000a\000s\000e\000d\000\040\000e\000v\000o\000l\000u\000t\000i\000o\000n\000\040\000a\000n\000a\000l\000y\000s\000i\000s}{section.6.2}% 71
\BOOKMARK [1][-]{section.6.3}{\376\377\000P\000l\000o\000i\000d\000y\000\040\000a\000n\000d\000\040\000p\000u\000r\000i\000t\000y\000\040\000c\000o\000r\000r\000e\000c\000t\000i\000o\000n\000\040\000o\000n\000\040\0002\000\050\000T\000N\000\051\000\040\000d\000a\000t\000a}{chapter.6}% 72
\BOOKMARK [2][-]{subsection.6.3.1}{\376\377\000M\000e\000l\000a\000n\000o\000m\000a\000\040\000e\000x\000a\000m\000p\000l\000e}{section.6.3}% 73
\BOOKMARK [2][-]{subsection.6.3.2}{\376\377\000M\000e\000l\000a\000n\000o\000m\000a\000\040\000e\000x\000a\000m\000p\000l\000e\000\040\000w\000i\000t\000h\000\040\0002\0005\000\040\000s\000a\000m\000p\000l\000e\000s}{section.6.3}% 74
\BOOKMARK [2][-]{subsection.6.3.3}{\376\377\000T\000C\000G\000A\000\040\000e\000x\000a\000m\000p\000l\000e}{section.6.3}% 75
\BOOKMARK [2][-]{subsection.6.3.4}{\376\377\000A\000l\000l\000e\000l\000e\000-\000s\000p\000e\000c\000i\000f\000i\000c\000\040\000a\000n\000a\000l\000y\000s\000i\000s}{section.6.3}% 76
\BOOKMARK [2][-]{subsection.6.3.5}{\376\377\000A\000\040\000C\000a\000s\000e\000\040\000s\000t\000u\000d\000y\000\040\000C\000N\000A\000,\000\040\000C\000N\000B\000\040\000r\000e\000a\000l\000\040\000d\000a\000t\000a\000\040\000e\000x\000a\000m\000p\000l\000e}{section.6.3}% 77
\BOOKMARK [0][-]{chapter.7}{\376\377\000T\000u\000m\000o\000r\000\040\000e\000v\000o\000l\000u\000t\000i\000o\000n\000\040\000s\000t\000u\000d\000i\000e\000s\000\040\000v\000i\000a\000\040\000N\000G\000S\000\040\000d\000a\000t\000a\000:\000\040\000S\000N\000V\000s\000-\000b\000a\000s\000e\000d\000\040\000m\000e\000t\000h\000o\000d\000s}{part.1}% 78
\BOOKMARK [1][-]{section.7.1}{\376\377\000R\000a\000t\000i\000o\000n\000a\000l\000e\000\040\000o\000f\000\040\000s\000o\000m\000a\000t\000i\000c\000\040\000p\000o\000i\000n\000t\000\040\000m\000u\000t\000a\000t\000i\000o\000n\000\040\000b\000a\000s\000e\000d\000\040\000a\000s\000s\000a\000y\000s}{chapter.7}% 79
\BOOKMARK [1][-]{section.7.2}{\376\377\000T\000P\000E\000S\000\040\000\050\000T\000u\000m\000o\000r\000\040\000P\000u\000r\000i\000t\000y\000\040\000E\000s\000t\000i\000m\000a\000t\000i\000o\000n\000\051}{chapter.7}% 80
\BOOKMARK [1][-]{section.7.3}{\376\377\000H\000o\000w\000\040\000m\000a\000n\000y\000\040\000S\000N\000V\000s\000\040\000a\000r\000e\000\040\000n\000e\000e\000d\000e\000d\000\040\000t\000o\000\040\000a\000s\000s\000e\000s\000s\000\040\000t\000u\000m\000o\000r\000\040\000p\000u\000r\000i\000t\000y\000?}{chapter.7}% 81
\BOOKMARK [1][-]{section.7.4}{\376\377\000C\000o\000m\000p\000a\000r\000i\000s\000o\000n\000\040\000b\000e\000t\000w\000e\000e\000n\000\040\000p\000u\000r\000i\000t\000y\000\040\000c\000a\000l\000l\000e\000r\000s}{chapter.7}% 82
\BOOKMARK [1][-]{section.7.5}{\376\377\000P\000r\000o\000s\000\040\000a\000n\000d\000\040\000C\000o\000n\000s\000\040\000o\000f\000\040\000S\000N\000V\000s\000-\000b\000a\000s\000e\000d\000\040\000t\000u\000m\000o\000r\000\040\000p\000u\000r\000i\000t\000y\000\040\000a\000s\000s\000e\000s\000s\000m\000e\000n\000t}{chapter.7}% 83
\BOOKMARK [0][-]{chapter.8}{\376\377\000L\000i\000q\000u\000i\000d\000\040\000b\000i\000o\000p\000s\000i\000e\000s\000\040\000i\000n\000\040\000o\000n\000c\000o\000l\000o\000g\000y}{part.1}% 84
\BOOKMARK [1][-]{section.8.1}{\376\377\000G\000e\000n\000e\000r\000a\000l\000\040\000c\000o\000n\000s\000i\000d\000e\000r\000a\000t\000i\000o\000n\000s}{chapter.8}% 85
\BOOKMARK [1][-]{section.8.2}{\376\377\000I\000s\000s\000u\000e\000s\000\040\000i\000n\000\040\000t\000h\000e\000\040\000i\000n\000t\000e\000r\000p\000r\000e\000t\000a\000t\000i\000o\000n\000\040\000o\000f\000\040\000c\000f\000D\000N\000A\000\040\000d\000a\000t\000a}{chapter.8}% 86
\BOOKMARK [2][-]{subsection.8.2.1}{\376\377\000N\000o\000r\000m\000a\000l\000i\000z\000a\000t\000i\000o\000n\000\040\000o\000n\000\040\000t\000u\000m\000o\000r\000\040\000c\000o\000n\000t\000e\000n\000t}{section.8.2}% 87
\BOOKMARK [2][-]{subsection.8.2.2}{\376\377\000Q\000u\000a\000n\000t\000i\000t\000y\000\040\000o\000f\000\040\000i\000n\000p\000u\000t\000\040\000m\000a\000t\000e\000r\000i\000a\000l}{section.8.2}% 88
\BOOKMARK [1][-]{section.8.3}{\376\377\000S\000N\000V\000\040\000d\000e\000t\000e\000c\000t\000i\000o\000n\000\040\000i\000n\000\040\000l\000i\000q\000u\000i\000d\000\040\000b\000i\000o\000p\000s\000i\000e\000s}{chapter.8}% 89
\BOOKMARK [1][-]{section.8.4}{\376\377\000R\000e\000q\000u\000i\000r\000e\000m\000e\000n\000t\000s\000\040\000d\000e\000p\000e\000n\000d\000\040\000o\000n\000\040\000t\000h\000e\000\040\000a\000p\000p\000l\000i\000c\000a\000t\000i\000o\000n}{chapter.8}% 90
\BOOKMARK [1][-]{section.8.5}{\376\377\000W\000h\000o\000l\000e\000\040\000g\000e\000n\000o\000m\000e\000\040\000v\000s\000\040\000t\000a\000r\000g\000e\000t\000e\000d\000\040\000s\000e\000q\000u\000e\000n\000c\000i\000n\000g}{chapter.8}% 91
\BOOKMARK [1][-]{section.8.6}{\376\377\000C\000a\000s\000e\000\040\000s\000t\000u\000d\000i\000e\000s}{chapter.8}% 92
\BOOKMARK [2][-]{subsection.8.6.1}{\376\377\000C\000a\000s\000e\000\040\000I}{section.8.6}% 93
\BOOKMARK [2][-]{subsection.8.6.2}{\376\377\000C\000a\000s\000e\000\040\000I\000I}{section.8.6}% 94
\BOOKMARK [1][-]{section.8.7}{\376\377\000T\000a\000k\000e\000-\000h\000o\000m\000e\000\040\000m\000e\000s\000s\000a\000g\000e}{chapter.8}% 95
\BOOKMARK [2][-]{subsection.8.7.1}{\376\377\000C\000h\000a\000l\000l\000e\000n\000g\000e\000s\000\040\000i\000n\000\040\000t\000h\000e\000\040\000t\000r\000a\000c\000k\000i\000n\000g\000\040\000o\000f\000\040\000t\000u\000m\000o\000r\000\040\000e\000v\000o\000l\000u\000t\000i\000o\000n}{section.8.7}% 96
\BOOKMARK [0][-]{chapter.9}{\376\377\000E\000x\000t\000r\000a\000c\000e\000l\000l\000u\000l\000a\000r\000\040\000v\000e\000s\000i\000c\000l\000e\000s}{part.1}% 97
\BOOKMARK [1][-]{section.9.1}{\376\377\000D\000e\000f\000i\000n\000i\000t\000i\000o\000n}{chapter.9}% 98
\BOOKMARK [1][-]{section.9.2}{\376\377\000C\000h\000a\000r\000a\000c\000t\000e\000r\000i\000z\000a\000t\000i\000o\000n}{chapter.9}% 99
\BOOKMARK [2][-]{subsection.9.2.1}{\376\377\000S\000i\000z\000e}{section.9.2}% 100
\BOOKMARK [2][-]{subsection.9.2.2}{\376\377\000O\000r\000i\000g\000i\000n}{section.9.2}% 101
\BOOKMARK [2][-]{subsection.9.2.3}{\376\377\000C\000o\000n\000t\000e\000n\000t}{section.9.2}% 102
\BOOKMARK [1][-]{section.9.3}{\376\377\000T\000h\000e\000\040\000i\000m\000p\000o\000r\000t\000a\000n\000c\000e\000\040\000o\000f\000\040\000E\000V\000s}{chapter.9}% 103
\BOOKMARK [2][-]{subsection.9.3.1}{\376\377\000R\000o\000l\000e\000\040\000i\000n\000\040\000c\000a\000n\000c\000e\000r}{section.9.3}% 104
\BOOKMARK [1][-]{section.9.4}{\376\377\000H\000o\000w\000\040\000c\000a\000n\000\040\000w\000e\000\040\000u\000s\000e\000\040\000t\000h\000e\000m\000\040\000t\000o\000\040\000s\000t\000u\000d\000y\000\040\000c\000a\000n\000c\000e\000r\000?\000\040\000\050\000o\000r\000\040\000a\000n\000y\000\040\000o\000t\000h\000e\000r\000\040\000d\000i\000s\000e\000a\000s\000e\000\051}{chapter.9}% 105
\BOOKMARK [2][-]{subsection.9.4.1}{\376\377\000T\000r\000a\000c\000k\000i\000n\000g\000\040\000t\000u\000m\000o\000r\000\040\000s\000i\000g\000n\000a\000l\000\040\000i\000n\000\040\000s\000e\000r\000i\000a\000l\000\040\000s\000a\000m\000p\000l\000e\000s}{section.9.4}% 106
\BOOKMARK [2][-]{subsection.9.4.2}{\376\377\000D\000i\000f\000f\000e\000r\000e\000n\000t\000\040\000E\000V\000s\000\040\000i\000s\000o\000l\000a\000t\000i\000o\000n\000\040\000m\000e\000t\000h\000o\000d\000s}{section.9.4}% 107
\BOOKMARK [2][-]{subsection.9.4.3}{\376\377\000C\000h\000a\000l\000l\000e\000n\000g\000e\000s}{section.9.4}% 108
\BOOKMARK [2][-]{subsection.9.4.4}{\376\377\000A\000p\000p\000r\000o\000a\000c\000h\000i\000n\000g\000\040\000d\000e\000c\000o\000n\000v\000o\000l\000u\000t\000i\000o\000n}{section.9.4}% 109
\BOOKMARK [1][-]{section.9.5}{\376\377\000C\000o\000n\000c\000l\000u\000s\000i\000o\000n\000s}{chapter.9}% 110
\BOOKMARK [0][-]{chapter.10}{\376\377\000E\000p\000i\000g\000e\000n\000e\000t\000i\000c\000\040\000p\000r\000o\000f\000i\000l\000i\000n\000g\000\040\000o\000f\000\040\000c\000e\000l\000l\000-\000f\000r\000e\000e\000\040\000D\000N\000A}{part.1}% 111
\BOOKMARK [1][-]{section.10.1}{\376\377\000I\000n\000t\000r\000o\000d\000u\000c\000t\000i\000o\000n}{chapter.10}% 112
\BOOKMARK [1][-]{section.10.2}{\376\377\000D\000N\000A\000\040\000m\000e\000t\000h\000y\000l\000a\000t\000i\000o\000n}{chapter.10}% 113
\BOOKMARK [1][-]{section.10.3}{\376\377\000H\000o\000w\000\040\000i\000s\000\040\000D\000N\000A\000\040\000m\000e\000t\000h\000y\000l\000a\000t\000i\000o\000n\000\040\000m\000e\000a\000s\000u\000r\000e\000d\000?}{chapter.10}% 114
\BOOKMARK [1][-]{section.10.4}{\376\377\000T\000i\000s\000s\000u\000e\000-\000s\000p\000e\000c\000i\000f\000i\000c\000\040\000v\000s\000\040\000d\000i\000s\000e\000a\000s\000e\000-\000s\000p\000e\000c\000i\000f\000i\000c\000\040\000D\000N\000A\000\040\000m\000a\000r\000k\000e\000r\000s}{chapter.10}% 115
\BOOKMARK [1][-]{section.10.5}{\376\377\000D\000N\000A\000\040\000m\000e\000t\000h\000y\000l\000a\000t\000i\000o\000n\000\040\000b\000a\000s\000e\000d\000\040\000l\000i\000q\000u\000i\000d\000\040\000b\000i\000o\000p\000s\000y}{chapter.10}% 116
\BOOKMARK [2][-]{subsection.10.5.1}{\376\377\000W\000o\000r\000k\000f\000l\000o\000w}{section.10.5}% 117
\BOOKMARK [2][-]{subsection.10.5.2}{\376\377\000C\000C\000G\000A\000\040\000s\000t\000u\000d\000y}{section.10.5}% 118
\BOOKMARK [2][-]{subsection.10.5.3}{\376\377\000D\000e\000c\000o\000n\000v\000o\000l\000u\000t\000i\000o\000n\000\040\000a\000p\000p\000r\000o\000a\000c\000h\000e\000s}{section.10.5}% 119
\BOOKMARK [1][-]{section.10.6}{\376\377\000T\000a\000r\000g\000e\000t\000e\000d\000\040\000p\000a\000n\000e\000l\000\040\000a\000p\000p\000r\000o\000a\000c\000h\000e\000s\000\040\000f\000o\000r\000\040\000t\000u\000m\000o\000r\000\040\000c\000o\000n\000t\000e\000n\000t\000\040\000e\000s\000t\000i\000m\000a\000t\000i\000o\000n}{chapter.10}% 120
\BOOKMARK [-1][-]{part.2}{\376\377\000I\000I\000\040\000P\000a\000p\000e\000r\000s}{}% 121
\BOOKMARK [0][-]{chapter.11}{\376\377\000R\000o\000l\000e\000\040\000o\000f\000\040\000n\000o\000n\000-\000c\000o\000d\000i\000n\000g\000\040\000s\000e\000q\000u\000e\000n\000c\000e\000\040\000v\000a\000r\000i\000a\000n\000t\000s\000\040\000i\000n\000\040\000c\000a\000n\000c\000e\000r}{part.2}% 122
\BOOKMARK [1][-]{section.11.1}{\376\377\000A\000b\000s\000t\000r\000a\000c\000t}{chapter.11}% 123
\BOOKMARK [2][-]{subsection.11.1.1}{\376\377\000I\000n\000t\000r\000o\000d\000u\000c\000t\000i\000o\000n}{section.11.1}% 124
\BOOKMARK [1][-]{section.11.2}{\376\377\000G\000e\000n\000o\000m\000i\000c\000\040\000s\000e\000q\000u\000e\000n\000c\000e\000\040\000v\000a\000r\000i\000a\000n\000t\000s}{chapter.11}% 125
\BOOKMARK [1][-]{section.11.3}{\376\377\000N\000o\000n\000-\000c\000o\000d\000i\000n\000g\000\040\000e\000l\000e\000m\000e\000n\000t\000\040\000a\000n\000n\000o\000t\000a\000t\000i\000o\000n}{chapter.11}% 126
\BOOKMARK [2][-]{subsection.11.3.1}{\376\377\000C\000i\000s\000\040\000r\000e\000g\000u\000l\000a\000t\000o\000r\000y\000\040\000r\000e\000g\000i\000o\000n\000s}{section.11.3}% 127
\BOOKMARK [2][-]{subsection.11.3.2}{\376\377\000D\000i\000s\000t\000a\000l\000\040\000r\000e\000g\000u\000l\000a\000t\000o\000r\000y\000\040\000e\000l\000e\000m\000e\000n\000t\000s}{section.11.3}% 128
\BOOKMARK [2][-]{subsection.11.3.3}{\376\377\000R\000N\000A\000-\000s\000e\000q}{section.11.3}% 129
\BOOKMARK [2][-]{subsection.11.3.4}{\376\377\000T\000r\000a\000n\000s\000c\000r\000i\000b\000e\000d\000\040\000p\000s\000e\000u\000d\000o\000g\000e\000n\000e\000s}{section.11.3}% 130
\BOOKMARK [2][-]{subsection.11.3.5}{\376\377\000E\000v\000o\000l\000u\000t\000i\000o\000n\000a\000r\000y\000\040\000c\000o\000n\000s\000e\000r\000v\000a\000t\000i\000o\000n}{section.11.3}% 131
\BOOKMARK [1][-]{section.11.4}{\376\377\000R\000o\000l\000e\000s\000\040\000f\000o\000r\000\040\000s\000o\000m\000a\000t\000i\000c\000\040\000v\000a\000r\000i\000a\000n\000t\000s\000\040\000i\000n\000\040\000c\000a\000n\000c\000e\000r}{chapter.11}% 132
\BOOKMARK [2][-]{subsection.11.4.1}{\376\377\000G\000a\000i\000n\000\040\000o\000f\000\040\000T\000F\000-\000b\000i\000n\000d\000i\000n\000g\000\040\000s\000i\000t\000e\000s}{section.11.4}% 133
\BOOKMARK [2][-]{subsection.11.4.2}{\376\377\000F\000u\000s\000i\000o\000n\000\040\000e\000v\000e\000n\000t\000s\000\040\000d\000u\000e\000\040\000t\000o\000\040\000g\000e\000n\000o\000m\000i\000c\000\040\000r\000e\000a\000r\000r\000a\000n\000g\000e\000m\000e\000n\000t\000s}{section.11.4}% 134
\BOOKMARK [2][-]{subsection.11.4.3}{\376\377\000n\000c\000R\000N\000A\000s\000\040\000a\000n\000d\000\040\000t\000h\000e\000i\000r\000\040\000b\000i\000n\000d\000i\000n\000g\000\040\000s\000i\000t\000e\000s}{section.11.4}% 135
\BOOKMARK [2][-]{subsection.11.4.4}{\376\377\000R\000o\000l\000e\000\040\000o\000f\000\040\000p\000s\000e\000u\000d\000o\000g\000e\000n\000e\000s\000\040\000i\000n\000\040\000m\000o\000d\000u\000l\000a\000t\000i\000n\000g\000\040\000t\000h\000e\000\040\000e\000x\000p\000r\000e\000s\000s\000i\000o\000n\000\040\000o\000f\000\040\000a\000\040\000p\000a\000r\000e\000n\000t\000a\000l\000\040\000g\000e\000n\000e}{section.11.4}% 136
\BOOKMARK [1][-]{section.11.5}{\376\377\000R\000o\000l\000e\000s\000\040\000f\000o\000r\000\040\000g\000e\000r\000m\000l\000i\000n\000e\000\040\000v\000a\000r\000i\000a\000n\000t\000s\000\040\000i\000n\000\040\000c\000a\000n\000c\000e\000r}{chapter.11}% 137
\BOOKMARK [2][-]{subsection.11.5.1}{\376\377\000P\000r\000o\000m\000o\000t\000e\000r\000\040\000m\000u\000t\000a\000t\000i\000o\000n\000s}{section.11.5}% 138
\BOOKMARK [2][-]{subsection.11.5.2}{\376\377\000S\000N\000P\000s\000\040\000i\000n\000\040\000e\000n\000h\000a\000n\000c\000e\000r\000s}{section.11.5}% 139
\BOOKMARK [2][-]{subsection.11.5.3}{\376\377\000V\000a\000r\000i\000a\000n\000t\000s\000\040\000i\000n\000\040\000i\000n\000t\000r\000o\000n\000s}{section.11.5}% 140
\BOOKMARK [2][-]{subsection.11.5.4}{\376\377\000S\000N\000P\000s\000\040\000i\000n\000\040\000n\000c\000R\000N\000A\000\040\000a\000n\000d\000\040\000t\000h\000e\000i\000r\000\040\000b\000i\000n\000d\000i\000n\000g\000\040\000s\000i\000t\000e\000s}{section.11.5}% 141
\BOOKMARK [2][-]{subsection.11.5.5}{\376\377\000O\000t\000h\000e\000r\000s}{section.11.5}% 142
\BOOKMARK [1][-]{section.11.6}{\376\377\000I\000n\000t\000e\000r\000p\000l\000a\000y\000\040\000b\000e\000t\000w\000e\000e\000n\000\040\000g\000e\000r\000m\000l\000i\000n\000e\000\040\000a\000n\000d\000\040\000s\000o\000m\000a\000t\000i\000c\000\040\000v\000a\000r\000i\000a\000n\000t\000s}{chapter.11}% 143
\BOOKMARK [1][-]{section.11.7}{\376\377\000C\000o\000m\000p\000u\000t\000a\000t\000i\000o\000n\000a\000l\000\040\000m\000e\000t\000h\000o\000d\000s\000\040\000f\000o\000r\000\040\000i\000d\000e\000n\000t\000i\000f\000y\000i\000n\000g\000\040\000v\000a\000r\000i\000a\000n\000t\000s}{chapter.11}% 144
\BOOKMARK [1][-]{section.11.8}{\376\377\000E\000x\000p\000e\000r\000i\000m\000e\000n\000t\000a\000l\000\040\000a\000p\000p\000r\000o\000a\000c\000h\000e\000s\000\040\000f\000o\000r\000\040\000f\000u\000n\000c\000t\000i\000o\000n\000a\000l\000\040\000v\000a\000l\000i\000d\000a\000t\000i\000o\000n}{chapter.11}% 145
\BOOKMARK [0][-]{chapter.12}{\376\377\000A\000d\000v\000a\000n\000c\000e\000s\000\040\000i\000n\000\040\000u\000n\000d\000e\000r\000s\000t\000a\000n\000d\000i\000n\000g\000\040\000c\000a\000n\000c\000e\000r\000\040\000g\000e\000n\000o\000m\000i\000c\000s\000\040\000t\000h\000r\000o\000u\000g\000h\000\040\000s\000e\000c\000o\000n\000d\000-\000g\000e\000n\000e\000r\000a\000t\000i\000o\000n\000\040\000s\000e\000q\000u\000e\000n\000c\000i\000n\000g}{part.2}% 146
\BOOKMARK [1][-]{section.12.1}{\376\377\000A\000b\000s\000t\000r\000a\000c\000t}{chapter.12}% 147
\BOOKMARK [2][-]{subsection.12.1.1}{\376\377\000I\000n\000t\000r\000o\000d\000u\000c\000t\000i\000o\000n}{section.12.1}% 148
\BOOKMARK [1][-]{section.12.2}{\376\377\000C\000a\000n\000c\000e\000r\000-\000s\000p\000e\000c\000i\000f\000i\000c\000\040\000c\000o\000n\000s\000i\000d\000e\000r\000a\000t\000i\000o\000n}{chapter.12}% 149
\BOOKMARK [2][-]{subsection.12.2.1}{\376\377\000C\000h\000a\000r\000a\000c\000t\000e\000r\000i\000s\000t\000i\000c\000s\000\040\000o\000f\000\040\000c\000a\000n\000c\000e\000r\000\040\000s\000a\000m\000p\000l\000e\000s\000\040\000f\000o\000r\000\040\000g\000e\000n\000o\000m\000i\000c\000\040\000a\000n\000a\000l\000y\000s\000i\000s}{section.12.2}% 150
\BOOKMARK [2][-]{subsection.12.2.2}{\376\377\000S\000t\000r\000u\000c\000t\000u\000r\000a\000l\000\040\000v\000a\000r\000i\000a\000b\000i\000l\000i\000t\000y\000\040\000o\000f\000\040\000c\000a\000n\000c\000e\000r\000\040\000g\000e\000n\000o\000m\000e\000s}{section.12.2}% 151
\BOOKMARK [1][-]{section.12.3}{\376\377\000E\000x\000p\000e\000r\000i\000m\000e\000n\000t\000a\000l\000\040\000a\000p\000p\000r\000o\000a\000c\000h\000e\000s}{chapter.12}% 152
\BOOKMARK [2][-]{subsection.12.3.1}{\376\377\000W\000h\000o\000l\000e\000\040\000g\000e\000n\000o\000m\000e\000\040\000s\000e\000q\000u\000e\000n\000c\000i\000n\000g}{section.12.3}% 153
\BOOKMARK [2][-]{subsection.12.3.2}{\376\377\000E\000x\000o\000m\000e\000\040\000s\000e\000q\000u\000e\000n\000c\000i\000n\000g}{section.12.3}% 154
\BOOKMARK [2][-]{subsection.12.3.3}{\376\377\000T\000r\000a\000n\000s\000c\000r\000i\000p\000t\000o\000m\000e\000\040\000s\000e\000q\000u\000e\000n\000c\000i\000n\000g}{section.12.3}% 155
\BOOKMARK [1][-]{section.12.4}{\376\377\000D\000e\000t\000e\000c\000t\000i\000n\000g\000\040\000c\000l\000a\000s\000s\000e\000s\000\040\000o\000f\000\040\000g\000e\000n\000o\000m\000e\000\040\000a\000l\000t\000e\000r\000a\000t\000i\000o\000n\000s}{chapter.12}% 156
\BOOKMARK [2][-]{subsection.12.4.1}{\376\377\000S\000o\000m\000a\000t\000i\000c\000\040\000n\000u\000c\000l\000e\000o\000t\000i\000d\000e\000\040\000s\000u\000b\000s\000t\000i\000t\000u\000t\000i\000o\000n\000s\000\040\000a\000n\000d\000\040\000s\000m\000a\000l\000l\000\040\000i\000n\000s\000e\000r\000t\000i\000o\000n\000\040\000a\000n\000d\000\040\000d\000e\000l\000e\000t\000i\000o\000n\000\040\000m\000u\000t\000a\000t\000i\000o\000n\000s}{section.12.4}% 157
\BOOKMARK [2][-]{subsection.12.4.2}{\376\377\000C\000o\000p\000y\000\040\000n\000u\000m\000b\000e\000r}{section.12.4}% 158
\BOOKMARK [2][-]{subsection.12.4.3}{\376\377\000C\000h\000r\000o\000m\000o\000s\000o\000m\000a\000l\000\040\000r\000e\000a\000r\000r\000a\000n\000g\000e\000m\000e\000n\000t\000s}{section.12.4}% 159
\BOOKMARK [2][-]{subsection.12.4.4}{\376\377\000M\000i\000c\000r\000o\000b\000e\000-\000d\000i\000s\000c\000o\000v\000e\000r\000y\000\040\000m\000e\000t\000h\000o\000d\000s}{section.12.4}% 160
\BOOKMARK [1][-]{section.12.5}{\376\377\000C\000o\000m\000p\000u\000t\000a\000t\000i\000o\000n\000a\000l\000\040\000i\000s\000s\000u\000e\000s}{chapter.12}% 161
\BOOKMARK [2][-]{subsection.12.5.1}{\376\377\000A\000l\000i\000g\000n\000m\000e\000n\000t\000\040\000a\000n\000d\000\040\000a\000s\000s\000e\000m\000b\000l\000y}{section.12.5}% 162
\BOOKMARK [2][-]{subsection.12.5.2}{\376\377\000m\000u\000t\000a\000t\000i\000o\000n\000s\000\040\000d\000e\000t\000e\000c\000t\000i\000o\000n}{section.12.5}% 163
\BOOKMARK [2][-]{subsection.12.5.3}{\376\377\000V\000a\000l\000i\000d\000a\000t\000i\000o\000n\000\040\000o\000f\000\040\000m\000u\000t\000a\000t\000i\000o\000n\000\040\000a\000n\000d\000\040\000r\000e\000a\000r\000r\000a\000n\000g\000e\000m\000e\000n\000t\000\040\000c\000a\000l\000l\000s}{section.12.5}% 164
\BOOKMARK [0][-]{chapter.13}{\376\377\000I\000n\000t\000e\000g\000r\000a\000t\000i\000v\000e\000\040\000g\000e\000n\000o\000m\000i\000c\000s\000\040\000v\000i\000e\000w\000e\000r}{part.2}% 165
\BOOKMARK [1][-]{section.13.1}{\376\377\000I\000n\000t\000r\000o\000d\000u\000c\000t\000i\000o\000n}{chapter.13}% 166
\BOOKMARK [0][-]{chapter.14}{\376\377\000T\000u\000m\000o\000u\000r\000\040\000h\000e\000t\000e\000r\000o\000g\000e\000n\000e\000i\000t\000y\000\040\000a\000n\000d\000\040\000r\000e\000s\000i\000s\000t\000a\000n\000c\000e\000\040\000t\000o\000\040\000c\000a\000n\000c\000e\000r\000\040\000t\000h\000e\000r\000a\000p\000i\000e\000s}{part.2}% 167
\BOOKMARK [1][-]{section.14.1}{\376\377\000A\000b\000s\000t\000r\000a\000c\000t}{chapter.14}% 168
\BOOKMARK [2][-]{subsection.14.1.1}{\376\377\000I\000n\000t\000r\000o\000d\000u\000c\000t\000i\000o\000n}{section.14.1}% 169
\BOOKMARK [1][-]{section.14.2}{\376\377\000C\000a\000u\000s\000e\000s\000\040\000o\000f\000\040\000i\000n\000t\000r\000a\000t\000u\000m\000o\000r\000a\000l\000\040\000h\000e\000t\000e\000r\000o\000g\000e\000n\000e\000i\000t\000y}{chapter.14}% 170
\BOOKMARK [2][-]{subsection.14.2.1}{\376\377\000G\000e\000n\000o\000m\000i\000c\000\040\000i\000n\000s\000t\000a\000b\000i\000l\000i\000t\000y}{section.14.2}% 171
\BOOKMARK [2][-]{subsection.14.2.2}{\376\377\000T\000h\000e\000\040\000c\000l\000o\000n\000a\000l\000\040\000e\000v\000o\000l\000u\000t\000i\000o\000n\000\040\000a\000n\000d\000\040\000s\000e\000l\000e\000c\000t\000i\000o\000n\000\040\000h\000y\000p\000o\000t\000h\000e\000s\000i\000s}{section.14.2}% 172
\BOOKMARK [1][-]{section.14.3}{\376\377\000T\000h\000e\000\040\000s\000p\000e\000c\000t\000r\000u\000m\000\040\000o\000f\000\040\000t\000u\000m\000o\000u\000r\000\040\000h\000e\000t\000e\000r\000o\000g\000e\000n\000e\000i\000t\000y}{chapter.14}% 173
\BOOKMARK [2][-]{subsection.14.3.1}{\376\377\000S\000p\000a\000t\000i\000a\000l\000\040\000h\000e\000t\000e\000r\000o\000g\000e\000n\000e\000i\000t\000y}{section.14.3}% 174
\BOOKMARK [2][-]{subsection.14.3.2}{\376\377\000T\000e\000m\000p\000o\000r\000a\000l\000\040\000h\000e\000t\000e\000r\000o\000g\000e\000n\000e\000i\000t\000y}{section.14.3}% 175
\BOOKMARK [1][-]{section.14.4}{\376\377\000N\000o\000n\000i\000n\000v\000a\000s\000i\000v\000e\000\040\000m\000o\000n\000i\000t\000o\000r\000i\000n\000g\000\040\000o\000f\000\040\000h\000e\000t\000e\000r\000o\000g\000e\000n\000e\000i\000t\000y}{chapter.14}% 176
\BOOKMARK [2][-]{subsection.14.4.1}{\376\377\000A\000n\000a\000l\000y\000s\000i\000s\000\040\000o\000f\000\040\000c\000t\000D\000N\000A}{section.14.4}% 177
\BOOKMARK [1][-]{section.14.5}{\376\377\000O\000v\000e\000r\000c\000o\000m\000i\000n\000g\000\040\000h\000e\000t\000e\000r\000o\000g\000e\000n\000e\000i\000t\000y}{chapter.14}% 178
\BOOKMARK [0][-]{chapter.15}{\376\377\000U\000n\000r\000a\000v\000e\000l\000l\000i\000n\000g\000\040\000t\000h\000e\000\040\000c\000l\000o\000n\000a\000l\000\040\000h\000i\000e\000r\000a\000r\000c\000h\000y\000\040\000o\000f\000\040\000s\000o\000m\000a\000t\000i\000c\000\040\000g\000e\000n\000o\000m\000i\000c\000\040\000a\000b\000e\000r\000r\000a\000t\000i\000o\000n\000s}{part.2}% 179
\BOOKMARK [1][-]{section.15.1}{\376\377\000I\000n\000t\000r\000o\000d\000u\000c\000t\000i\000o\000n}{chapter.15}% 180
\BOOKMARK [2][-]{subsection.15.1.1}{\376\377\000A\000b\000s\000t\000r\000a\000c\000t}{section.15.1}% 181
\BOOKMARK [2][-]{subsection.15.1.2}{\376\377\000B\000a\000c\000k\000g\000r\000o\000u\000n\000d}{section.15.1}% 182
\BOOKMARK [1][-]{section.15.2}{\376\377\000R\000e\000s\000u\000l\000t\000s}{chapter.15}% 183
\BOOKMARK [2][-]{subsection.15.2.1}{\376\377\000C\000l\000o\000n\000a\000l\000i\000t\000y\000\040\000a\000s\000s\000e\000s\000s\000m\000e\000n\000t\000\040\000o\000f\000\040\000a\000b\000e\000r\000r\000a\000t\000i\000o\000n\000s\000\040\000f\000r\000o\000m\000\040\000s\000e\000q\000u\000e\000n\000c\000i\000n\000g\000\040\000r\000e\000a\000d\000s}{section.15.2}% 184
\BOOKMARK [2][-]{subsection.15.2.2}{\376\377\000I\000n\000f\000e\000r\000r\000i\000n\000g\000\040\000t\000h\000e\000\040\000o\000r\000d\000e\000r\000\040\000o\000f\000\040\000m\000u\000t\000a\000t\000i\000o\000n\000s\000\040\000i\000n\000\040\000a\000\040\000t\000u\000m\000o\000u\000r\000\040\000s\000a\000m\000p\000l\000e}{section.15.2}% 185
\BOOKMARK [2][-]{subsection.15.2.3}{\376\377\000I\000n\000\040\000s\000i\000l\000i\000c\000o\000\040\000a\000n\000d\000\040\000i\000n\000\040\000s\000i\000t\000u\000\040\000e\000x\000p\000e\000r\000i\000m\000e\000n\000t\000a\000l\000\040\000v\000a\000l\000i\000d\000a\000t\000i\000o\000n}{section.15.2}% 186
\BOOKMARK [2][-]{subsection.15.2.4}{\376\377\000C\000o\000m\000p\000a\000r\000a\000t\000i\000v\000e\000\040\000a\000n\000a\000l\000y\000s\000i\000s\000\040\000r\000e\000v\000e\000a\000l\000s\000\040\000d\000i\000f\000f\000e\000r\000e\000n\000t\000\040\000m\000e\000c\000h\000a\000n\000i\000s\000m\000s\000\040\000o\000f\000\040\000t\000u\000m\000o\000u\000r\000\040\000d\000e\000r\000e\000g\000u\000l\000a\000t\000i\000o\000n}{section.15.2}% 187
\BOOKMARK [2][-]{subsection.15.2.5}{\376\377\000C\000l\000o\000n\000a\000l\000\040\000h\000i\000e\000r\000a\000r\000c\000h\000y\000\040\000o\000f\000\040\000g\000e\000n\000o\000m\000i\000c\000\040\000a\000b\000e\000r\000r\000a\000t\000i\000o\000n\000s}{section.15.2}% 188
\BOOKMARK [1][-]{section.15.3}{\376\377\000M\000a\000t\000e\000r\000i\000a\000l\000s\000\040\000a\000n\000d\000\040\000m\000e\000t\000h\000o\000d\000s}{chapter.15}% 189
\BOOKMARK [2][-]{subsection.15.3.1}{\376\377\000C\000L\000O\000N\000E\000T\000\040\000p\000i\000p\000e\000l\000i\000n\000e}{section.15.3}% 190
\BOOKMARK [2][-]{subsection.15.3.2}{\376\377\000C\000L\000O\000N\000E\000T\000\040\000o\000n\000\040\000e\000x\000o\000m\000e\000\040\000a\000n\000d\000\040\000t\000a\000r\000g\000e\000t\000e\000d\000\040\000s\000e\000q\000u\000e\000n\000c\000i\000n\000g\000\040\000d\000a\000t\000a}{section.15.3}% 191
\BOOKMARK [2][-]{subsection.15.3.3}{\376\377\000E\000x\000p\000e\000c\000t\000e\000d\000\040\000d\000i\000s\000t\000r\000i\000b\000u\000t\000i\000o\000n\000\040\000o\000f\000\040\000t\000h\000e\000\040\000a\000l\000l\000e\000l\000i\000c\000\040\000f\000r\000a\000c\000t\000i\000o\000n\000\040\000o\000f\000\040\000a\000\040\000g\000e\000n\000o\000m\000i\000c\000\040\000s\000e\000g\000m\000e\000n\000t}{section.15.3}% 192
\BOOKMARK [2][-]{subsection.15.3.4}{\376\377\000E\000s\000t\000i\000m\000a\000t\000e\000d\000\040\000p\000r\000o\000p\000o\000r\000t\000i\000o\000n\000\040\000o\000f\000\040\000n\000e\000u\000t\000r\000a\000l\000\040\000r\000e\000a\000d\000s\000\040\000f\000o\000r\000\040\000a\000\040\000g\000e\000n\000o\000m\000i\000c\000\040\000s\000e\000g\000m\000e\000n\000t}{section.15.3}% 193
\BOOKMARK [2][-]{subsection.15.3.5}{\376\377\000F\000r\000o\000m\000\040\000n\000e\000u\000t\000r\000a\000l\000\040\000t\000o\000\040\000n\000o\000n\000-\000a\000b\000e\000r\000r\000a\000n\000t\000\040\000r\000e\000a\000d\000s}{section.15.3}% 194
\BOOKMARK [2][-]{subsection.15.3.6}{\376\377\000F\000r\000o\000m\000\040\000a\000b\000e\000r\000r\000a\000n\000t\000\040\000r\000e\000a\000d\000s\000\040\000t\000o\000\040\000a\000b\000e\000r\000r\000a\000n\000t\000\040\000c\000e\000l\000l\000s}{section.15.3}% 195
\BOOKMARK [2][-]{subsection.15.3.7}{\376\377\000U\000n\000c\000e\000r\000t\000a\000i\000n\000t\000y\000\040\000a\000s\000s\000e\000s\000s\000m\000e\000n\000t\000\040\000a\000n\000d\000\040\000i\000t\000s\000\040\000p\000r\000o\000p\000a\000g\000a\000t\000i\000o\000n\000\040\000t\000o\000\040\000c\000l\000o\000n\000a\000l\000i\000t\000y\000\040\000e\000s\000t\000i\000m\000a\000t\000e\000s}{section.15.3}% 196
\BOOKMARK [2][-]{subsection.15.3.8}{\376\377\000C\000l\000o\000n\000a\000l\000i\000t\000y\000\040\000o\000f\000\040\000b\000i\000-\000a\000l\000l\000e\000l\000i\000c\000\040\000d\000e\000l\000e\000t\000i\000o\000n}{section.15.3}% 197
\BOOKMARK [0][-]{chapter.16}{\376\377\000T\000P\000E\000S\000:\000\040\000t\000i\000m\000o\000r\000\040\000p\000u\000r\000i\000t\000y\000\040\000e\000s\000t\000i\000m\000a\000t\000i\000o\000n\000\040\000f\000r\000o\000m\000\040\000S\000N\000V\000s}{part.2}% 198
\BOOKMARK [1][-]{section.16.1}{\376\377\000A\000b\000s\000t\000r\000a\000c\000t}{chapter.16}% 199
\BOOKMARK [2][-]{subsection.16.1.1}{\376\377\000I\000n\000t\000r\000o\000d\000u\000c\000t\000i\000o\000n}{section.16.1}% 200
\BOOKMARK [1][-]{section.16.2}{\376\377\000M\000a\000t\000e\000r\000i\000a\000l\000s\000\040\000a\000n\000d\000\040\000m\000e\000t\000h\000o\000d\000s}{chapter.16}% 201
\BOOKMARK [0][-]{chapter.17}{\376\377\000S\000N\000P\000\040\000p\000a\000n\000e\000l\000\040\000i\000d\000e\000n\000t\000i\000f\000i\000c\000a\000t\000i\000o\000n\000\040\000a\000s\000s\000a\000y\000\040\000\050\000S\000P\000I\000A\000\051\000:\000\040\000a\000\040\000g\000e\000n\000e\000t\000i\000c\000-\000b\000a\000s\000e\000d\000\040\000a\000s\000s\000a\000y\000\040\000f\000o\000r\000\040\000t\000h\000e\000\040\000i\000d\000e\000n\000t\000i\000f\000i\000c\000a\000t\000i\000o\000n\000\040\000o\000f\000\040\000c\000e\000l\000l\000\040\000l\000i\000n\000e\000s}{part.2}% 202
\BOOKMARK [1][-]{section.17.1}{\376\377\000A\000b\000s\000t\000r\000a\000c\000t}{chapter.17}% 203
\BOOKMARK [2][-]{subsection.17.1.1}{\376\377\000I\000n\000t\000r\000o\000d\000u\000c\000t\000i\000o\000n}{section.17.1}% 204
\BOOKMARK [1][-]{section.17.2}{\376\377\000M\000a\000t\000e\000r\000i\000a\000l\000\040\000a\000n\000d\000\040\000m\000e\000t\000h\000o\000d\000s}{chapter.17}% 205
\BOOKMARK [2][-]{subsection.17.2.1}{\376\377\000G\000e\000n\000o\000t\000y\000p\000e\000\040\000d\000i\000s\000t\000a\000n\000c\000e}{section.17.2}% 206
\BOOKMARK [2][-]{subsection.17.2.2}{\376\377\000S\000N\000P\000\040\000p\000a\000n\000e\000l\000\040\000s\000e\000l\000e\000c\000t\000i\000o\000n\000\040\000p\000r\000o\000c\000e\000d\000u\000r\000e}{section.17.2}% 207
\BOOKMARK [2][-]{subsection.17.2.3}{\376\377\000S\000P\000I\000A\000\040\000p\000r\000o\000b\000a\000b\000i\000l\000i\000s\000t\000i\000c\000\040\000t\000e\000s\000t\000\040\000o\000n\000\040\000c\000e\000l\000l\000\040\000l\000i\000n\000e\000\040\000g\000e\000n\000o\000t\000y\000p\000e\000\040\000d\000i\000s\000t\000a\000n\000c\000e}{section.17.2}% 208
