This is pdfTeX, Version 3.14159265-2.6-1.40.20 (TeX Live 2019/Debian) (preloaded format=pdflatex 2022.1.4)  8 JUN 2022 10:08
entering extended mode
 restricted \write18 enabled.
 %&-line parsing enabled.
**principal.tex
(./principal.tex
LaTeX2e <2020-02-02> patch level 5
L3 programming layer <2020-02-25> (./prefix.tex
(/usr/share/texlive/texmf-dist/tex/latex/base/book.cls
Document Class: book 2019/12/20 v1.4l Standard LaTeX document class
(/usr/share/texlive/texmf-dist/tex/latex/base/bk10.clo
File: bk10.clo 2019/12/20 v1.4l Standard LaTeX file (size option)
)
\c@part=\count167
\c@chapter=\count168
\c@section=\count169
\c@subsection=\count170
\c@subsubsection=\count171
\c@paragraph=\count172
\c@subparagraph=\count173
\c@figure=\count174
\c@table=\count175
\abovecaptionskip=\skip47
\belowcaptionskip=\skip48
\bibindent=\dimen134
)
(/usr/share/texlive/texmf-dist/tex/latex/geometry/geometry.sty
Package: geometry 2020/01/02 v5.9 Page Geometry

(/usr/share/texlive/texmf-dist/tex/latex/graphics/keyval.sty
Package: keyval 2014/10/28 v1.15 key=value parser (DPC)
\KV@toks@=\toks15
)
(/usr/share/texlive/texmf-dist/tex/generic/iftex/ifvtex.sty
Package: ifvtex 2019/10/25 v1.7 ifvtex legacy package. Use iftex instead.

(/usr/share/texlive/texmf-dist/tex/generic/iftex/iftex.sty
Package: iftex 2019/11/07 v1.0c TeX engine tests
))
\Gm@cnth=\count176
\Gm@cntv=\count177
\c@Gm@tempcnt=\count178
\Gm@bindingoffset=\dimen135
\Gm@wd@mp=\dimen136
\Gm@odd@mp=\dimen137
\Gm@even@mp=\dimen138
\Gm@layoutwidth=\dimen139
\Gm@layoutheight=\dimen140
\Gm@layouthoffset=\dimen141
\Gm@layoutvoffset=\dimen142
\Gm@dimlist=\toks16
)
(/usr/share/texlive/texmf-dist/tex/generic/babel/babel.sty
Package: babel 2020/02/28 3.41 The Babel package

(/usr/share/texlive/texmf-dist/tex/generic/babel/switch.def
File: switch.def 2020/02/28 3.41 Babel switching mechanism
)
(/usr/share/texlive/texmf-dist/tex/generic/babel-english/english.ldf
Language: english 2017/06/06 v3.3r English support from the babel system

(/usr/share/texlive/texmf-dist/tex/generic/babel/babel.def
File: babel.def 2020/02/28 3.41 Babel common definitions
\babel@savecnt=\count179
\U@D=\dimen143

(/usr/share/texlive/texmf-dist/tex/generic/babel/txtbabel.def)
\bbl@readstream=\read2
\bbl@dirlevel=\count180
)
Package babel Info: \l@canadian = using hyphenrules for english
(babel)             (\language0) on input line 102.
Package babel Info: \l@australian = using hyphenrules for ukenglish
(babel)             (\language6) on input line 105.
Package babel Info: \l@newzealand = using hyphenrules for ukenglish
(babel)             (\language6) on input line 108.
))
(/usr/share/texlive/texmf-dist/tex/latex/base/inputenc.sty
Package: inputenc 2018/08/11 v1.3c Input encoding file
\inpenc@prehook=\toks17
\inpenc@posthook=\toks18
)
(/usr/share/texlive/texmf-dist/tex/latex/base/fontenc.sty
Package: fontenc 2020/02/11 v2.0o Standard LaTeX package
)
(/usr/share/texlive/texmf-dist/tex/latex/cancel/cancel.sty
Package: cancel 2013/04/12 v2.2 Cancel math terms
)
(/usr/share/texlive/texmf-dist/tex/latex/amsmath/amsmath.sty
Package: amsmath 2020/01/20 v2.17e AMS math features
\@mathmargin=\skip49

For additional information on amsmath, use the `?' option.
(/usr/share/texlive/texmf-dist/tex/latex/amsmath/amstext.sty
Package: amstext 2000/06/29 v2.01 AMS text

(/usr/share/texlive/texmf-dist/tex/latex/amsmath/amsgen.sty
File: amsgen.sty 1999/11/30 v2.0 generic functions
\@emptytoks=\toks19
\ex@=\dimen144
))
(/usr/share/texlive/texmf-dist/tex/latex/amsmath/amsbsy.sty
Package: amsbsy 1999/11/29 v1.2d Bold Symbols
\pmbraise@=\dimen145
)
(/usr/share/texlive/texmf-dist/tex/latex/amsmath/amsopn.sty
Package: amsopn 2016/03/08 v2.02 operator names
)
\inf@bad=\count181
LaTeX Info: Redefining \frac on input line 227.
\uproot@=\count182
\leftroot@=\count183
LaTeX Info: Redefining \overline on input line 389.
\classnum@=\count184
\DOTSCASE@=\count185
LaTeX Info: Redefining \ldots on input line 486.
LaTeX Info: Redefining \dots on input line 489.
LaTeX Info: Redefining \cdots on input line 610.
\Mathstrutbox@=\box45
\strutbox@=\box46
\big@size=\dimen146
LaTeX Font Info:    Redeclaring font encoding OML on input line 733.
LaTeX Font Info:    Redeclaring font encoding OMS on input line 734.
\macc@depth=\count186
\c@MaxMatrixCols=\count187
\dotsspace@=\muskip16
\c@parentequation=\count188
\dspbrk@lvl=\count189
\tag@help=\toks20
\row@=\count190
\column@=\count191
\maxfields@=\count192
\andhelp@=\toks21
\eqnshift@=\dimen147
\alignsep@=\dimen148
\tagshift@=\dimen149
\tagwidth@=\dimen150
\totwidth@=\dimen151
\lineht@=\dimen152
\@envbody=\toks22
\multlinegap=\skip50
\multlinetaggap=\skip51
\mathdisplay@stack=\toks23
LaTeX Info: Redefining \[ on input line 2859.
LaTeX Info: Redefining \] on input line 2860.
)
(/usr/share/texlive/texmf-dist/tex/latex/amsfonts/amsfonts.sty
Package: amsfonts 2013/01/14 v3.01 Basic AMSFonts support
\symAMSa=\mathgroup4
\symAMSb=\mathgroup5
LaTeX Font Info:    Redeclaring math symbol \hbar on input line 98.
LaTeX Font Info:    Overwriting math alphabet `\mathfrak' in version `bold'
(Font)                  U/euf/m/n --> U/euf/b/n on input line 106.
)
(/usr/share/texlive/texmf-dist/tex/latex/doublestroke/dsfont.sty
Package: dsfont 1995/08/01 v0.1 Double stroke roman fonts
)
(/usr/share/texlive/texmf-dist/tex/latex/listings/listings.sty
\lst@mode=\count193
\lst@gtempboxa=\box47
\lst@token=\toks24
\lst@length=\count194
\lst@currlwidth=\dimen153
\lst@column=\count195
\lst@pos=\count196
\lst@lostspace=\dimen154
\lst@width=\dimen155
\lst@newlines=\count197
\lst@lineno=\count198
\lst@maxwidth=\dimen156

(/usr/share/texlive/texmf-dist/tex/latex/listings/lstmisc.sty
File: lstmisc.sty 2019/09/10 1.8c (Carsten Heinz)
\c@lstnumber=\count199
\lst@skipnumbers=\count266
\lst@framebox=\box48
)
(/usr/share/texlive/texmf-dist/tex/latex/listings/listings.cfg
File: listings.cfg 2019/09/10 1.8c listings configuration
))
Package: listings 2019/09/10 1.8c (Carsten Heinz)

(/usr/share/texlive/texmf-dist/tex/latex/hyperref/hyperref.sty
Package: hyperref 2020/01/14 v7.00d Hypertext links for LaTeX

(/usr/share/texlive/texmf-dist/tex/generic/ltxcmds/ltxcmds.sty
Package: ltxcmds 2019/12/15 v1.24 LaTeX kernel commands for general use (HO)
)
(/usr/share/texlive/texmf-dist/tex/latex/pdftexcmds/pdftexcmds.sty
Package: pdftexcmds 2019/11/24 v0.31 Utility functions of pdfTeX for LuaTeX (HO
)

(/usr/share/texlive/texmf-dist/tex/generic/infwarerr/infwarerr.sty
Package: infwarerr 2019/12/03 v1.5 Providing info/warning/error messages (HO)
)
Package pdftexcmds Info: \pdf@primitive is available.
Package pdftexcmds Info: \pdf@ifprimitive is available.
Package pdftexcmds Info: \pdfdraftmode found.
)
(/usr/share/texlive/texmf-dist/tex/generic/kvsetkeys/kvsetkeys.sty
Package: kvsetkeys 2019/12/15 v1.18 Key value parser (HO)
)
(/usr/share/texlive/texmf-dist/tex/generic/kvdefinekeys/kvdefinekeys.sty
Package: kvdefinekeys 2019-12-19 v1.6 Define keys (HO)
)
(/usr/share/texlive/texmf-dist/tex/generic/pdfescape/pdfescape.sty
Package: pdfescape 2019/12/09 v1.15 Implements pdfTeX's escape features (HO)
)
(/usr/share/texlive/texmf-dist/tex/latex/hycolor/hycolor.sty
Package: hycolor 2020-01-27 v1.10 Color options for hyperref/bookmark (HO)
)
(/usr/share/texlive/texmf-dist/tex/latex/letltxmacro/letltxmacro.sty
Package: letltxmacro 2019/12/03 v1.6 Let assignment for LaTeX macros (HO)
)
(/usr/share/texlive/texmf-dist/tex/latex/auxhook/auxhook.sty
Package: auxhook 2019-12-17 v1.6 Hooks for auxiliary files (HO)
)
(/usr/share/texlive/texmf-dist/tex/latex/kvoptions/kvoptions.sty
Package: kvoptions 2019/11/29 v3.13 Key value format for package options (HO)
)
\@linkdim=\dimen157
\Hy@linkcounter=\count267
\Hy@pagecounter=\count268

(/usr/share/texlive/texmf-dist/tex/latex/hyperref/pd1enc.def
File: pd1enc.def 2020/01/14 v7.00d Hyperref: PDFDocEncoding definition (HO)
Now handling font encoding PD1 ...
... no UTF-8 mapping file for font encoding PD1
)
(/usr/share/texlive/texmf-dist/tex/generic/intcalc/intcalc.sty
Package: intcalc 2019/12/15 v1.3 Expandable calculations with integers (HO)
)
(/usr/share/texlive/texmf-dist/tex/generic/etexcmds/etexcmds.sty
Package: etexcmds 2019/12/15 v1.7 Avoid name clashes with e-TeX commands (HO)
)
\Hy@SavedSpaceFactor=\count269
\pdfmajorversion=\count270
Package hyperref Info: Hyper figures OFF on input line 4547.
Package hyperref Info: Link nesting OFF on input line 4552.
Package hyperref Info: Hyper index ON on input line 4555.
Package hyperref Info: Plain pages OFF on input line 4562.
Package hyperref Info: Backreferencing OFF on input line 4567.
Package hyperref Info: Implicit mode ON; LaTeX internals redefined.
Package hyperref Info: Bookmarks ON on input line 4800.
\c@Hy@tempcnt=\count271

(/usr/share/texlive/texmf-dist/tex/latex/url/url.sty
\Urlmuskip=\muskip17
Package: url 2013/09/16  ver 3.4  Verb mode for urls, etc.
)
LaTeX Info: Redefining \url on input line 5159.
\XeTeXLinkMargin=\dimen158

(/usr/share/texlive/texmf-dist/tex/generic/bitset/bitset.sty
Package: bitset 2019/12/09 v1.3 Handle bit-vector datatype (HO)

(/usr/share/texlive/texmf-dist/tex/generic/bigintcalc/bigintcalc.sty
Package: bigintcalc 2019/12/15 v1.5 Expandable calculations on big integers (HO
)
))
\Fld@menulength=\count272
\Field@Width=\dimen159
\Fld@charsize=\dimen160
Package hyperref Info: Hyper figures OFF on input line 6430.
Package hyperref Info: Link nesting OFF on input line 6435.
Package hyperref Info: Hyper index ON on input line 6438.
Package hyperref Info: backreferencing OFF on input line 6445.
Package hyperref Info: Link coloring OFF on input line 6450.
Package hyperref Info: Link coloring with OCG OFF on input line 6455.
Package hyperref Info: PDF/A mode OFF on input line 6460.
LaTeX Info: Redefining \ref on input line 6500.
LaTeX Info: Redefining \pageref on input line 6504.

(/usr/share/texlive/texmf-dist/tex/generic/atbegshi/atbegshi.sty
Package: atbegshi 2019/12/05 v1.19 At begin shipout hook (HO)
)
\Hy@abspage=\count273
\c@Item=\count274
\c@Hfootnote=\count275
)
Package hyperref Info: Driver (autodetected): hpdftex.

(/usr/share/texlive/texmf-dist/tex/latex/hyperref/hpdftex.def
File: hpdftex.def 2020/01/14 v7.00d Hyperref driver for pdfTeX

(/usr/share/texlive/texmf-dist/tex/latex/atveryend/atveryend.sty
Package: atveryend 2019-12-11 v1.11 Hooks at the very end of document (HO)
Package atveryend Info: \enddocument detected (standard20110627).
)
\Fld@listcount=\count276
\c@bookmark@seq@number=\count277

(/usr/share/texlive/texmf-dist/tex/latex/rerunfilecheck/rerunfilecheck.sty
Package: rerunfilecheck 2019/12/05 v1.9 Rerun checks for auxiliary files (HO)

(/usr/share/texlive/texmf-dist/tex/generic/uniquecounter/uniquecounter.sty
Package: uniquecounter 2019/12/15 v1.4 Provide unlimited unique counter (HO)
)
Package uniquecounter Info: New unique counter `rerunfilecheck' on input line 2
86.
)
\Hy@SectionHShift=\skip52
)
(/usr/share/texlive/texmf-dist/tex/latex/siunitx/siunitx.sty
(/usr/share/texlive/texmf-dist/tex/latex/l3kernel/expl3.sty
Package: expl3 2020-02-25 L3 programming layer (loader) 

(/usr/share/texlive/texmf-dist/tex/latex/l3backend/l3backend-pdfmode.def
File: l3backend-pdfmode.def 2020-02-23 L3 backend support: PDF mode
\l__kernel_color_stack_int=\count278
\l__pdf_internal_box=\box49
))
(/usr/share/texlive/texmf-dist/tex/latex/l3packages/xparse/xparse.sty
Package: xparse 2020-02-25 L3 Experimental document command parser
\l__xparse_current_arg_int=\count279
\g__xparse_grabber_int=\count280
\l__xparse_m_args_int=\count281
\l__xparse_v_nesting_int=\count282
)
Package: siunitx 2020/02/25 v2.8b A comprehensive (SI) units package

(/usr/share/texlive/texmf-dist/tex/latex/tools/array.sty
Package: array 2019/08/31 v2.4l Tabular extension package (FMi)
\col@sep=\dimen161
\ar@mcellbox=\box50
\extrarowheight=\dimen162
\NC@list=\toks25
\extratabsurround=\skip53
\backup@length=\skip54
\ar@cellbox=\box51
)
(/usr/share/texlive/texmf-dist/tex/latex/l3packages/l3keys2e/l3keys2e.sty
Package: l3keys2e 2020-02-25 LaTeX2e option processing using LaTeX3 keys
)
\l__siunitx_tmp_box=\box52
\l__siunitx_tmp_dim=\dimen163
\l__siunitx_tmp_int=\count283
\l__siunitx_number_mantissa_length_int=\count284
\l__siunitx_number_uncert_length_int=\count285
\l__siunitx_round_int=\count286
\l__siunitx_process_decimal_int=\count287
\l__siunitx_process_uncertainty_int=\count288
\l__siunitx_process_fixed_int=\count289
\l__siunitx_process_integer_min_int=\count290
\l__siunitx_process_precision_int=\count291
\l__siunitx_group_min_int=\count292
\l__siunitx_angle_marker_box=\box53
\l__siunitx_angle_unit_box=\box54
\l__siunitx_angle_marker_dim=\dimen164
\l__siunitx_angle_unit_dim=\dimen165
\l__siunitx_unit_int=\count293
\l__siunitx_unit_denominator_int=\count294
\l__siunitx_unit_numerator_int=\count295
\l__siunitx_unit_prefix_int=\count296
\l__siunitx_unit_prefix_base_int=\count297
\l__siunitx_unit_prefix_gram_int=\count298
\l__siunitx_number_product_int=\count299
\c__siunitx_one_fill_skip=\skip55
\l__siunitx_table_unit_align_skip=\skip56
\l__siunitx_table_exponent_dim=\dimen166
\l__siunitx_table_integer_dim=\dimen167
\l__siunitx_table_mantissa_dim=\dimen168
\l__siunitx_table_marker_dim=\dimen169
\l__siunitx_table_result_dim=\dimen170
\l__siunitx_table_uncert_dim=\dimen171
\l__siunitx_table_fill_pre_dim=\dimen172
\l__siunitx_table_fill_post_dim=\dimen173
\l__siunitx_table_fill_mid_dim=\dimen174
\l__siunitx_table_pre_box=\box55
\l__siunitx_table_post_box=\box56
\l__siunitx_table_mantissa_box=\box57
\l__siunitx_table_result_box=\box58
\l__siunitx_table_number_align_skip=\skip57
\l__siunitx_table_text_align_skip=\skip58

(/usr/share/texlive/texmf-dist/tex/latex/translator/translator.sty
Package: translator 2019-05-31 v1.12a Easy translation of strings in LaTeX
))
(/usr/share/texlive/texmf-dist/tex/latex/fancyhdr/fancyhdr.sty
Package: fancyhdr 2019/01/31 v3.10 Extensive control of page headers and footer
s
\f@nch@headwidth=\skip59
\f@nch@O@elh=\skip60
\f@nch@O@erh=\skip61
\f@nch@O@olh=\skip62
\f@nch@O@orh=\skip63
\f@nch@O@elf=\skip64
\f@nch@O@erf=\skip65
\f@nch@O@olf=\skip66
\f@nch@O@orf=\skip67
)
(/usr/share/texlive/texmf-dist/tex/latex/base/textcomp.sty
Package: textcomp 2020/02/02 v2.0n Standard LaTeX package
)
(/usr/share/texlive/texmf-dist/tex/latex/makecell/makecell.sty
Package: makecell 2009/08/03 V0.1e Managing of Tab Column Heads and Cells
\rotheadsize=\dimen175
\c@nlinenum=\count300
\TeXr@lab=\toks26
)
(/usr/share/texlive/texmf-dist/tex/latex/caption/caption.sty
Package: caption 2020/01/03 v3.4h Customizing captions (AR)

(/usr/share/texlive/texmf-dist/tex/latex/caption/caption3.sty
Package: caption3 2020/01/03 v1.8h caption3 kernel (AR)
Package caption3 Info: TeX engine: e-TeX on input line 61.
\captionmargin=\dimen176
\captionmargin@=\dimen177
\captionwidth=\dimen178
\caption@tempdima=\dimen179
\caption@indent=\dimen180
\caption@parindent=\dimen181
\caption@hangindent=\dimen182
Package caption Info: Standard document class detected.
)
\c@caption@flags=\count301
\c@continuedfloat=\count302
Package caption Info: hyperref package is loaded.
Package caption Info: listings package is loaded.
)
(/usr/share/texlive/texmf-dist/tex/latex/pdfpages/pdfpages.sty
Package: pdfpages 2020/01/28 v0.5q Insert pages of external PDF documents (AM)

(/usr/share/texlive/texmf-dist/tex/latex/base/ifthen.sty
Package: ifthen 2014/09/29 v1.1c Standard LaTeX ifthen package (DPC)
)
(/usr/share/texlive/texmf-dist/tex/latex/tools/calc.sty
Package: calc 2017/05/25 v4.3 Infix arithmetic (KKT,FJ)
\calc@Acount=\count303
\calc@Bcount=\count304
\calc@Adimen=\dimen183
\calc@Bdimen=\dimen184
\calc@Askip=\skip68
\calc@Bskip=\skip69
LaTeX Info: Redefining \setlength on input line 80.
LaTeX Info: Redefining \addtolength on input line 81.
\calc@Ccount=\count305
\calc@Cskip=\skip70
)
(/usr/share/texlive/texmf-dist/tex/latex/eso-pic/eso-pic.sty
Package: eso-pic 2018/04/12 v2.0h eso-pic (RN)

(/usr/share/texlive/texmf-dist/tex/latex/xcolor/xcolor.sty
Package: xcolor 2016/05/11 v2.12 LaTeX color extensions (UK)

(/usr/share/texlive/texmf-dist/tex/latex/graphics-cfg/color.cfg
File: color.cfg 2016/01/02 v1.6 sample color configuration
)
Package xcolor Info: Driver file: pdftex.def on input line 225.

(/usr/share/texlive/texmf-dist/tex/latex/graphics-def/pdftex.def
File: pdftex.def 2018/01/08 v1.0l Graphics/color driver for pdftex
)
Package xcolor Info: Model `cmy' substituted by `cmy0' on input line 1348.
Package xcolor Info: Model `hsb' substituted by `rgb' on input line 1352.
Package xcolor Info: Model `RGB' extended on input line 1364.
Package xcolor Info: Model `HTML' substituted by `rgb' on input line 1366.
Package xcolor Info: Model `Hsb' substituted by `hsb' on input line 1367.
Package xcolor Info: Model `tHsb' substituted by `hsb' on input line 1368.
Package xcolor Info: Model `HSB' substituted by `hsb' on input line 1369.
Package xcolor Info: Model `Gray' substituted by `gray' on input line 1370.
Package xcolor Info: Model `wave' substituted by `hsb' on input line 1371.
))
(/usr/share/texlive/texmf-dist/tex/latex/graphics/graphicx.sty
Package: graphicx 2019/11/30 v1.2a Enhanced LaTeX Graphics (DPC,SPQR)

(/usr/share/texlive/texmf-dist/tex/latex/graphics/graphics.sty
Package: graphics 2019/11/30 v1.4a Standard LaTeX Graphics (DPC,SPQR)

(/usr/share/texlive/texmf-dist/tex/latex/graphics/trig.sty
Package: trig 2016/01/03 v1.10 sin cos tan (DPC)
)
(/usr/share/texlive/texmf-dist/tex/latex/graphics-cfg/graphics.cfg
File: graphics.cfg 2016/06/04 v1.11 sample graphics configuration
)
Package graphics Info: Driver file: pdftex.def on input line 105.
)
\Gin@req@height=\dimen185
\Gin@req@width=\dimen186
)
\AM@pagewidth=\dimen187
\AM@pageheight=\dimen188

(/usr/share/texlive/texmf-dist/tex/latex/pdfpages/pppdftex.def
File: pppdftex.def 2020/01/28 v0.5q Pdfpages driver for pdfTeX (AM)
)
\AM@pagebox=\box59
\AM@global@opts=\toks27
\AM@pagecnt=\count306
\AM@toc@title=\toks28
\c@AM@survey=\count307
\AM@templatesizebox=\box60
)
(/usr/share/texlive/texmf-dist/tex/latex/tools/multicol.sty
Package: multicol 2019/12/09 v1.8y multicolumn formatting (FMi)
\c@tracingmulticols=\count308
\mult@box=\box61
\multicol@leftmargin=\dimen189
\c@unbalance=\count309
\c@collectmore=\count310
\doublecol@number=\count311
\multicoltolerance=\count312
\multicolpretolerance=\count313
\full@width=\dimen190
\page@free=\dimen191
\premulticols=\dimen192
\postmulticols=\dimen193
\multicolsep=\skip71
\multicolbaselineskip=\skip72
\partial@page=\box62
\last@line=\box63
\maxbalancingoverflow=\dimen194
\mult@rightbox=\box64
\mult@grightbox=\box65
\mult@gfirstbox=\box66
\mult@firstbox=\box67
\@tempa=\box68
\@tempa=\box69
\@tempa=\box70
\@tempa=\box71
\@tempa=\box72
\@tempa=\box73
\@tempa=\box74
\@tempa=\box75
\@tempa=\box76
\@tempa=\box77
\@tempa=\box78
\@tempa=\box79
\@tempa=\box80
\@tempa=\box81
\@tempa=\box82
\@tempa=\box83
\@tempa=\box84
\@tempa=\box85
\@tempa=\box86
\@tempa=\box87
\@tempa=\box88
\@tempa=\box89
\@tempa=\box90
\@tempa=\box91
\@tempa=\box92
\@tempa=\box93
\@tempa=\box94
\@tempa=\box95
\@tempa=\box96
\@tempa=\box97
\@tempa=\box98
\@tempa=\box99
\@tempa=\box100
\@tempa=\box101
\@tempa=\box102
\@tempa=\box103
\@tempa=\box104
\c@minrows=\count314
\c@columnbadness=\count315
\c@finalcolumnbadness=\count316
\last@try=\dimen195
\multicolovershoot=\dimen196
\multicolundershoot=\dimen197
\mult@nat@firstbox=\box105
\colbreak@box=\box106
\mc@col@check@num=\count317
)
(/usr/share/texlive/texmf-dist/tex/latex/algorithm2e/algorithm2e.sty
Package: algorithm2e 2017/07/18 v5.2 algorithms environments
\c@AlgoLine=\count318
\algocf@hangindent=\skip73

(/usr/share/texlive/texmf-dist/tex/latex/ifoddpage/ifoddpage.sty
Package: ifoddpage 2016/04/23 v1.1 Conditionals for odd/even page detection
\c@checkoddpage=\count319
)
(/usr/share/texlive/texmf-dist/tex/latex/tools/xspace.sty
Package: xspace 2014/10/28 v1.13 Space after command names (DPC,MH)
)
(/usr/share/texlive/texmf-dist/tex/latex/relsize/relsize.sty
Package: relsize 2013/03/29 ver 4.1
)
\skiptotal=\skip74
\skiplinenumber=\skip75
\skiprule=\skip76
\skiphlne=\skip77
\skiptext=\skip78
\skiplength=\skip79
\algomargin=\skip80
\skipalgocfslide=\skip81
\algowidth=\dimen198
\inoutsize=\dimen199
\inoutindent=\dimen256
\interspacetitleruled=\dimen257
\interspacealgoruled=\dimen258
\interspacetitleboxruled=\dimen259
\algocf@ruledwidth=\skip82
\algocf@inoutbox=\box107
\algocf@inputbox=\box108
\AlCapSkip=\skip83
\AlCapHSkip=\skip84
\algoskipindent=\skip85
\algocf@nlbox=\box109
\algocf@hangingbox=\box110
\algocf@untilbox=\box111
\algocf@skipuntil=\skip86
\algocf@capbox=\box112
\algocf@lcaptionbox=\skip87
\algoheightruledefault=\skip88
\algoheightrule=\skip89
\algotitleheightruledefault=\skip90
\algotitleheightrule=\skip91
\c@algocfline=\count320
\c@algocfproc=\count321
\c@algocf=\count322
\algocf@algoframe=\box113
\algocf@algobox=\box114
)
(/usr/share/texlive/texmf-dist/tex/latex/soul/soul.sty
Package: soul 2003/11/17 v2.4 letterspacing/underlining (mf)
\SOUL@word=\toks29
\SOUL@lasttoken=\toks30
\SOUL@cmds=\toks31
\SOUL@buffer=\toks32
\SOUL@token=\toks33
\SOUL@spaceskip=\skip92
\SOUL@ttwidth=\dimen260
\SOUL@uldp=\dimen261
\SOUL@ulht=\dimen262
)
(/usr/share/texlive/texmf-dist/tex/latex/mhchem/mhchem.sty
Package: mhchem 2018/06/22 v4.08 for typesetting chemical formulae

(/usr/share/texlive/texmf-dist/tex/latex/chemgreek/chemgreek.sty
Package: chemgreek 2020/01/16 v1.1a interface for upright Greek letters for use
 in chemistry (CN)
\l__chemgreek_tmpa_int=\count323
\g__chemgreek_tmpa_int=\count324
)
\l__mhchem_ce_distanceFromLastComma_int=\count325
\__mhchem_arrow_extPgfLength_skip=\skip93
\mhchem@minispace@tmp=\skip94
\mhchem@minibackspace@tmp=\skip95
\mhchem@bondwidth=\skip96
\mhchem@bondheight=\skip97
\mhchem@smallbondwidth@tmpA=\skip98
\mhchem@smallbondwidth@tmpB=\skip99
\mhchem@smallbondwidth=\skip100
\mhchem@bondtmp@minussidebearingleft=\skip101
\mhchem@bondtmp@minussidebearingright=\skip102
\l__mhchem_option_version_int=\count326
\mhchem@option@minusmathsidebearingleft=\dimen263
\mhchem@option@minusmathsidebearingright=\dimen264
\mhchem@option@minustextsidebearingleft=\dimen265
\mhchem@option@minustextsidebearingright=\dimen266


Package mhchem Warning: You did not specify a 'version' option for the mhchem
(mhchem)                package. Please write \usepackage[version=4]{mhchem}
(mhchem)                in your preamble (or any lower number for
(mhchem)                compatibility mode), because you might get slightly
(mhchem)                different output with the same input in future versions
.

) (/usr/share/texlive/texmf-dist/tex/latex/appendix/appendix.sty
Package: appendix 2020/02/08 v1.2c extra appendix facilities
\c@@pps=\count327
\c@@ppsavesec=\count328
\c@@ppsaveapp=\count329
)
(/usr/share/texlive/texmf-dist/tex/latex/float/float.sty
Package: float 2001/11/08 v1.3d Float enhancements (AL)
\c@float@type=\count330
\float@exts=\toks34
\float@box=\box115
\@float@everytoks=\toks35
\@floatcapt=\box116
)
(/usr/share/texlive/texmf-dist/tex/latex/wrapfig/wrapfig.sty
\wrapoverhang=\dimen267
\WF@size=\dimen268
\c@WF@wrappedlines=\count331
\WF@box=\box117
\WF@everypar=\toks36
Package: wrapfig 2003/01/31  v 3.6
)
(/usr/share/texlive/texmf-dist/tex/latex/braket/braket.sty)
(/usr/share/texlive/texmf-dist/tex/latex/mathtools/mathtools.sty
Package: mathtools 2020/01/17 v1.23 mathematical typesetting tools

(/usr/share/texlive/texmf-dist/tex/latex/mathtools/mhsetup.sty
Package: mhsetup 2017/03/31 v1.3 programming setup (MH)
)
LaTeX Info: Thecontrolsequence`\('isalreadyrobust on input line 129.
LaTeX Info: Thecontrolsequence`\)'isalreadyrobust on input line 129.
LaTeX Info: Thecontrolsequence`\['isalreadyrobust on input line 129.
LaTeX Info: Thecontrolsequence`\]'isalreadyrobust on input line 129.
\g_MT_multlinerow_int=\count332
\l_MT_multwidth_dim=\dimen269
\origjot=\skip103
\l_MT_shortvdotswithinadjustabove_dim=\dimen270
\l_MT_shortvdotswithinadjustbelow_dim=\dimen271
\l_MT_above_intertext_sep=\dimen272
\l_MT_below_intertext_sep=\dimen273
\l_MT_above_shortintertext_sep=\dimen274
\l_MT_below_shortintertext_sep=\dimen275
)
(/usr/share/texlive/texmf-dist/tex/latex/physics/physics.sty
Package: physics 


LaTeX3 Warning: Argument delimiter '\big ' for the command '\@quantity' should
(LaTeX3)        be a single character.


LaTeX3 Warning: Argument delimiter '\Big ' for the command '\@quantity' should
(LaTeX3)        be a single character.


LaTeX3 Warning: Argument delimiter '\bigg ' for the command '\@quantity'
(LaTeX3)        should be a single character.


LaTeX3 Warning: Argument delimiter '\Bigg ' for the command '\@quantity'
(LaTeX3)        should be a single character.


LaTeX3 Warning: Argument delimiter '\big ' for the command '\@braces' should
(LaTeX3)        be a single character.


LaTeX3 Warning: Argument delimiter '\Big ' for the command '\@braces' should
(LaTeX3)        be a single character.


LaTeX3 Warning: Argument delimiter '\bigg ' for the command '\@braces' should
(LaTeX3)        be a single character.


LaTeX3 Warning: Argument delimiter '\Bigg ' for the command '\@braces' should
(LaTeX3)        be a single character.


LaTeX3 Warning: Argument delimiter '\big ' for the command '\fbraces' should
(LaTeX3)        be a single character.


LaTeX3 Warning: Argument delimiter '\Big ' for the command '\fbraces' should
(LaTeX3)        be a single character.


LaTeX3 Warning: Argument delimiter '\bigg ' for the command '\fbraces' should
(LaTeX3)        be a single character.


LaTeX3 Warning: Argument delimiter '\Bigg ' for the command '\fbraces' should
(LaTeX3)        be a single character.


LaTeX3 Warning: Argument delimiter '\ket ' for the command '\bra' should be a
(LaTeX3)        single character.

) (/usr/share/texlive/texmf-dist/tex/latex/adjustbox/adjustbox.sty
Package: adjustbox 2019/01/04 v1.2 Adjusting TeX boxes (trim, clip, ...)

(/usr/share/texlive/texmf-dist/tex/latex/xkeyval/xkeyval.sty
Package: xkeyval 2014/12/03 v2.7a package option processing (HA)

(/usr/share/texlive/texmf-dist/tex/generic/xkeyval/xkeyval.tex
(/usr/share/texlive/texmf-dist/tex/generic/xkeyval/xkvutils.tex
\XKV@toks=\toks37
\XKV@tempa@toks=\toks38
)
\XKV@depth=\count333
File: xkeyval.tex 2014/12/03 v2.7a key=value parser (HA)
))
(/usr/share/texlive/texmf-dist/tex/latex/adjustbox/adjcalc.sty
Package: adjcalc 2012/05/16 v1.1 Provides advanced setlength with multiple back
-ends (calc, etex, pgfmath)
)
(/usr/share/texlive/texmf-dist/tex/latex/adjustbox/trimclip.sty
Package: trimclip 2018/04/08 v1.1 Trim and clip general TeX material

(/usr/share/texlive/texmf-dist/tex/latex/collectbox/collectbox.sty
Package: collectbox 2012/05/17 v0.4b Collect macro arguments as boxes
\collectedbox=\box118
)
\tc@llx=\dimen276
\tc@lly=\dimen277
\tc@urx=\dimen278
\tc@ury=\dimen279
Package trimclip Info: Using driver 'tc-pdftex.def'.

(/usr/share/texlive/texmf-dist/tex/latex/adjustbox/tc-pdftex.def
File: tc-pdftex.def 2019/01/04 v2.2 Clipping driver for pdftex
))
\adjbox@Width=\dimen280
\adjbox@Height=\dimen281
\adjbox@Depth=\dimen282
\adjbox@Totalheight=\dimen283
\adjbox@pwidth=\dimen284
\adjbox@pheight=\dimen285
\adjbox@pdepth=\dimen286
\adjbox@ptotalheight=\dimen287

(/usr/share/texlive/texmf-dist/tex/latex/varwidth/varwidth.sty
Package: varwidth 2009/03/30 ver 0.92;  Variable-width minipages
\@vwid@box=\box119
\sift@deathcycles=\count334
\@vwid@loff=\dimen288
\@vwid@roff=\dimen289
)))
(build/principal.aux

LaTeX Warning: Label `fig:hetero' multiply defined.


LaTeX Warning: Label `fig:cluster' multiply defined.


LaTeX Warning: Label `fig:norm' multiply defined.


LaTeX Warning: Label `fig:comp' multiply defined.

)
\openout1 = `principal.aux'.

LaTeX Font Info:    Checking defaults for OML/cmm/m/it on input line 12.
LaTeX Font Info:    ... okay on input line 12.
LaTeX Font Info:    Checking defaults for OMS/cmsy/m/n on input line 12.
LaTeX Font Info:    ... okay on input line 12.
LaTeX Font Info:    Checking defaults for OT1/cmr/m/n on input line 12.
LaTeX Font Info:    ... okay on input line 12.
LaTeX Font Info:    Checking defaults for T1/cmr/m/n on input line 12.
LaTeX Font Info:    ... okay on input line 12.
LaTeX Font Info:    Checking defaults for TS1/cmr/m/n on input line 12.
LaTeX Font Info:    ... okay on input line 12.
LaTeX Font Info:    Checking defaults for OMX/cmex/m/n on input line 12.
LaTeX Font Info:    ... okay on input line 12.
LaTeX Font Info:    Checking defaults for U/cmr/m/n on input line 12.
LaTeX Font Info:    ... okay on input line 12.
LaTeX Font Info:    Checking defaults for PD1/pdf/m/n on input line 12.
LaTeX Font Info:    ... okay on input line 12.

*geometry* driver: auto-detecting
*geometry* detected driver: pdftex
*geometry* verbose mode - [ preamble ] result:
* driver: pdftex
* paper: a4paper
* layout: <same size as paper>
* layoutoffset:(h,v)=(0.0pt,0.0pt)
* modes: 
* h-part:(L,W,R)=(81.94394pt, 433.62pt, 81.94394pt)
* v-part:(T,H,B)=(106.75473pt, 578.15999pt, 160.13213pt)
* \paperwidth=597.50787pt
* \paperheight=845.04684pt
* \textwidth=433.62pt
* \textheight=578.15999pt
* \oddsidemargin=9.67395pt
* \evensidemargin=9.67395pt
* \topmargin=4.41725pt
* \headheight=12.0pt
* \headsep=18.06749pt
* \topskip=10.0pt
* \footskip=25.29494pt
* \marginparwidth=69.0pt
* \marginparsep=7.0pt
* \columnsep=10.0pt
* \skip\footins=9.0pt plus 4.0pt minus 2.0pt
* \hoffset=0.0pt
* \voffset=0.0pt
* \mag=1000
* \@twocolumnfalse
* \@twosidefalse
* \@mparswitchfalse
* \@reversemarginfalse
* (1in=72.27pt=25.4mm, 1cm=28.453pt)

\c@lstlisting=\count335
\AtBeginShipoutBox=\box120
Package hyperref Info: Link coloring OFF on input line 12.
(/usr/share/texlive/texmf-dist/tex/latex/hyperref/nameref.sty
Package: nameref 2019/09/16 v2.46 Cross-referencing by name of section

(/usr/share/texlive/texmf-dist/tex/latex/refcount/refcount.sty
Package: refcount 2019/12/15 v3.6 Data extraction from label references (HO)
)
(/usr/share/texlive/texmf-dist/tex/generic/gettitlestring/gettitlestring.sty
Package: gettitlestring 2019/12/15 v1.6 Cleanup title references (HO)
)
\c@section@level=\count336
)
LaTeX Info: Redefining \ref on input line 12.
LaTeX Info: Redefining \pageref on input line 12.
LaTeX Info: Redefining \nameref on input line 12.

(build/principal.out) (build/principal.out)
\@outlinefile=\write3
\openout3 = `principal.out'.


(/usr/share/texlive/texmf-dist/tex/latex/translator/translator-basic-dictionary
-English.dict
Dictionary: translator-basic-dictionary, Language: English 
)
(/usr/share/texlive/texmf-dist/tex/latex/siunitx/siunitx-abbreviations.cfg
File: siunitx-abbreviations.cfg 2017/11/26 v2.7k siunitx: Abbreviated units
)
Package caption Info: Begin \AtBeginDocument code.
Package caption Info: float package is loaded.
Package caption Info: wrapfig package is loaded.
Package caption Info: End \AtBeginDocument code.

(/usr/share/texlive/texmf-dist/tex/context/base/mkii/supp-pdf.mkii
[Loading MPS to PDF converter (version 2006.09.02).]
\scratchcounter=\count337
\scratchdimen=\dimen290
\scratchbox=\box121
\nofMPsegments=\count338
\nofMParguments=\count339
\everyMPshowfont=\toks39
\MPscratchCnt=\count340
\MPscratchDim=\dimen291
\MPnumerator=\count341
\makeMPintoPDFobject=\count342
\everyMPtoPDFconversion=\toks40
) (/usr/share/texlive/texmf-dist/tex/latex/epstopdf-pkg/epstopdf-base.sty
Package: epstopdf-base 2020-01-24 v2.11 Base part for package epstopdf
Package epstopdf-base Info: Redefining graphics rule for `.eps' on input line 4
85.

(/usr/share/texlive/texmf-dist/tex/latex/latexconfig/epstopdf-sys.cfg
File: epstopdf-sys.cfg 2010/07/13 v1.3 Configuration of (r)epstopdf for TeX Liv
e
))
(/usr/share/texlive/texmf-dist/tex/latex/pdflscape/pdflscape.sty
Package: pdflscape 2019/12/05 v0.12 Display of landscape pages in PDF (HO)

(/usr/share/texlive/texmf-dist/tex/latex/graphics/lscape.sty
Package: lscape 2000/10/22 v3.01 Landscape Pages (DPC)
)
Package pdflscape Info: Auto-detected driver: pdftex on input line 81.
)

Package chemgreek Info: Activating mapping `default' on line 12.

LaTeX Font Info:    Trying to load font information for U+msa on input line 12.


(/usr/share/texlive/texmf-dist/tex/latex/amsfonts/umsa.fd
File: umsa.fd 2013/01/14 v3.01 AMS symbols A
)
LaTeX Font Info:    Trying to load font information for U+msb on input line 12.


(/usr/share/texlive/texmf-dist/tex/latex/amsfonts/umsb.fd
File: umsb.fd 2013/01/14 v3.01 AMS symbols B
) [1


{/var/lib/texmf/fonts/map/pdftex/updmap/pdftex.map}] (build/principal.tocpdfTeX
 warning (ext4): destination with the same identifier (name{page.1}) has been a
lready used, duplicate ignored
<to be read again> 
                   \relax 
l.42 ...ther considerations}{27}{subsection.3.2.2}
                                                  % [1

] [2] [3] [4])
\tf@toc=\write4
\openout4 = `principal.toc'.

 [5]
[6

] (./chapters/notes/01_introduction.tex
Chapter 1.
[7

]
<chapters/01/relevance.png, id=1103, 794.97pt x 738.76pt>
File: chapters/01/relevance.png Graphic file (type png)
<use chapters/01/relevance.png>
Package pdftex.def Info: chapters/01/relevance.png  used on input line 47.
(pdftex.def)             Requested size: 216.81pt x 201.47437pt.
 [8]
<chapters/01/ADME.png, id=1113, 688.5725pt x 289.08pt>
File: chapters/01/ADME.png Graphic file (type png)
<use chapters/01/ADME.png>
Package pdftex.def Info: chapters/01/ADME.png  used on input line 72.
(pdftex.def)             Requested size: 303.53267pt x 127.42937pt.
 [9 <./chapters/01/relevance.png>] [10 <./chapters/01/ADME.png>]
Underfull \hbox (badness 10000) in paragraph at lines 133--139

 []

<chapters/01/igv.png, id=1142, 1500.60625pt x 823.075pt>
File: chapters/01/igv.png Graphic file (type png)
<use chapters/01/igv.png>
Package pdftex.def Info: chapters/01/igv.png  used on input line 151.
(pdftex.def)             Requested size: 303.53267pt x 166.48338pt.
[11] [12 <./chapters/01/igv.png>]) (./chapters/notes/02_boh.tex
Chapter 2.
<chapters/02/seq_phys.png, id=1164, 861.2175pt x 409.53pt>
File: chapters/02/seq_phys.png Graphic file (type png)
<use chapters/02/seq_phys.png>
Package pdftex.def Info: chapters/02/seq_phys.png  used on input line 23.
(pdftex.def)             Requested size: 216.81pt x 103.09462pt.
[13

]
<chapters/02/local_coverage.png, id=1174, 1309.89375pt x 355.3275pt>
File: chapters/02/local_coverage.png Graphic file (type png)
<use chapters/02/local_coverage.png>
Package pdftex.def Info: chapters/02/local_coverage.png  used on input line 48.

(pdftex.def)             Requested size: 216.81pt x 58.81084pt.
 [14 <./chapters/02/seq_phys.png>]
<chapters/02/local_coverage1.png, id=1186, 1307.88625pt x 252.945pt>
File: chapters/02/local_coverage1.png Graphic file (type png)
<use chapters/02/local_coverage1.png>
Package pdftex.def Info: chapters/02/local_coverage1.png  used on input line 59
.
(pdftex.def)             Requested size: 216.81pt x 41.93095pt.

Underfull \hbox (badness 10000) in paragraph at lines 64--65

 []

<chapters/02/local_coverage2.png, id=1188, 1300.86pt x 321.2pt>
File: chapters/02/local_coverage2.png Graphic file (type png)
<use chapters/02/local_coverage2.png>
Package pdftex.def Info: chapters/02/local_coverage2.png  used on input line 68
.
(pdftex.def)             Requested size: 216.81pt x 53.52992pt.
[15 <./chapters/02/local_coverage.png> <./chapters/02/local_coverage1.png> <./c
hapters/02/local_coverage2.png>]
<chapters/02/inversion.png, id=1201, 934.49126pt x 417.56pt>
File: chapters/02/inversion.png Graphic file (type png)
<use chapters/02/inversion.png>
Package pdftex.def Info: chapters/02/inversion.png  used on input line 120.
(pdftex.def)             Requested size: 216.81pt x 96.87779pt.
<chapters/02/inversion_igv.png, id=1202, 667.49374pt x 474.77374pt>
File: chapters/02/inversion_igv.png Graphic file (type png)
<use chapters/02/inversion_igv.png>
Package pdftex.def Info: chapters/02/inversion_igv.png  used on input line 120.

(pdftex.def)             Requested size: 216.81pt x 154.21269pt.

Overfull \hbox (24.00003pt too wide) in paragraph at lines 119--124
[][] 
 []

[16]
Underfull \hbox (badness 10000) in paragraph at lines 131--134

 []

<chapters/02/tandem.png, id=1209, 927.465pt x 416.55624pt>
File: chapters/02/tandem.png Graphic file (type png)
<use chapters/02/tandem.png>
Package pdftex.def Info: chapters/02/tandem.png  used on input line 138.
(pdftex.def)             Requested size: 216.81pt x 97.37587pt.
<chapters/02/tandem_igv.png, id=1210, 701.62125pt x 470.75874pt>
File: chapters/02/tandem_igv.png Graphic file (type png)
<use chapters/02/tandem_igv.png>
Package pdftex.def Info: chapters/02/tandem_igv.png  used on input line 138.
(pdftex.def)             Requested size: 216.81pt x 145.4668pt.

Overfull \hbox (24.00003pt too wide) in paragraph at lines 137--141
[][] 
 []

[17 <./chapters/02/inversion.png> <./chapters/02/inversion_igv.png> <./chapters
/02/tandem.png> <./chapters/02/tandem_igv.png>]
<chapters/02/inverted.png, id=1222, 972.63374pt x 470.75874pt>
File: chapters/02/inverted.png Graphic file (type png)
<use chapters/02/inverted.png>
Package pdftex.def Info: chapters/02/inverted.png  used on input line 152.
(pdftex.def)             Requested size: 216.81pt x 104.93205pt.
<chapters/02/inverted_igv.png, id=1223, 717.68124pt x 493.845pt>
File: chapters/02/inverted_igv.png Graphic file (type png)
<use chapters/02/inverted_igv.png>
Package pdftex.def Info: chapters/02/inverted_igv.png  used on input line 152.
(pdftex.def)             Requested size: 216.81pt x 149.187pt.

Overfull \hbox (24.00003pt too wide) in paragraph at lines 151--155
[][] 
 []

) (./chapters/notes/03_fingerprinting.tex [18 <./chapters/02/inverted.png> <./c
hapters/02/inverted_igv.png>]
Chapter 3.

Package hyperref Warning: Difference (2) between bookmark levels is greater 
(hyperref)                than one, level fixed on input line 16.

[19

]
LaTeX Font Info:    Trying to load font information for T1+cmtt on input line 5
0.
 (/usr/share/texlive/texmf-dist/tex/latex/base/t1cmtt.fd
File: t1cmtt.fd 2019/12/16 v2.5j Standard LaTeX font definitions
)
Underfull \hbox (badness 10000) in paragraph at lines 58--59

 []

[20]
Underfull \hbox (badness 10000) in paragraph at lines 60--62

 []

<chapters/03/linkage.png, id=1246, 728.7225pt x 460.72125pt>
File: chapters/03/linkage.png Graphic file (type png)
<use chapters/03/linkage.png>
Package pdftex.def Info: chapters/03/linkage.png  used on input line 69.
(pdftex.def)             Requested size: 303.53267pt x 191.89876pt.
[21 <./chapters/03/linkage.png>]
<chapters/03/SNP.PNG, id=1254, 890.32625pt x 610.28pt>
File: chapters/03/SNP.PNG Graphic file (type png)
<use chapters/03/SNP.PNG>
Package pdftex.def Info: chapters/03/SNP.PNG  used on input line 105.
(pdftex.def)             Requested size: 260.17464pt x 178.33623pt.
 [22]
Underfull \hbox (badness 10000) in paragraph at lines 112--113

 []

[23 <./chapters/03/SNP.png>]
Underfull \hbox (badness 10000) in paragraph at lines 154--158

 []

<chapters/03/loci.PNG, id=1271, 939.51pt x 478.78876pt>
File: chapters/03/loci.PNG Graphic file (type png)
<use chapters/03/loci.PNG>
Package pdftex.def Info: chapters/03/loci.PNG  used on input line 171.
(pdftex.def)             Requested size: 303.53267pt x 154.68398pt.
[24]
<chapters/03/loci2.PNG, id=1282, 954.56625pt x 604.2575pt>
File: chapters/03/loci2.PNG Graphic file (type png)
<use chapters/03/loci2.PNG>
Package pdftex.def Info: chapters/03/loci2.PNG  used on input line 187.
(pdftex.def)             Requested size: 303.53267pt x 192.14006pt.
 [25 <./chapters/03/loci.png> <./chapters/03/loci2.png>]
<chapters/03/loci3.PNG, id=1291, 863.225pt x 541.02126pt>
File: chapters/03/loci3.PNG Graphic file (type png)
<use chapters/03/loci3.PNG>
Package pdftex.def Info: chapters/03/loci3.PNG  used on input line 204.
(pdftex.def)             Requested size: 303.53267pt x 190.23534pt.
 [26 <./chapters/03/loci3.png>]
<chapters/03/selected.PNG, id=1299, 1006.76125pt x 789.95125pt>
File: chapters/03/selected.PNG Graphic file (type png)
<use chapters/03/selected.PNG>
Package pdftex.def Info: chapters/03/selected.PNG  used on input line 235.
(pdftex.def)             Requested size: 303.53267pt x 238.1564pt.
 [27 <./chapters/03/selected.png>]
<chapters/03/double_test.PNG, id=1307, 954.56625pt x 483.8075pt>
File: chapters/03/double_test.PNG Graphic file (type png)
<use chapters/03/double_test.PNG>
Package pdftex.def Info: chapters/03/double_test.PNG  used on input line 286.
(pdftex.def)             Requested size: 303.53267pt x 153.8397pt.
 [28] [29 <./chapters/03/double_test.png>]
<chapters/03/50k.png, id=1326, 1050.92625pt x 601.24625pt>
File: chapters/03/50k.png Graphic file (type png)
<use chapters/03/50k.png>
Package pdftex.def Info: chapters/03/50k.png  used on input line 327.
(pdftex.def)             Requested size: 260.17464pt x 148.8433pt.
<chapters/03/54_snps.PNG, id=1327, 1014.79124pt x 625.33624pt>
File: chapters/03/54_snps.PNG Graphic file (type png)
<use chapters/03/54_snps.PNG>
Package pdftex.def Info: chapters/03/54_snps.PNG  used on input line 327.
(pdftex.def)             Requested size: 260.17464pt x 160.32216pt.

Underfull \hbox (badness 10000) in paragraph at lines 333--340

 []

[30 <./chapters/03/50k.png> <./chapters/03/54_snps.png>]
<chapters/03/relatedness.PNG, id=1337, 701.62125pt x 583.17876pt>
File: chapters/03/relatedness.PNG Graphic file (type png)
<use chapters/03/relatedness.PNG>
Package pdftex.def Info: chapters/03/relatedness.PNG  used on input line 349.
(pdftex.def)             Requested size: 303.53267pt x 252.30144pt.
 [31 <./chapters/03/relatedness.png>] [32]
<chapters/03/population.PNG, id=1350, 1012.78375pt x 784.9325pt>
File: chapters/03/population.PNG Graphic file (type png)
<use chapters/03/population.PNG>
Package pdftex.def Info: chapters/03/population.PNG  used on input line 394.
(pdftex.def)             Requested size: 303.53267pt x 235.24202pt.
<chapters/03/swiss.PNG, id=1351, 754.82pt x 770.88pt>
File: chapters/03/swiss.PNG Graphic file (type png)
<use chapters/03/swiss.PNG>
Package pdftex.def Info: chapters/03/swiss.PNG  used on input line 405.
(pdftex.def)             Requested size: 216.81pt x 221.42043pt.
 [33 <./chapters/03/population.png>])
(./chapters/notes/IGV.tex [34 <./chapters/03/swiss.png>]
Chapter 4.
<chapters/IGVImages/usagesIGV.PNG, id=1368, 700.11563pt x 397.485pt>
File: chapters/IGVImages/usagesIGV.PNG Graphic file (type png)
<use chapters/IGVImages/usagesIGV.PNG>
Package pdftex.def Info: chapters/IGVImages/usagesIGV.PNG  used on input line 1
4.
(pdftex.def)             Requested size: 346.89731pt x 196.95279pt.

Underfull \hbox (badness 10000) in paragraph at lines 19--33

 []

[35

 <./chapters/IGVImages/usagesIGV.PNG>]
<chapters/IGVImages/IGVview.PNG, id=1377, 355.82938pt x 245.41687pt>
File: chapters/IGVImages/IGVview.PNG Graphic file (type png)
<use chapters/IGVImages/IGVview.PNG>
Package pdftex.def Info: chapters/IGVImages/IGVview.PNG  used on input line 36.

(pdftex.def)             Requested size: 216.81pt x 149.5318pt.
<chapters/IGVImages/TileView.PNG, id=1378, 412.03937pt x 340.27126pt>
File: chapters/IGVImages/TileView.PNG Graphic file (type png)
<use chapters/IGVImages/TileView.PNG>
Package pdftex.def Info: chapters/IGVImages/TileView.PNG  used on input line 36
.
(pdftex.def)             Requested size: 216.81pt x 179.04488pt.

Overfull \hbox (24.00003pt too wide) in paragraph at lines 35--39
[][] 
 []


Underfull \hbox (badness 10000) in paragraph at lines 44--52

 []


LaTeX Warning: Reference `fig:ViewReads' on page 36 undefined on input line 56.



Underfull \hbox (badness 10000) in paragraph at lines 53--58

 []


Underfull \hbox (badness 10000) in paragraph at lines 59--61

 []

[36 <./chapters/IGVImages/IGVview.PNG> <./chapters/IGVImages/TileView.PNG>]
<chapters/IGVImages/IGVReadsView.PNG, id=1391, 722.19812pt x 376.40625pt>
File: chapters/IGVImages/IGVReadsView.PNG Graphic file (type png)
<use chapters/IGVImages/IGVReadsView.PNG>
Package pdftex.def Info: chapters/IGVImages/IGVReadsView.PNG  used on input lin
e 68.
(pdftex.def)             Requested size: 303.53267pt x 158.19867pt.
<chapters/IGVImages/igvtools.PNG, id=1393, 446.16687pt x 188.705pt>
File: chapters/IGVImages/igvtools.PNG Graphic file (type png)
<use chapters/IGVImages/igvtools.PNG>
Package pdftex.def Info: chapters/IGVImages/igvtools.PNG  used on input line 82
.
(pdftex.def)             Requested size: 260.17464pt x 110.04211pt.

[37 <./chapters/IGVImages/IGVReadsView.PNG> <./chapters/IGVImages/igvtools.PNG>
]
<chapters/IGVImages/RNAseqAlign.PNG, id=1403, 380.92313pt x 110.4125pt>
File: chapters/IGVImages/RNAseqAlign.PNG Graphic file (type png)
<use chapters/IGVImages/RNAseqAlign.PNG>
Package pdftex.def Info: chapters/IGVImages/RNAseqAlign.PNG  used on input line
 97.
(pdftex.def)             Requested size: 303.53267pt x 87.98305pt.
<chapters/IGVImages/sashamiplot.PNG, id=1404, 409.02812pt x 161.60374pt>
File: chapters/IGVImages/sashamiplot.PNG Graphic file (type png)
<use chapters/IGVImages/sashamiplot.PNG>
Package pdftex.def Info: chapters/IGVImages/sashamiplot.PNG  used on input line
 104.
(pdftex.def)             Requested size: 346.89731pt x 137.06299pt.
<chapters/IGVImages/variantsView.PNG, id=1405, 728.22063pt x 274.52562pt>
File: chapters/IGVImages/variantsView.PNG Graphic file (type png)
<use chapters/IGVImages/variantsView.PNG>
Package pdftex.def Info: chapters/IGVImages/variantsView.PNG  used on input lin
e 113.
(pdftex.def)             Requested size: 390.25534pt x 147.11899pt.
 [38 <./chapters/IGVImages/RNAseqAlign.PNG> <./chapters/IGVImages/sashamiplot.P
NG>]
<chapters/IGVImages/pos1.PNG, id=1415, 533.49312pt x 235.37938pt>
File: chapters/IGVImages/pos1.PNG Graphic file (type png)
<use chapters/IGVImages/pos1.PNG>
Package pdftex.def Info: chapters/IGVImages/pos1.PNG  used on input line 128.
(pdftex.def)             Requested size: 346.89731pt x 153.05583pt.
<chapters/IGVImages/pos2.PNG, id=1416, 269.50688pt x 280.54813pt>
File: chapters/IGVImages/pos2.PNG Graphic file (type png)
<use chapters/IGVImages/pos2.PNG>
Package pdftex.def Info: chapters/IGVImages/pos2.PNG  used on input line 138.
(pdftex.def)             Requested size: 260.17464pt x 270.83853pt.
 [39 <./chapters/IGVImages/variantsView.PNG> <./chapters/IGVImages/pos1.PNG>]
<chapters/IGVImages/cov3.PNG, id=1426, 404.51125pt x 40.15pt>
File: chapters/IGVImages/cov3.PNG Graphic file (type png)
<use chapters/IGVImages/cov3.PNG>
Package pdftex.def Info: chapters/IGVImages/cov3.PNG  used on input line 145.
(pdftex.def)             Requested size: 433.62pt x 43.0397pt.
<chapters/IGVImages/pos3.PNG, id=1427, 681.54625pt x 241.90375pt>
File: chapters/IGVImages/pos3.PNG Graphic file (type png)
<use chapters/IGVImages/pos3.PNG>
Package pdftex.def Info: chapters/IGVImages/pos3.PNG  used on input line 152.
(pdftex.def)             Requested size: 216.81pt x 76.95306pt.
<chapters/IGVImages/pos3passages.jpg, id=1428, 1473.505pt x 743.77875pt>
File: chapters/IGVImages/pos3passages.jpg Graphic file (type jpg)
<use chapters/IGVImages/pos3passages.jpg>
Package pdftex.def Info: chapters/IGVImages/pos3passages.jpg  used on input lin
e 152.
(pdftex.def)             Requested size: 216.81pt x 109.42836pt.

Overfull \hbox (24.00003pt too wide) in paragraph at lines 151--155
[][] 
 []

) (./chapters/notes/04_tumor_evolution.tex [40 <./chapters/IGVImages/pos2.PNG> 
<./chapters/IGVImages/cov3.PNG> <./chapters/IGVImages/pos3.PNG> <./chapters/IGV
Images/pos3passages.jpg>]
Chapter 5.

Underfull \hbox (badness 10000) in paragraph at lines 4--6

 []


Underfull \hbox (badness 10000) in paragraph at lines 20--25

 []


Underfull \hbox (badness 10000) in paragraph at lines 20--25

 []

[41

]
<chapters/04/heterogeneity.png, id=1443, 487.8225pt x 211.79124pt>
File: chapters/04/heterogeneity.png Graphic file (type png)
<use chapters/04/heterogeneity.png>
Package pdftex.def Info: chapters/04/heterogeneity.png  used on input line 37.
(pdftex.def)             Requested size: 303.53267pt x 131.78104pt.
<chapters/04/treatment.png, id=1444, 619.31375pt x 368.37625pt>
File: chapters/04/treatment.png Graphic file (type png)
<use chapters/04/treatment.png>
Package pdftex.def Info: chapters/04/treatment.png  used on input line 44.
(pdftex.def)             Requested size: 260.17464pt x 154.76193pt.

Underfull \hbox (badness 10000) in paragraph at lines 50--53

 []

[42 <./chapters/04/heterogeneity.png> <./chapters/04/treatment.png>]
<chapters/04/branching.png, id=1457, 729.72626pt x 361.35pt>
File: chapters/04/branching.png Graphic file (type png)
<use chapters/04/branching.png>
Package pdftex.def Info: chapters/04/branching.png  used on input line 62.
(pdftex.def)             Requested size: 303.53267pt x 150.30482pt.

Underfull \hbox (badness 10000) in paragraph at lines 70--73

 []

[43 <./chapters/04/branching.png>]
<chapters/04/response.png, id=1470, 509.905pt x 417.56pt>
File: chapters/04/response.png Graphic file (type png)
<use chapters/04/response.png>
Package pdftex.def Info: chapters/04/response.png  used on input line 83.
(pdftex.def)             Requested size: 303.53267pt x 248.57552pt.
 [44 <./chapters/04/response.png>]
<chapters/04/af_properties.png, id=1478, 460.72125pt x 302.12875pt>
File: chapters/04/af_properties.png Graphic file (type png)
<use chapters/04/af_properties.png>
Package pdftex.def Info: chapters/04/af_properties.png  used on input line 138.

(pdftex.def)             Requested size: 216.81pt x 142.1757pt.
 [45]
<chapters/04/a.png, id=1486, 1090.0725pt x 634.37pt>
File: chapters/04/a.png Graphic file (type png)
<use chapters/04/a.png>
Package pdftex.def Info: chapters/04/a.png  used on input line 147.
(pdftex.def)             Requested size: 346.89731pt x 201.87001pt.
<chapters/04/b.png, id=1487, 927.465pt x 439.6425pt>
File: chapters/04/b.png Graphic file (type png)
<use chapters/04/b.png>
Package pdftex.def Info: chapters/04/b.png  used on input line 148.
(pdftex.def)             Requested size: 346.89731pt x 164.43619pt.
<chapters/04/beta.png, id=1489, 275.0275pt x 211.79124pt>
File: chapters/04/beta.png Graphic file (type png)
<use chapters/04/beta.png>
Package pdftex.def Info: chapters/04/beta.png  used on input line 164.
(pdftex.def)             Requested size: 173.44534pt x 133.56815pt.

[46 <./chapters/04/af_properties.png> <./chapters/04/beta.png>] [47 <./chapters
/04/a.png> <./chapters/04/b.png>]
<chapters/04/sample1.png, id=1509, 661.47125pt x 204.765pt>
File: chapters/04/sample1.png Graphic file (type png)
<use chapters/04/sample1.png>
Package pdftex.def Info: chapters/04/sample1.png  used on input line 196.
(pdftex.def)             Requested size: 303.53267pt x 93.9587pt.
<chapters/04/sample2.png, id=1511, 668.4975pt x 197.73875pt>
File: chapters/04/sample2.png Graphic file (type png)
<use chapters/04/sample2.png>
Package pdftex.def Info: chapters/04/sample2.png  used on input line 207.
(pdftex.def)             Requested size: 303.53267pt x 89.78722pt.
<chapters/04/adm.png, id=1514, 331.2375pt x 421.575pt>
File: chapters/04/adm.png Graphic file (type png)
<use chapters/04/adm.png>
Package pdftex.def Info: chapters/04/adm.png  used on input line 217.
(pdftex.def)             Requested size: 151.76633pt x 193.15492pt.
 [48 <./chapters/04/sample1.png> <./chapters/04/sample2.png>]
Underfull \hbox (badness 10000) in paragraph at lines 241--244

 []

<chapters/04/PR_2741.png, id=1527, 514.92375pt x 442.65375pt>
File: chapters/04/PR_2741.png Graphic file (type png)
<use chapters/04/PR_2741.png>
Package pdftex.def Info: chapters/04/PR_2741.png  used on input line 248.
(pdftex.def)             Requested size: 303.53267pt x 260.93379pt.
) (./chapters/notes/05_tumor_evolution2.tex [49 <./chapters/04/adm.png>]
[50 <./chapters/04/PR_2741.png>]
Chapter 6.
<chapters/TumorEvStudiesIIImages/image2.png, id=1544, 523.9575pt x 400.49625pt>

File: chapters/TumorEvStudiesIIImages/image2.png Graphic file (type png)
<use chapters/TumorEvStudiesIIImages/image2.png>
Package pdftex.def Info: chapters/TumorEvStudiesIIImages/image2.png  used on in
put line 29.
(pdftex.def)             Requested size: 216.81pt x 165.72006pt.
<chapters/TumorEvStudiesIIImages/image3.png, id=1545, 522.95375pt x 401.5pt>
File: chapters/TumorEvStudiesIIImages/image3.png Graphic file (type png)
<use chapters/TumorEvStudiesIIImages/image3.png>
Package pdftex.def Info: chapters/TumorEvStudiesIIImages/image3.png  used on in
put line 29.
(pdftex.def)             Requested size: 216.81pt x 166.4601pt.

Overfull \hbox (24.00003pt too wide) in paragraph at lines 28--32
[][] 
 []

[51

]
<chapters/TumorEvStudiesIIImages/image4.png, id=1554, 328.22626pt x 227.85126pt
>
File: chapters/TumorEvStudiesIIImages/image4.png Graphic file (type png)
<use chapters/TumorEvStudiesIIImages/image4.png>
Package pdftex.def Info: chapters/TumorEvStudiesIIImages/image4.png  used on in
put line 62.
(pdftex.def)             Requested size: 216.81pt x 150.50745pt.
<chapters/TumorEvStudiesIIImages/image5.png, id=1555, 216.81pt x 218.8175pt>
File: chapters/TumorEvStudiesIIImages/image5.png Graphic file (type png)
<use chapters/TumorEvStudiesIIImages/image5.png>
Package pdftex.def Info: chapters/TumorEvStudiesIIImages/image5.png  used on in
put line 62.
(pdftex.def)             Requested size: 216.81pt x 218.82697pt.

Overfull \hbox (24.00003pt too wide) in paragraph at lines 61--65
[][] 
 []

[52 <./chapters/TumorEvStudiesIIImages/image2.png> <./chapters/TumorEvStudiesII
Images/image3.png>]
Underfull \hbox (badness 10000) in paragraph at lines 78--92

 []

[53 <./chapters/TumorEvStudiesIIImages/image4.png> <./chapters/TumorEvStudiesII
Images/image5.png>]
<chapters/TumorEvStudiesIIImages/image6.png, id=1572, 364.36125pt x 240.9pt>
File: chapters/TumorEvStudiesIIImages/image6.png Graphic file (type png)
<use chapters/TumorEvStudiesIIImages/image6.png>
Package pdftex.def Info: chapters/TumorEvStudiesIIImages/image6.png  used on in
put line 98.
(pdftex.def)             Requested size: 216.81pt x 143.34277pt.

Underfull \hbox (badness 10000) in paragraph at lines 104--113

 []

<chapters/TumorEvStudiesIIImages/pathways.png, id=1574, 430.60875pt x 327.2225p
t>
File: chapters/TumorEvStudiesIIImages/pathways.png Graphic file (type png)
<use chapters/TumorEvStudiesIIImages/pathways.png>
Package pdftex.def Info: chapters/TumorEvStudiesIIImages/pathways.png  used on 
input line 118.
(pdftex.def)             Requested size: 173.44534pt x 131.80539pt.
[54 <./chapters/TumorEvStudiesIIImages/image6.png>]

Package hyperref Warning: Token not allowed in a PDF string (PDFDocEncoding):
(hyperref)                removing `math shift' on input line 138.


Package hyperref Warning: Token not allowed in a PDF string (PDFDocEncoding):
(hyperref)                removing `\log' on input line 138.


Package hyperref Warning: Token not allowed in a PDF string (PDFDocEncoding):
(hyperref)                removing `subscript' on input line 138.


Package hyperref Warning: Token not allowed in a PDF string (PDFDocEncoding):
(hyperref)                removing `\begingroup' on input line 138.


Package hyperref Warning: Token not allowed in a PDF string (PDFDocEncoding):
(hyperref)                removing `\endgroup' on input line 138.


Package hyperref Warning: Token not allowed in a PDF string (PDFDocEncoding):
(hyperref)                removing `\@@over' on input line 138.


Package hyperref Warning: Token not allowed in a PDF string (PDFDocEncoding):
(hyperref)                removing `math shift' on input line 138.

[55 <./chapters/TumorEvStudiesIIImages/pathways.png>]
<chapters/TumorEvStudiesIIImages/image7.png, id=1589, 286.06876pt x 408.52625pt
>
File: chapters/TumorEvStudiesIIImages/image7.png Graphic file (type png)
<use chapters/TumorEvStudiesIIImages/image7.png>
Package pdftex.def Info: chapters/TumorEvStudiesIIImages/image7.png  used on in
put line 151.
(pdftex.def)             Requested size: 173.44534pt x 247.69211pt.


Package Fancyhdr Warning: \headheight is too small (12.0pt): 
Make it at least 12.3207pt.
We now make it that large for the rest of the document.
This may cause the page layout to be inconsistent, however.

[56 <./chapters/TumorEvStudiesIIImages/image7.png>]
<chapters/TumorEvStudiesIIImages/image8.png, id=1601, 316.18124pt x 420.57124pt
>
File: chapters/TumorEvStudiesIIImages/image8.png Graphic file (type png)
<use chapters/TumorEvStudiesIIImages/image8.png>
Package pdftex.def Info: chapters/TumorEvStudiesIIImages/image8.png  used on in
put line 189.
(pdftex.def)             Requested size: 173.44534pt x 230.71167pt.
 [57]
<chapters/TumorEvStudiesIIImages/image9.png, id=1611, 266.9975pt x 327.2225pt>
File: chapters/TumorEvStudiesIIImages/image9.png Graphic file (type png)
<use chapters/TumorEvStudiesIIImages/image9.png>
Package pdftex.def Info: chapters/TumorEvStudiesIIImages/image9.png  used on in
put line 222.
(pdftex.def)             Requested size: 216.81pt x 265.72282pt.
 [58 <./chapters/TumorEvStudiesIIImages/image8.png>]
<chapters/TumorEvStudiesIIImages/image10.png, id=1621, 317.185pt x 326.21875pt>

File: chapters/TumorEvStudiesIIImages/image10.png Graphic file (type png)
<use chapters/TumorEvStudiesIIImages/image10.png>
Package pdftex.def Info: chapters/TumorEvStudiesIIImages/image10.png  used on i
nput line 248.
(pdftex.def)             Requested size: 216.81pt x 222.99059pt.
 [59 <./chapters/TumorEvStudiesIIImages/image9.png>]
<chapters/TumorEvStudiesIIImages/image11.png, id=1630, 402.50375pt x 561.09625p
t>
File: chapters/TumorEvStudiesIIImages/image11.png Graphic file (type png)
<use chapters/TumorEvStudiesIIImages/image11.png>
Package pdftex.def Info: chapters/TumorEvStudiesIIImages/image11.png  used on i
nput line 267.
(pdftex.def)             Requested size: 216.81pt x 302.23404pt.
 [60 <./chapters/TumorEvStudiesIIImages/image10.png>]
<chapters/TumorEvStudiesIIImages/image12.png, id=1639, 703.62875pt x 320.19624p
t>
File: chapters/TumorEvStudiesIIImages/image12.png Graphic file (type png)
<use chapters/TumorEvStudiesIIImages/image12.png>
Package pdftex.def Info: chapters/TumorEvStudiesIIImages/image12.png  used on i
nput line 286.
(pdftex.def)             Requested size: 216.81pt x 98.65884pt.
 [61 <./chapters/TumorEvStudiesIIImages/image11.png>]
<chapters/TumorEvStudiesIIImages/image13.png, id=1647, 356.33125pt x 343.2825pt
>
File: chapters/TumorEvStudiesIIImages/image13.png Graphic file (type png)
<use chapters/TumorEvStudiesIIImages/image13.png>
Package pdftex.def Info: chapters/TumorEvStudiesIIImages/image13.png  used on i
nput line 310.
(pdftex.def)             Requested size: 130.08731pt x 125.32063pt.
 [62 <./chapters/TumorEvStudiesIIImages/image12.png> <./chapters/TumorEvStudies
IIImages/image13.png>]
<chapters/TumorEvStudiesIIImages/image14.png, id=1655, 165.2355pt x 144.54pt>
File: chapters/TumorEvStudiesIIImages/image14.png Graphic file (type png)
<use chapters/TumorEvStudiesIIImages/image14.png>
Package pdftex.def Info: chapters/TumorEvStudiesIIImages/image14.png  used on i
nput line 325.
(pdftex.def)             Requested size: 216.81pt x 189.65532pt.


Package hyperref Warning: Token not allowed in a PDF string (PDFDocEncoding):
(hyperref)                removing `math shift' on input line 334.


Package hyperref Warning: Token not allowed in a PDF string (PDFDocEncoding):
(hyperref)                removing `subscript' on input line 334.


Package hyperref Warning: Token not allowed in a PDF string (PDFDocEncoding):
(hyperref)                removing `math shift' on input line 334.


Package hyperref Warning: Token not allowed in a PDF string (PDFDocEncoding):
(hyperref)                removing `math shift' on input line 334.


Package hyperref Warning: Token not allowed in a PDF string (PDFDocEncoding):
(hyperref)                removing `subscript' on input line 334.


Package hyperref Warning: Token not allowed in a PDF string (PDFDocEncoding):
(hyperref)                removing `math shift' on input line 334.

<chapters/TumorEvStudiesIIImages/image15.png, id=1657, 721.69624pt x 580.1675pt
>
File: chapters/TumorEvStudiesIIImages/image15.png Graphic file (type png)
<use chapters/TumorEvStudiesIIImages/image15.png>
Package pdftex.def Info: chapters/TumorEvStudiesIIImages/image15.png  used on i
nput line 341.
(pdftex.def)             Requested size: 303.53267pt x 244.00508pt.
[63 <./chapters/TumorEvStudiesIIImages/image14.png>] [64 <./chapters/TumorEvStu
diesIIImages/image15.png>]
<chapters/TumorEvStudiesIIImages/image16.png, id=1674, 913.4125pt x 682.55pt>
File: chapters/TumorEvStudiesIIImages/image16.png Graphic file (type png)
<use chapters/TumorEvStudiesIIImages/image16.png>
Package pdftex.def Info: chapters/TumorEvStudiesIIImages/image16.png  used on i
nput line 379.
(pdftex.def)             Requested size: 346.89731pt x 259.21547pt.
) (./chapters/notes/06_tumor_evolution3.tex [65 <./chapters/TumorEvStudiesIIIma
ges/image16.png>]
Chapter 7.
<chapters/TumorEvolution3Images/quiet_genome.png, id=1683, 845.1575pt x 525.965
pt>
File: chapters/TumorEvolution3Images/quiet_genome.png Graphic file (type png)
<use chapters/TumorEvolution3Images/quiet_genome.png>
Package pdftex.def Info: chapters/TumorEvolution3Images/quiet_genome.png  used 
on input line 11.
(pdftex.def)             Requested size: 303.53267pt x 188.89781pt.
[66

 <./chapters/TumorEvolution3Images/quiet_genome.png>]
<chapters/TumorEvolution3Images/SNVs.png, id=1692, 182.6825pt x 377.41pt>
File: chapters/TumorEvolution3Images/SNVs.png Graphic file (type png)
<use chapters/TumorEvolution3Images/SNVs.png>
Package pdftex.def Info: chapters/TumorEvolution3Images/SNVs.png  used on input
 line 25.
(pdftex.def)             Requested size: 86.72267pt x 179.16219pt.
<chapters/TumorEvolution3Images/peaks.png, id=1693, 550.055pt x 366.36874pt>
File: chapters/TumorEvolution3Images/peaks.png Graphic file (type png)
<use chapters/TumorEvolution3Images/peaks.png>
Package pdftex.def Info: chapters/TumorEvolution3Images/peaks.png  used on inpu
t line 25.
(pdftex.def)             Requested size: 216.81pt x 144.4094pt.
<chapters/TumorEvolution3Images/tpes.png, id=1695, 1077.02374pt x 363.3575pt>
File: chapters/TumorEvolution3Images/tpes.png Graphic file (type png)
<use chapters/TumorEvolution3Images/tpes.png>
Package pdftex.def Info: chapters/TumorEvolution3Images/tpes.png  used on input
 line 44.
(pdftex.def)             Requested size: 303.53267pt x 102.40472pt.
 [67 <./chapters/TumorEvolution3Images/SNVs.png> <./chapters/TumorEvolution3Ima
ges/peaks.png>]
<chapters/TumorEvolution3Images/comparative.png, id=1704, 560.0925pt x 344.2862
5pt>
File: chapters/TumorEvolution3Images/comparative.png Graphic file (type png)
<use chapters/TumorEvolution3Images/comparative.png>
Package pdftex.def Info: chapters/TumorEvolution3Images/comparative.png  used o
n input line 85.
(pdftex.def)             Requested size: 303.53267pt x 186.58948pt.

[68 <./chapters/TumorEvolution3Images/tpes.png>])
(./chapters/notes/07_liquid_biopsies.tex [69 <./chapters/TumorEvolution3Images/
comparative.png>]
Chapter 8.

Underfull \hbox (badness 10000) in paragraph at lines 16--16
[]|\T1/cmr/m/n/10 Accurate and de-tailed
 []


Underfull \hbox (badness 4543) in paragraph at lines 22--22
\T1/cmr/m/n/10 the pa-tient, not fea-si-
 []

[70

]
Overfull \hbox (46.82407pt too wide) in paragraph at lines 41--58
 [][] 
 []

[71]
Underfull \hbox (badness 10000) in paragraph at lines 67--72

 []

<chapters/LiquidBiopsiesImages/norm.png, id=1729, 459.7175pt x 351.3125pt>
File: chapters/LiquidBiopsiesImages/norm.png Graphic file (type png)
<use chapters/LiquidBiopsiesImages/norm.png>
Package pdftex.def Info: chapters/LiquidBiopsiesImages/norm.png  used on input 
line 75.
(pdftex.def)             Requested size: 173.44534pt x 132.54594pt.
[72]
<chapters/LiquidBiopsiesImages/quantity1.png, id=1737, 648.4225pt x 473.77pt>
File: chapters/LiquidBiopsiesImages/quantity1.png Graphic file (type png)
<use chapters/LiquidBiopsiesImages/quantity1.png>
Package pdftex.def Info: chapters/LiquidBiopsiesImages/quantity1.png  used on i
nput line 91.
(pdftex.def)             Requested size: 216.81pt x 158.41211pt.
<chapters/LiquidBiopsiesImages/quantity2.png, id=1738, 593.21625pt x 487.8225pt
>
File: chapters/LiquidBiopsiesImages/quantity2.png Graphic file (type png)
<use chapters/LiquidBiopsiesImages/quantity2.png>
Package pdftex.def Info: chapters/LiquidBiopsiesImages/quantity2.png  used on i
nput line 98.
(pdftex.def)             Requested size: 303.53267pt x 249.61241pt.
 [73 <./chapters/LiquidBiopsiesImages/norm.png> <./chapters/LiquidBiopsiesImage
s/quantity1.png>] [74 <./chapters/LiquidBiopsiesImages/quantity2.png>]
Overfull \hbox (46.82407pt too wide) in paragraph at lines 126--137
[] 
 []

<chapters/LiquidBiopsiesImages/wg.png, id=1754, 752.8125pt x 438.63875pt>
File: chapters/LiquidBiopsiesImages/wg.png Graphic file (type png)
<use chapters/LiquidBiopsiesImages/wg.png>
Package pdftex.def Info: chapters/LiquidBiopsiesImages/wg.png  used on input li
ne 143.
(pdftex.def)             Requested size: 260.17464pt x 151.59825pt.
<chapters/LiquidBiopsiesImages/case1a.png, id=1756, 548.0475pt x 392.46625pt>
File: chapters/LiquidBiopsiesImages/case1a.png Graphic file (type png)
<use chapters/LiquidBiopsiesImages/case1a.png>
Package pdftex.def Info: chapters/LiquidBiopsiesImages/case1a.png  used on inpu
t line 154.
(pdftex.def)             Requested size: 173.44534pt x 124.2084pt.
<chapters/LiquidBiopsiesImages/case1b.png, id=1757, 681.54625pt x 388.45125pt>
File: chapters/LiquidBiopsiesImages/case1b.png Graphic file (type png)
<use chapters/LiquidBiopsiesImages/case1b.png>
Package pdftex.def Info: chapters/LiquidBiopsiesImages/case1b.png  used on inpu
t line 154.
(pdftex.def)             Requested size: 260.17464pt x 148.28871pt.

Overfull \hbox (24.00002pt too wide) in paragraph at lines 153--157
[][] 
 []

[75 <./chapters/LiquidBiopsiesImages/wg.png>]
<chapters/LiquidBiopsiesImages/case2.png, id=1764, 816.04875pt x 369.38pt>
File: chapters/LiquidBiopsiesImages/case2.png Graphic file (type png)
<use chapters/LiquidBiopsiesImages/case2.png>
Package pdftex.def Info: chapters/LiquidBiopsiesImages/case2.png  used on input
 line 173.
(pdftex.def)             Requested size: 303.53267pt x 137.3899pt.

Underfull \hbox (badness 10000) in paragraph at lines 177--178

 []

[76 <./chapters/LiquidBiopsiesImages/case1a.png> <./chapters/LiquidBiopsiesImag
es/case1b.png> <./chapters/LiquidBiopsiesImages/case2.png>]
<chapters/LiquidBiopsiesImages/time.png, id=1774, 568.1225pt x 337.26pt>
File: chapters/LiquidBiopsiesImages/time.png Graphic file (type png)
<use chapters/LiquidBiopsiesImages/time.png>
Package pdftex.def Info: chapters/LiquidBiopsiesImages/time.png  used on input 
line 194.
(pdftex.def)             Requested size: 303.53267pt x 180.19301pt.
)
(./chapters/notes/extra_vesicles.tex [77 <./chapters/LiquidBiopsiesImages/time.
png>]
Chapter 9.
<chapters/ev/ev1.png, id=1781, 997.7275pt x 478.78876pt>
File: chapters/ev/ev1.png Graphic file (type png)
<use chapters/ev/ev1.png>
Package pdftex.def Info: chapters/ev/ev1.png  used on input line 16.
(pdftex.def)             Requested size: 303.53267pt x 145.65411pt.

Overfull \hbox (3.49548pt too wide) in paragraph at lines 8--19
\T1/cmr/m/n/10 ^^PExtracellular vesi-cles are membrane-enclosed nanoscale par-t
i-cles re-leased from es-sen-tially all prokary-
 []

[78

 <./chapters/ev/ev1.png>]
<chapters/ev/origin1.png, id=1791, 452.69125pt x 400.49625pt>
File: chapters/ev/origin1.png Graphic file (type png)
<use chapters/ev/origin1.png>
Package pdftex.def Info: chapters/ev/origin1.png  used on input line 39.
(pdftex.def)             Requested size: 184.9429pt x 163.61786pt.
<chapters/ev/origin2.png, id=1792, 430.60875pt x 439.6425pt>
File: chapters/ev/origin2.png Graphic file (type png)
<use chapters/ev/origin2.png>
Package pdftex.def Info: chapters/ev/origin2.png  used on input line 39.
(pdftex.def)             Requested size: 184.9429pt x 188.82791pt.
 [79 <./chapters/ev/origin1.png> <./chapters/ev/origin2.png>]
<chapters/ev/evs_bone.png, id=1801, 860.21375pt x 441.65pt>
File: chapters/ev/evs_bone.png Graphic file (type png)
<use chapters/ev/evs_bone.png>
Package pdftex.def Info: chapters/ev/evs_bone.png  used on input line 77.
(pdftex.def)             Requested size: 303.53267pt x 155.84001pt.
 [80]
Underfull \hbox (badness 10000) in paragraph at lines 86--92

 []

<chapters/ev/cancer2.png, id=1807, 762.85pt x 520.94624pt>
File: chapters/ev/cancer2.png Graphic file (type png)
<use chapters/ev/cancer2.png>
Package pdftex.def Info: chapters/ev/cancer2.png  used on input line 95.
(pdftex.def)             Requested size: 303.53267pt x 207.27785pt.
[81 <./chapters/ev/evs_bone.png>] [82 <./chapters/ev/cancer2.png>]
<chapters/ev/supervised_devo.png, id=1821, 881.2925pt x 412.54124pt>
File: chapters/ev/supervised_devo.png Graphic file (type png)
<use chapters/ev/supervised_devo.png>
Package pdftex.def Info: chapters/ev/supervised_devo.png  used on input line 13
5.
(pdftex.def)             Requested size: 303.53267pt x 142.08768pt.
<chapters/ev/unsupervised_deco.png, id=1822, 872.25874pt x 344.28625pt>
File: chapters/ev/unsupervised_deco.png Graphic file (type png)
<use chapters/ev/unsupervised_deco.png>
Package pdftex.def Info: chapters/ev/unsupervised_deco.png  used on input line 
143.
(pdftex.def)             Requested size: 303.53267pt x 119.80328pt.
 [83 <./chapters/ev/supervised_devo.png>]) (./chapters/notes/08_methylation.tex
 [84 <./chapters/ev/unsupervised_deco.png>]
Chapter 10.
[85

]
<chapters/MethylationImages/cancerMet.png, id=1841, 500.87125pt x 538.01pt>
File: chapters/MethylationImages/cancerMet.png Graphic file (type png)
<use chapters/MethylationImages/cancerMet.png>
Package pdftex.def Info: chapters/MethylationImages/cancerMet.png  used on inpu
t line 56.
(pdftex.def)             Requested size: 216.81pt x 232.88315pt.
<chapters/MethylationImages/methods.png, id=1842, 734.745pt x 369.38pt>
File: chapters/MethylationImages/methods.png Graphic file (type png)
<use chapters/MethylationImages/methods.png>
Package pdftex.def Info: chapters/MethylationImages/methods.png  used on input 
line 83.
(pdftex.def)             Requested size: 346.89731pt x 174.39769pt.
 [86 <./chapters/MethylationImages/cancerMet.png>]
Underfull \hbox (badness 10000) in paragraph at lines 88--90

 []

[87 <./chapters/MethylationImages/methods.png>]
<chapters/MethylationImages/comp.png, id=1853, 804.00375pt x 428.60126pt>
File: chapters/MethylationImages/comp.png Graphic file (type png)
<use chapters/MethylationImages/comp.png>
Package pdftex.def Info: chapters/MethylationImages/comp.png  used on input lin
e 131.
(pdftex.def)             Requested size: 433.62pt x 231.15347pt.
<chapters/MethylationImages/workflow.png, id=1854, 756.8275pt x 291.0875pt>
File: chapters/MethylationImages/workflow.png Graphic file (type png)
<use chapters/MethylationImages/workflow.png>
Package pdftex.def Info: chapters/MethylationImages/workflow.png  used on input
 line 152.
(pdftex.def)             Requested size: 346.89731pt x 133.42216pt.
 [88 <./chapters/MethylationImages/comp.png>]
Underfull \hbox (badness 10000) in paragraph at lines 202--203

 []

[89 <./chapters/MethylationImages/workflow.png>]) [90] [91

]
(./chapters/papers/01_role_non_coding_cancer.tex
Chapter 11.
[92

] [93] [94] [95]) (./chapters/papers/02_cancer_genomics_2_gen_seq.tex
[96] [97]
Chapter 12.
[98

] [99] [100]) (./chapters/papers/03_IGV.tex [101] [102]
Chapter 13.
) (./chapters/papers/04_tumour_heterogeneity_resistance.tex [103

]
Chapter 14.
[104

] [105] [106]) (./chapters/papers/05_clonal_hierarchy.tex [107] [108]
Chapter 15.
[109

] [110]
Overfull \hbox (7.99419pt too wide) in paragraph at lines 81--81
[]\T1/cmr/bx/n/12 Comparative anal-y-sis re-veals dif-fer-ent mech-a-nisms of t
u-mour dereg-
 []

[111] [112] [113]) (./chapters/papers/06_TPES.tex [114]
Chapter 16.
) (./chapters/papers/07_SPIA.tex [115

] [116]
Chapter 17.
[117

]) [118]
Package atveryend Info: Empty hook `BeforeClearDocument' on input line 39.
 [119]
Package atveryend Info: Empty hook `AfterLastShipout' on input line 39.
 (build/principal.aux)
Package atveryend Info: Executing hook `AtVeryEndDocument' on input line 39.
Package atveryend Info: Executing hook `AtEndAfterFileList' on input line 39.
Package rerunfilecheck Info: File `principal.out' has not changed.
(rerunfilecheck)             Checksum: <no file>.


LaTeX Warning: There were undefined references.


LaTeX Warning: There were multiply-defined labels.

Package atveryend Info: Empty hook `AtVeryVeryEnd' on input line 39.
 ) 
Here is how much of TeX's memory you used:
 19608 strings out of 482820
 344271 string characters out of 5957805
 651686 words of memory out of 5000000
 33909 multiletter control sequences out of 15000+600000
 563766 words of font info for 104 fonts, out of 8000000 for 9000
 81 hyphenation exceptions out of 8191
 44i,14n,79p,1356b,899s stack positions out of 5000i,500n,10000p,200000b,80000s
 </home/elisa/.texlive2019/texmf-var/fonts/pk/ljfour/jknappen/ec/tcrm0900.600
pk> </home/elisa/.texlive2019/texmf-var/fonts/pk/ljfour/jknappen/ec/ecbi0900.60
0pk> </home/elisa/.texlive2019/texmf-var/fonts/pk/ljfour/jknappen/ec/ecbi1000.6
00pk> </home/elisa/.texlive2019/texmf-var/fonts/pk/ljfour/jknappen/ec/ectt1000.
600pk> </home/elisa/.texlive2019/texmf-var/fonts/pk/ljfour/jknappen/ec/ecrm0800
.600pk> </home/elisa/.texlive2019/texmf-var/fonts/pk/ljfour/jknappen/ec/ecrm060
0.600pk> </home/elisa/.texlive2019/texmf-var/fonts/pk/ljfour/jknappen/ec/ecrm07
00.600pk> </home/elisa/.texlive2019/texmf-var/fonts/pk/ljfour/jknappen/ec/tcrm1
000.600pk> </home/elisa/.texlive2019/texmf-var/fonts/pk/ljfour/jknappen/ec/ecti
0900.600pk> </home/elisa/.texlive2019/texmf-var/fonts/pk/ljfour/jknappen/ec/ect
i1000.600pk> </home/elisa/.texlive2019/texmf-var/fonts/pk/ljfour/jknappen/ec/ec
bx0900.600pk> </home/elisa/.texlive2019/texmf-var/fonts/pk/ljfour/jknappen/ec/e
cbx1440.600pk> </home/elisa/.texlive2019/texmf-var/fonts/pk/ljfour/jknappen/ec/
ecbx2074.600pk> </home/elisa/.texlive2019/texmf-var/fonts/pk/ljfour/jknappen/ec
/ecrm1000.600pk> </home/elisa/.texlive2019/texmf-var/fonts/pk/ljfour/jknappen/e
c/ecbx1000.600pk> </home/elisa/.texlive2019/texmf-var/fonts/pk/ljfour/jknappen/
ec/ecbx1200.600pk> </home/elisa/.texlive2019/texmf-var/fonts/pk/ljfour/jknappen
/ec/ecrm0900.600pk> </home/elisa/.texlive2019/texmf-var/fonts/pk/ljfour/jknappe
n/ec/ecrm1200.600pk> </home/elisa/.texlive2019/texmf-var/fonts/pk/ljfour/jknapp
en/ec/ecbx2488.600pk></usr/share/texlive/texmf-dist/fonts/type1/public/amsfonts
/cm/cmex10.pfb></usr/share/texlive/texmf-dist/fonts/type1/public/amsfonts/cm/cm
mi10.pfb></usr/share/texlive/texmf-dist/fonts/type1/public/amsfonts/cm/cmmi12.p
fb></usr/share/texlive/texmf-dist/fonts/type1/public/amsfonts/cm/cmmi5.pfb></us
r/share/texlive/texmf-dist/fonts/type1/public/amsfonts/cm/cmmi6.pfb></usr/share
/texlive/texmf-dist/fonts/type1/public/amsfonts/cm/cmmi7.pfb></usr/share/texliv
e/texmf-dist/fonts/type1/public/amsfonts/cm/cmmi8.pfb></usr/share/texlive/texmf
-dist/fonts/type1/public/amsfonts/cm/cmmi9.pfb></usr/share/texlive/texmf-dist/f
onts/type1/public/amsfonts/cm/cmr10.pfb></usr/share/texlive/texmf-dist/fonts/ty
pe1/public/amsfonts/cm/cmr12.pfb></usr/share/texlive/texmf-dist/fonts/type1/pub
lic/amsfonts/cm/cmr6.pfb></usr/share/texlive/texmf-dist/fonts/type1/public/amsf
onts/cm/cmr7.pfb></usr/share/texlive/texmf-dist/fonts/type1/public/amsfonts/cm/
cmsy10.pfb></usr/share/texlive/texmf-dist/fonts/type1/public/amsfonts/cm/cmsy7.
pfb></usr/share/texlive/texmf-dist/fonts/type1/public/amsfonts/cm/cmsy9.pfb>
Output written on build/principal.pdf (120 pages, 9893893 bytes).
PDF statistics:
 2880 PDF objects out of 2984 (max. 8388607)
 1884 compressed objects within 19 object streams
 471 named destinations out of 1000 (max. 500000)
 2115 words of extra memory for PDF output out of 10000 (max. 10000000)

