\BOOKMARK [-1][-]{part.1}{\376\377\000I\000\040\000N\000o\000t\000e\000s}{}% 1
\BOOKMARK [0][-]{chapter.1}{\376\377\000I\000n\000t\000r\000o\000d\000u\000c\000t\000i\000o\000n}{part.1}% 2
\BOOKMARK [1][-]{section.1.1}{\376\377\000G\000e\000n\000e\000t\000i\000c\000s\000\040\000v\000s\000\040\000G\000e\000n\000o\000m\000i\000c\000s}{chapter.1}% 3
\BOOKMARK [2][-]{subsection.1.1.1}{\376\377\000D\000i\000f\000f\000e\000r\000e\000n\000c\000e\000s}{section.1.1}% 4
\BOOKMARK [1][-]{section.1.2}{\376\377\000H\000u\000m\000a\000n\000\040\000G\000e\000n\000o\000m\000i\000c\000s\000\040\000-\000\040\000t\000h\000e\000\040\000B\000a\000s\000i\000s}{chapter.1}% 5
\BOOKMARK [2][-]{subsection.1.2.1}{\376\377\000G\000e\000n\000e\000t\000i\000c\000\040\000M\000a\000k\000e\000-\000U\000p}{section.1.2}% 6
\BOOKMARK [1][-]{section.1.3}{\376\377\000I\000n\000h\000e\000r\000i\000t\000e\000d\000\040\000v\000a\000r\000i\000a\000n\000t\000s\000'\000\040\000r\000e\000l\000e\000v\000a\000n\000c\000e}{chapter.1}% 7
\BOOKMARK [2][-]{subsection.1.3.1}{\376\377\000D\000i\000f\000f\000e\000r\000e\000n\000c\000e\000s\000\040\000i\000n\000\040\000G\000e\000n\000e\000t\000i\000c\000\040\000M\000a\000k\000e\000-\000U\000p\000,\000\040\000a\000n\000\040\000e\000x\000a\000m\000p\000l\000e}{section.1.3}% 8
\BOOKMARK [2][-]{subsection.1.3.2}{\376\377\000S\000o\000m\000a\000t\000i\000c\000\040\000V\000a\000r\000i\000a\000n\000t\000s}{section.1.3}% 9
\BOOKMARK [1][-]{section.1.4}{\376\377\000E\000x\000p\000e\000r\000i\000m\000e\000n\000t\000a\000l\000\040\000t\000e\000c\000h\000n\000i\000q\000u\000e\000s\000\040\000t\000o\000\040\000d\000e\000t\000e\000c\000t\000\040\000v\000a\000r\000i\000a\000n\000t\000s\000/\000a\000b\000e\000r\000r\000a\000t\000i\000o\000n\000s}{chapter.1}% 10
\BOOKMARK [2][-]{subsection.1.4.1}{\376\377\000C\000a\000r\000i\000o\000t\000y\000p\000i\000n\000g}{section.1.4}% 11
\BOOKMARK [1][-]{section.1.5}{\376\377\000S\000e\000q\000u\000e\000n\000c\000e\000\040\000c\000a\000p\000t\000u\000r\000e\000\040\000f\000o\000r\000\040\000c\000a\000n\000c\000e\000r\000\040\000g\000e\000n\000o\000m\000i\000c\000s}{chapter.1}% 12
\BOOKMARK [2][-]{subsection.1.5.1}{\376\377\000S\000i\000n\000g\000l\000e\000\040\000E\000n\000d\000\040\000\050\000S\000E\000\051\000\040\000a\000n\000d\000\040\000P\000a\000i\000r\000e\000d\000\040\000E\000n\000d\000\040\000\050\000P\000E\000\051\000\040\000r\000e\000a\000d\000s}{section.1.5}% 13
\BOOKMARK [0][-]{chapter.2}{\376\377\000C\000o\000v\000e\000r\000a\000g\000e}{part.1}% 14
\BOOKMARK [1][-]{section.2.1}{\376\377\000L\000o\000c\000a\000l\000\040\000C\000o\000v\000e\000r\000a\000g\000e\000\040\000a\000n\000d\000\040\000A\000l\000l\000e\000l\000i\000c\000\040\000F\000r\000a\000c\000t\000i\000o\000n}{chapter.2}% 15
\BOOKMARK [2][-]{subsection.2.1.1}{\376\377\000M\000a\000p\000p\000i\000n\000g\000\040\000i\000n\000\040\000N\000G\000S}{section.2.1}% 16
\BOOKMARK [1][-]{section.2.2}{\376\377\000T\000u\000n\000i\000n\000g\000\040\000t\000h\000e\000\040\000i\000n\000t\000e\000n\000d\000e\000d\000\040\000c\000o\000v\000e\000r\000a\000g\000e\000\040\000o\000f\000\040\000a\000\040\000N\000G\000S\000\040\000a\000s\000s\000a\000y}{chapter.2}% 17
\BOOKMARK [2][-]{subsection.2.2.1}{\376\377\000E\000x\000a\000m\000p\000l\000e\000\040\000o\000n\000\040\000t\000h\000e\000\040\000i\000m\000p\000o\000r\000t\000a\000n\000c\000e\000\040\000o\000f\000\040\000c\000o\000v\000e\000r\000a\000g\000e}{section.2.2}% 18
\BOOKMARK [2][-]{subsection.2.2.2}{\376\377\000D\000a\000t\000a\000b\000a\000s\000e\000s}{section.2.2}% 19
\BOOKMARK [1][-]{section.2.3}{\376\377\000I\000n\000t\000e\000r\000p\000r\000e\000t\000i\000n\000g\000\040\000P\000a\000i\000r\000\040\000O\000r\000i\000e\000n\000t\000a\000t\000i\000o\000n\000s}{chapter.2}% 20
\BOOKMARK [2][-]{subsection.2.3.1}{\376\377\000I\000n\000v\000e\000r\000s\000i\000o\000n}{section.2.3}% 21
\BOOKMARK [2][-]{subsection.2.3.2}{\376\377\000T\000a\000n\000d\000e\000m\000\040\000d\000u\000p\000l\000i\000c\000a\000t\000i\000o\000n}{section.2.3}% 22
\BOOKMARK [2][-]{subsection.2.3.3}{\376\377\000I\000n\000v\000e\000r\000t\000e\000d\000\040\000d\000u\000p\000l\000i\000c\000a\000t\000i\000o\000n}{section.2.3}% 23
\BOOKMARK [1][-]{section.2.4}{\376\377\000S\000u\000m\000m\000a\000r\000y}{chapter.2}% 24
\BOOKMARK [0][-]{chapter.3}{\376\377\000G\000e\000n\000e\000t\000i\000c\000\040\000F\000i\000n\000g\000e\000r\000p\000r\000i\000n\000t\000i\000n\000g}{part.1}% 25
\BOOKMARK [1][-]{subsection.3.0.1}{\376\377\000V\000a\000r\000i\000a\000n\000t\000s\000\040\000u\000s\000e\000d\000\040\000f\000o\000r\000\040\000g\000e\000n\000e\000t\000i\000c\000\040\000t\000e\000s\000t\000i\000n\000g}{chapter.3}% 26
\BOOKMARK [1][-]{section.3.1}{\376\377\000S\000N\000P\000s\000\040\000f\000e\000a\000t\000u\000r\000e\000s}{chapter.3}% 27
\BOOKMARK [2][-]{subsection.3.1.1}{\376\377\000H\000a\000r\000d\000y\000-\000W\000e\000i\000n\000b\000e\000r\000g\000\040\000e\000q\000u\000i\000l\000i\000b\000r\000i\000u\000m\000\040\000a\000n\000d\000\040\000M\000i\000n\000o\000r\000\040\000A\000l\000l\000e\000l\000e\000\040\000f\000r\000e\000q\000u\000e\000n\000c\000y}{section.3.1}% 28
\BOOKMARK [2][-]{subsection.3.1.2}{\376\377\000M\000i\000n\000o\000r\000\040\000A\000l\000l\000e\000l\000e\000\040\000F\000r\000e\000q\000u\000e\000n\000c\000y}{section.3.1}% 29
\BOOKMARK [2][-]{subsection.3.1.3}{\376\377\000H\000a\000p\000l\000o\000t\000y\000p\000e\000\040\000B\000l\000o\000c\000k\000s}{section.3.1}% 30
\BOOKMARK [2][-]{subsection.3.1.4}{\376\377\000O\000t\000h\000e\000r\000\040\000S\000N\000P\000s\000\040\000f\000e\000a\000t\000u\000r\000e\000s}{section.3.1}% 31
\BOOKMARK [2][-]{subsection.3.1.5}{\376\377\000N\000u\000m\000b\000e\000r\000\040\000o\000f\000\040\000S\000N\000P\000s\000\040\000t\000o\000\040\000s\000e\000l\000e\000c\000t}{section.3.1}% 32
\BOOKMARK [2][-]{subsection.3.1.6}{\376\377\000S\000o\000m\000e\000\040\000q\000u\000e\000s\000t\000i\000o\000n\000s}{section.3.1}% 33
\BOOKMARK [2][-]{subsection.3.1.7}{\376\377\000F\000u\000r\000t\000h\000e\000r\000\040\000c\000o\000n\000s\000i\000d\000e\000r\000a\000t\000i\000o\000n\000s}{section.3.1}% 34
\BOOKMARK [1][-]{section.3.2}{\376\377\000B\000u\000i\000l\000d\000i\000n\000g\000\040\000a\000\040\000S\000N\000P\000-\000b\000a\000s\000e\000d\000\040\000g\000e\000n\000e\000t\000i\000c\000\040\000t\000e\000s\000t}{chapter.3}% 35
\BOOKMARK [2][-]{subsection.3.2.1}{\376\377\000I\000m\000p\000l\000e\000m\000e\000n\000t\000a\000t\000i\000o\000n\000\040\000o\000f\000\040\000a\000\040\000p\000r\000o\000b\000a\000b\000i\000l\000i\000s\000t\000i\000c\000\040\000t\000e\000s\000t}{section.3.2}% 36
\BOOKMARK [2][-]{subsection.3.2.2}{\376\377\000E\000x\000a\000m\000p\000l\000e\000\040\0001\000:\000\040\000C\000e\000l\000l\000\040\000l\000i\000n\000e\000\040\000p\000a\000s\000s\000a\000g\000e\000s}{section.3.2}% 37
\BOOKMARK [2][-]{subsection.3.2.3}{\376\377\000I\000n\000d\000i\000v\000i\000d\000u\000a\000l\000'\000s\000\040\000R\000e\000l\000a\000t\000e\000d\000n\000e\000s\000s\000\040\000\050\000g\000e\000n\000o\000t\000y\000p\000e\000-\000d\000i\000s\000t\000a\000n\000c\000e\000\051}{section.3.2}% 38
\BOOKMARK [2][-]{subsection.3.2.4}{\376\377\000E\000x\000a\000m\000p\000l\000e\000\040\0003\000:\000\040\000C\000a\000n\000c\000e\000r\000\040\000s\000u\000p\000s\000c\000e\000t\000t\000i\000b\000i\000l\000i\000t\000y\000\040\000t\000e\000s\000t}{section.3.2}% 39
\BOOKMARK [2][-]{subsection.3.2.5}{\376\377\000G\000e\000n\000e\000t\000i\000c\000\040\000s\000t\000r\000u\000c\000t\000u\000r\000e\000\040\000o\000f\000\040\000t\000h\000e\000\040\000h\000u\000m\000a\000n\000\040\000p\000o\000p\000u\000l\000a\000t\000i\000o\000n}{section.3.2}% 40
\BOOKMARK [0][-]{chapter.4}{\376\377\000I\000G\000V\000\040\000\050\000I\000n\000t\000e\000g\000r\000a\000t\000i\000v\000e\000\040\000G\000e\000n\000o\000m\000i\000c\000s\000\040\000V\000i\000e\000w\000e\000r\000\051}{part.1}% 41
\BOOKMARK [1][-]{section.4.1}{\376\377\000M\000a\000i\000n\000\040\000c\000h\000a\000r\000a\000c\000t\000e\000r\000i\000s\000t\000i\000c\000s}{chapter.4}% 42
\BOOKMARK [2][-]{subsection.4.1.1}{\376\377\000I\000g\000v\000t\000o\000o\000l\000s}{section.4.1}% 43
\BOOKMARK [2][-]{subsection.4.1.2}{\376\377\000S\000e\000s\000s\000i\000o\000n\000\040\000F\000i\000l\000e\000s}{section.4.1}% 44
\BOOKMARK [1][-]{section.4.2}{\376\377\000S\000o\000m\000e\000\040\000o\000f\000\040\000t\000h\000e\000\040\000m\000a\000i\000n\000\040\000u\000t\000i\000l\000i\000z\000a\000t\000i\000o\000n\000s}{chapter.4}% 45
\BOOKMARK [2][-]{subsection.4.2.1}{\376\377\000R\000N\000A\000-\000s\000e\000q\000\040\000a\000l\000i\000g\000n\000m\000e\000n\000t\000s}{section.4.2}% 46
\BOOKMARK [2][-]{subsection.4.2.2}{\376\377\000S\000t\000u\000d\000y\000\040\000o\000f\000\040\000v\000a\000r\000i\000a\000n\000t\000s}{section.4.2}% 47
\BOOKMARK [1][-]{section.4.3}{\376\377\000E\000x\000e\000r\000c\000i\000s\000e}{chapter.4}% 48
\BOOKMARK [2][-]{subsection.4.3.1}{\376\377\000T\000a\000s\000k\000\040\000B}{section.4.3}% 49
\BOOKMARK [0][-]{chapter.5}{\376\377\000T\000u\000m\000o\000r\000\040\000E\000v\000o\000l\000u\000t\000i\000o\000n\000\040\000S\000t\000u\000d\000i\000e\000s\000\040\000v\000i\000a\000\040\000N\000G\000S\000\040\000d\000a\000t\000a}{part.1}% 50
\BOOKMARK [1][-]{section.5.1}{\376\377\000T\000u\000m\000o\000r\000\040\000e\000v\000o\000l\000u\000t\000i\000o\000n}{chapter.5}% 51
\BOOKMARK [1][-]{section.5.2}{\376\377\000F\000r\000o\000m\000\040\000s\000k\000e\000t\000c\000h\000e\000s\000\040\000t\000o\000\040\000s\000e\000q\000u\000e\000n\000c\000i\000n\000g\000\040\000d\000a\000t\000a\000\040\000e\000v\000o\000l\000u\000t\000i\000o\000n\000\040\000i\000n\000f\000o\000r\000m\000a\000t\000i\000o\000n}{chapter.5}% 52
\BOOKMARK [2][-]{subsection.5.2.1}{\376\377\000T\000u\000m\000o\000r\000\040\000e\000v\000o\000l\000u\000t\000i\000o\000n\000\040\000a\000n\000d\000\040\000h\000e\000t\000e\000r\000o\000g\000e\000n\000e\000i\000t\000y}{section.5.2}% 53
\BOOKMARK [2][-]{subsection.5.2.2}{\376\377\000U\000s\000e\000f\000u\000l\000\040\000f\000e\000a\000t\000u\000r\000e\000\040\000f\000r\000o\000m\000\040\000N\000G\000S\000\040\000d\000a\000t\000a}{section.5.2}% 54
\BOOKMARK [2][-]{subsection.5.2.3}{\376\377\000A\000l\000l\000e\000l\000i\000c\000\040\000F\000r\000a\000c\000t\000i\000o\000n\000\040\000\050\000A\000F\000\051\000\040\000p\000r\000o\000p\000e\000r\000t\000i\000e\000s}{section.5.2}% 55
\BOOKMARK [1][-]{section.5.3}{\376\377\000C\000o\000v\000e\000r\000a\000g\000e\000\040\000a\000n\000d\000\040\000A\000F\000\040\000p\000r\000o\000p\000e\000r\000t\000i\000e\000s}{chapter.5}% 56
\BOOKMARK [1][-]{section.5.4}{\376\377\000C\000o\000m\000p\000u\000t\000i\000n\000g\000\040\000B\000e\000t\000a}{chapter.5}% 57
\BOOKMARK [1][-]{section.5.5}{\376\377\000G\000l\000o\000b\000a\000l\000\040\000v\000s\000\040\000L\000o\000c\000a\000l\000\040\000E\000s\000t\000i\000m\000a\000t\000e\000s\000\040\000o\000f\000\040\000a\000d\000m\000i\000x\000t\000u\000r\000e}{chapter.5}% 58
\BOOKMARK [1][-]{section.5.6}{\376\377\000A\000\040\000c\000h\000a\000l\000l\000e\000n\000g\000i\000n\000g\000\040\000c\000a\000s\000e\000\040\000\050\000P\000R\000-\0002\0007\0004\0001}{chapter.5}% 59
\BOOKMARK [0][-]{chapter.6}{\376\377\000T\000u\000m\000o\000r\000\040\000e\000v\000o\000l\000u\000t\000i\000o\000n\000\040\000s\000t\000u\000d\000i\000e\000s\000\040\000\050\000c\000o\000n\000t\000i\000n\000u\000e\000d\000\051}{part.1}% 60
\BOOKMARK [1][-]{section.6.1}{\376\377\000R\000e\000c\000a\000l\000l\000s\000\040\000f\000r\000o\000m\000\040\000t\000h\000e\000\040\000p\000r\000e\000v\000i\000o\000u\000s\000\040\000l\000e\000c\000t\000u\000r\000e}{chapter.6}% 61
\BOOKMARK [1][-]{section.6.2}{\376\377\000P\000l\000o\000i\000d\000y\000\040\000a\000n\000d\000\040\000p\000u\000r\000i\000t\000y\000\040\000c\000o\000r\000r\000e\000c\000t\000i\000o\000n\000\040\000o\000n\000\040\0002\000\050\000T\000N\000\051\000\040\000d\000a\000t\000a}{chapter.6}% 62
\BOOKMARK [0][-]{chapter.7}{\376\377\000T\000u\000m\000o\000r\000\040\000e\000v\000o\000l\000u\000t\000i\000o\000n\000\040\000s\000t\000u\000d\000i\000e\000s\000\040\000v\000i\000a\000\040\000N\000G\000S\000\040\000d\000a\000t\000a\000:\000\040\000S\000N\000V\000s\000-\000b\000a\000s\000e\000d\000\040\000m\000e\000t\000h\000o\000d\000s}{part.1}% 63
\BOOKMARK [1][-]{section.7.1}{\376\377\000R\000a\000t\000i\000o\000n\000a\000l\000e\000\040\000o\000f\000\040\000s\000o\000m\000a\000t\000i\000c\000\040\000p\000o\000i\000n\000t\000\040\000m\000u\000t\000a\000t\000i\000o\000n\000\040\000b\000a\000s\000e\000d\000\040\000a\000s\000s\000a\000y\000s}{chapter.7}% 64
\BOOKMARK [1][-]{section.7.2}{\376\377\000T\000P\000E\000S\000\040\000\050\000T\000u\000m\000o\000r\000\040\000P\000u\000r\000i\000t\000y\000\040\000E\000s\000t\000i\000m\000a\000t\000i\000o\000n\000\051}{chapter.7}% 65
\BOOKMARK [1][-]{section.7.3}{\376\377\000H\000o\000w\000\040\000m\000a\000n\000y\000\040\000S\000N\000V\000s\000\040\000a\000r\000e\000\040\000n\000e\000e\000d\000e\000d\000\040\000t\000o\000\040\000a\000s\000s\000e\000s\000s\000\040\000t\000u\000m\000o\000r\000\040\000p\000u\000r\000i\000t\000y\000?}{chapter.7}% 66
\BOOKMARK [1][-]{section.7.4}{\376\377\000C\000o\000m\000p\000a\000r\000i\000s\000o\000n\000\040\000b\000e\000t\000w\000e\000e\000n\000\040\000p\000u\000r\000i\000t\000y\000\040\000c\000a\000l\000l\000e\000r\000s}{chapter.7}% 67
\BOOKMARK [1][-]{section.7.5}{\376\377\000P\000r\000o\000s\000\040\000a\000n\000d\000\040\000C\000o\000n\000s\000\040\000o\000f\000\040\000S\000N\000V\000s\000-\000b\000a\000s\000e\000d\000\040\000t\000u\000m\000o\000r\000\040\000p\000u\000r\000i\000t\000y\000\040\000a\000s\000s\000e\000s\000s\000m\000e\000n\000t}{chapter.7}% 68
\BOOKMARK [0][-]{chapter.8}{\376\377\000L\000i\000q\000u\000i\000d\000\040\000b\000i\000o\000p\000s\000i\000e\000s\000\040\000i\000n\000\040\000o\000n\000c\000o\000l\000o\000g\000y}{part.1}% 69
\BOOKMARK [1][-]{section.8.1}{\376\377\000L\000i\000q\000u\000i\000d\000\040\000v\000s\000\040\000T\000i\000s\000s\000u\000e\000\040\000b\000i\000o\000p\000s\000i\000e\000s}{chapter.8}% 70
\BOOKMARK [1][-]{section.8.2}{\376\377\000I\000s\000s\000u\000e\000s\000\040\000i\000n\000\040\000t\000h\000e\000\040\000i\000n\000t\000e\000r\000p\000r\000e\000t\000a\000t\000i\000o\000n\000\040\000o\000f\000\040\000c\000f\000D\000N\000A\000\040\000d\000a\000t\000a}{chapter.8}% 71
\BOOKMARK [2][-]{subsection.8.2.1}{\376\377\000N\000o\000r\000m\000a\000l\000i\000z\000a\000t\000i\000o\000n\000\040\000o\000n\000\040\000t\000u\000m\000o\000r\000\040\000c\000o\000n\000t\000e\000n\000t}{section.8.2}% 72
\BOOKMARK [2][-]{subsection.8.2.2}{\376\377\000Q\000u\000a\000n\000t\000i\000t\000y\000\040\000o\000f\000\040\000i\000n\000p\000u\000t\000\040\000m\000a\000t\000e\000r\000i\000a\000l}{section.8.2}% 73
\BOOKMARK [1][-]{section.8.3}{\376\377\000S\000N\000V\000\040\000d\000e\000t\000e\000c\000t\000i\000o\000n\000\040\000i\000n\000\040\000l\000i\000q\000u\000i\000d\000\040\000b\000i\000o\000p\000s\000i\000e\000s}{chapter.8}% 74
\BOOKMARK [1][-]{section.8.4}{\376\377\000R\000e\000q\000u\000i\000r\000e\000m\000e\000n\000t\000s\000\040\000d\000e\000p\000e\000n\000d\000\040\000o\000n\000\040\000t\000h\000e\000\040\000a\000p\000p\000l\000i\000c\000a\000t\000i\000o\000n}{chapter.8}% 75
\BOOKMARK [1][-]{section.8.5}{\376\377\000W\000h\000o\000l\000e\000\040\000g\000e\000n\000o\000m\000e\000\040\000v\000s\000\040\000t\000a\000r\000g\000e\000t\000e\000d\000\040\000s\000e\000q\000u\000e\000n\000c\000i\000n\000g}{chapter.8}% 76
\BOOKMARK [1][-]{section.8.6}{\376\377\000T\000a\000k\000e\000-\000h\000o\000m\000e\000\040\000m\000e\000s\000s\000a\000g\000e}{chapter.8}% 77
\BOOKMARK [0][-]{chapter.9}{\376\377\000E\000p\000i\000g\000e\000n\000e\000t\000i\000c\000\040\000p\000r\000o\000f\000i\000l\000i\000n\000g\000\040\000o\000f\000\040\000c\000e\000l\000l\000-\000f\000r\000e\000e\000\040\000D\000N\000A}{part.1}% 78
\BOOKMARK [1][-]{section.9.1}{\376\377\000I\000n\000t\000r\000o\000d\000u\000c\000t\000i\000o\000n}{chapter.9}% 79
\BOOKMARK [1][-]{section.9.2}{\376\377\000D\000N\000A\000\040\000m\000e\000t\000h\000y\000l\000a\000t\000i\000o\000n}{chapter.9}% 80
\BOOKMARK [1][-]{section.9.3}{\376\377\000H\000o\000w\000\040\000i\000s\000\040\000D\000N\000A\000\040\000m\000e\000t\000h\000y\000l\000a\000t\000i\000o\000n\000\040\000m\000e\000a\000s\000u\000r\000e\000d\000?}{chapter.9}% 81
\BOOKMARK [1][-]{section.9.4}{\376\377\000T\000i\000s\000s\000u\000e\000-\000s\000p\000e\000c\000i\000f\000i\000c\000\040\000v\000s\000\040\000d\000i\000s\000e\000a\000s\000e\000-\000s\000p\000e\000c\000i\000f\000i\000c\000\040\000D\000N\000A\000\040\000m\000a\000r\000k\000e\000r\000s}{chapter.9}% 82
\BOOKMARK [1][-]{section.9.5}{\376\377\000D\000N\000A\000\040\000m\000e\000t\000h\000y\000l\000a\000t\000i\000o\000n\000\040\000b\000a\000s\000e\000d\000\040\000l\000i\000q\000u\000i\000d\000\040\000b\000i\000o\000p\000s\000y}{chapter.9}% 83
\BOOKMARK [2][-]{subsection.9.5.1}{\376\377\000W\000o\000r\000k\000f\000l\000o\000w}{section.9.5}% 84
\BOOKMARK [2][-]{subsection.9.5.2}{\376\377\000C\000C\000G\000A\000\040\000s\000t\000u\000d\000y}{section.9.5}% 85
\BOOKMARK [2][-]{subsection.9.5.3}{\376\377\000D\000e\000c\000o\000n\000v\000o\000l\000u\000t\000i\000o\000n\000\040\000a\000p\000p\000r\000o\000a\000c\000h\000e\000s}{section.9.5}% 86
\BOOKMARK [1][-]{section.9.6}{\376\377\000T\000a\000r\000g\000e\000t\000e\000d\000\040\000p\000a\000n\000e\000l\000\040\000a\000p\000p\000r\000o\000a\000c\000h\000e\000s\000\040\000f\000o\000r\000\040\000t\000u\000m\000o\000r\000\040\000c\000o\000n\000t\000e\000n\000t\000\040\000e\000s\000t\000i\000m\000a\000t\000i\000o\000n}{chapter.9}% 87
\BOOKMARK [-1][-]{part.2}{\376\377\000I\000I\000\040\000P\000a\000p\000e\000r\000s}{}% 88
\BOOKMARK [0][-]{chapter.10}{\376\377\000R\000o\000l\000e\000\040\000o\000f\000\040\000n\000o\000n\000-\000c\000o\000d\000i\000n\000g\000\040\000s\000e\000q\000u\000e\000n\000c\000e\000\040\000v\000a\000r\000i\000a\000n\000t\000s\000\040\000i\000n\000\040\000c\000a\000n\000c\000e\000r}{part.2}% 89
\BOOKMARK [1][-]{section.10.1}{\376\377\000A\000b\000s\000t\000r\000a\000c\000t}{chapter.10}% 90
\BOOKMARK [2][-]{subsection.10.1.1}{\376\377\000I\000n\000t\000r\000o\000d\000u\000c\000t\000i\000o\000n}{section.10.1}% 91
\BOOKMARK [1][-]{section.10.2}{\376\377\000G\000e\000n\000o\000m\000i\000c\000\040\000s\000e\000q\000u\000e\000n\000c\000e\000\040\000v\000a\000r\000i\000a\000n\000t\000s}{chapter.10}% 92
\BOOKMARK [1][-]{section.10.3}{\376\377\000N\000o\000n\000-\000c\000o\000d\000i\000n\000g\000\040\000e\000l\000e\000m\000e\000n\000t\000\040\000a\000n\000n\000o\000t\000a\000t\000i\000o\000n}{chapter.10}% 93
\BOOKMARK [2][-]{subsection.10.3.1}{\376\377\000C\000i\000s\000\040\000r\000e\000g\000u\000l\000a\000t\000o\000r\000y\000\040\000r\000e\000g\000i\000o\000n\000s}{section.10.3}% 94
\BOOKMARK [2][-]{subsection.10.3.2}{\376\377\000D\000i\000s\000t\000a\000l\000\040\000r\000e\000g\000u\000l\000a\000t\000o\000r\000y\000\040\000e\000l\000e\000m\000e\000n\000t\000s}{section.10.3}% 95
\BOOKMARK [2][-]{subsection.10.3.3}{\376\377\000R\000N\000A\000-\000s\000e\000q}{section.10.3}% 96
\BOOKMARK [2][-]{subsection.10.3.4}{\376\377\000T\000r\000a\000n\000s\000c\000r\000i\000b\000e\000d\000\040\000p\000s\000e\000u\000d\000o\000g\000e\000n\000e\000s}{section.10.3}% 97
\BOOKMARK [2][-]{subsection.10.3.5}{\376\377\000E\000v\000o\000l\000u\000t\000i\000o\000n\000a\000r\000y\000\040\000c\000o\000n\000s\000e\000r\000v\000a\000t\000i\000o\000n}{section.10.3}% 98
\BOOKMARK [1][-]{section.10.4}{\376\377\000R\000o\000l\000e\000s\000\040\000f\000o\000r\000\040\000s\000o\000m\000a\000t\000i\000c\000\040\000v\000a\000r\000i\000a\000n\000t\000s\000\040\000i\000n\000\040\000c\000a\000n\000c\000e\000r}{chapter.10}% 99
\BOOKMARK [2][-]{subsection.10.4.1}{\376\377\000G\000a\000i\000n\000\040\000o\000f\000\040\000T\000F\000-\000b\000i\000n\000d\000i\000n\000g\000\040\000s\000i\000t\000e\000s}{section.10.4}% 100
\BOOKMARK [2][-]{subsection.10.4.2}{\376\377\000F\000u\000s\000i\000o\000n\000\040\000e\000v\000e\000n\000t\000s\000\040\000d\000u\000e\000\040\000t\000o\000\040\000g\000e\000n\000o\000m\000i\000c\000\040\000r\000e\000a\000r\000r\000a\000n\000g\000e\000m\000e\000n\000t\000s}{section.10.4}% 101
\BOOKMARK [2][-]{subsection.10.4.3}{\376\377\000n\000c\000R\000N\000A\000s\000\040\000a\000n\000d\000\040\000t\000h\000e\000i\000r\000\040\000b\000i\000n\000d\000i\000n\000g\000\040\000s\000i\000t\000e\000s}{section.10.4}% 102
\BOOKMARK [2][-]{subsection.10.4.4}{\376\377\000R\000o\000l\000e\000\040\000o\000f\000\040\000p\000s\000e\000u\000d\000o\000g\000e\000n\000e\000s\000\040\000i\000n\000\040\000m\000o\000d\000u\000l\000a\000t\000i\000n\000g\000\040\000t\000h\000e\000\040\000e\000x\000p\000r\000e\000s\000s\000i\000o\000n\000\040\000o\000f\000\040\000a\000\040\000p\000a\000r\000e\000n\000t\000a\000l\000\040\000g\000e\000n\000e}{section.10.4}% 103
\BOOKMARK [1][-]{section.10.5}{\376\377\000R\000o\000l\000e\000s\000\040\000f\000o\000r\000\040\000g\000e\000r\000m\000l\000i\000n\000e\000\040\000v\000a\000r\000i\000a\000n\000t\000s\000\040\000i\000n\000\040\000c\000a\000n\000c\000e\000r}{chapter.10}% 104
\BOOKMARK [2][-]{subsection.10.5.1}{\376\377\000P\000r\000o\000m\000o\000t\000e\000r\000\040\000m\000u\000t\000a\000t\000i\000o\000n\000s}{section.10.5}% 105
\BOOKMARK [2][-]{subsection.10.5.2}{\376\377\000S\000N\000P\000s\000\040\000i\000n\000\040\000e\000n\000h\000a\000n\000c\000e\000r\000s}{section.10.5}% 106
\BOOKMARK [2][-]{subsection.10.5.3}{\376\377\000V\000a\000r\000i\000a\000n\000t\000s\000\040\000i\000n\000\040\000i\000n\000t\000r\000o\000n\000s}{section.10.5}% 107
\BOOKMARK [2][-]{subsection.10.5.4}{\376\377\000S\000N\000P\000s\000\040\000i\000n\000\040\000n\000c\000R\000N\000A\000\040\000a\000n\000d\000\040\000t\000h\000e\000i\000r\000\040\000b\000i\000n\000d\000i\000n\000g\000\040\000s\000i\000t\000e\000s}{section.10.5}% 108
\BOOKMARK [2][-]{subsection.10.5.5}{\376\377\000O\000t\000h\000e\000r\000s}{section.10.5}% 109
\BOOKMARK [1][-]{section.10.6}{\376\377\000I\000n\000t\000e\000r\000p\000l\000a\000y\000\040\000b\000e\000t\000w\000e\000e\000n\000\040\000g\000e\000r\000m\000l\000i\000n\000e\000\040\000a\000n\000d\000\040\000s\000o\000m\000a\000t\000i\000c\000\040\000v\000a\000r\000i\000a\000n\000t\000s}{chapter.10}% 110
\BOOKMARK [1][-]{section.10.7}{\376\377\000C\000o\000m\000p\000u\000t\000a\000t\000i\000o\000n\000a\000l\000\040\000m\000e\000t\000h\000o\000d\000s\000\040\000f\000o\000r\000\040\000i\000d\000e\000n\000t\000i\000f\000y\000i\000n\000g\000\040\000v\000a\000r\000i\000a\000n\000t\000s}{chapter.10}% 111
\BOOKMARK [1][-]{section.10.8}{\376\377\000E\000x\000p\000e\000r\000i\000m\000e\000n\000t\000a\000l\000\040\000a\000p\000p\000r\000o\000a\000c\000h\000e\000s\000\040\000f\000o\000r\000\040\000f\000u\000n\000c\000t\000i\000o\000n\000a\000l\000\040\000v\000a\000l\000i\000d\000a\000t\000i\000o\000n}{chapter.10}% 112
\BOOKMARK [0][-]{chapter.11}{\376\377\000A\000d\000v\000a\000n\000c\000e\000s\000\040\000i\000n\000\040\000u\000n\000d\000e\000r\000s\000t\000a\000n\000d\000i\000n\000g\000\040\000c\000a\000n\000c\000e\000r\000\040\000g\000e\000n\000o\000m\000i\000c\000s\000\040\000t\000h\000r\000o\000u\000g\000h\000\040\000s\000e\000c\000o\000n\000d\000-\000g\000e\000n\000e\000r\000a\000t\000i\000o\000n\000\040\000s\000e\000q\000u\000e\000n\000c\000i\000n\000g}{part.2}% 113
\BOOKMARK [1][-]{section.11.1}{\376\377\000A\000b\000s\000t\000r\000a\000c\000t}{chapter.11}% 114
\BOOKMARK [2][-]{subsection.11.1.1}{\376\377\000I\000n\000t\000r\000o\000d\000u\000c\000t\000i\000o\000n}{section.11.1}% 115
\BOOKMARK [1][-]{section.11.2}{\376\377\000C\000a\000n\000c\000e\000r\000-\000s\000p\000e\000c\000i\000f\000i\000c\000\040\000c\000o\000n\000s\000i\000d\000e\000r\000a\000t\000i\000o\000n}{chapter.11}% 116
\BOOKMARK [2][-]{subsection.11.2.1}{\376\377\000C\000h\000a\000r\000a\000c\000t\000e\000r\000i\000s\000t\000i\000c\000s\000\040\000o\000f\000\040\000c\000a\000n\000c\000e\000r\000\040\000s\000a\000m\000p\000l\000e\000s\000\040\000f\000o\000r\000\040\000g\000e\000n\000o\000m\000i\000c\000\040\000a\000n\000a\000l\000y\000s\000i\000s}{section.11.2}% 117
\BOOKMARK [2][-]{subsection.11.2.2}{\376\377\000S\000t\000r\000u\000c\000t\000u\000r\000a\000l\000\040\000v\000a\000r\000i\000a\000b\000i\000l\000i\000t\000y\000\040\000o\000f\000\040\000c\000a\000n\000c\000e\000r\000\040\000g\000e\000n\000o\000m\000e\000s}{section.11.2}% 118
\BOOKMARK [1][-]{section.11.3}{\376\377\000E\000x\000p\000e\000r\000i\000m\000e\000n\000t\000a\000l\000\040\000a\000p\000p\000r\000o\000a\000c\000h\000e\000s}{chapter.11}% 119
\BOOKMARK [2][-]{subsection.11.3.1}{\376\377\000W\000h\000o\000l\000e\000\040\000g\000e\000n\000o\000m\000e\000\040\000s\000e\000q\000u\000e\000n\000c\000i\000n\000g}{section.11.3}% 120
\BOOKMARK [2][-]{subsection.11.3.2}{\376\377\000E\000x\000o\000m\000e\000\040\000s\000e\000q\000u\000e\000n\000c\000i\000n\000g}{section.11.3}% 121
\BOOKMARK [2][-]{subsection.11.3.3}{\376\377\000T\000r\000a\000n\000s\000c\000r\000i\000p\000t\000o\000m\000e\000\040\000s\000e\000q\000u\000e\000n\000c\000i\000n\000g}{section.11.3}% 122
\BOOKMARK [1][-]{section.11.4}{\376\377\000D\000e\000t\000e\000c\000t\000i\000n\000g\000\040\000c\000l\000a\000s\000s\000e\000s\000\040\000o\000f\000\040\000g\000e\000n\000o\000m\000e\000\040\000a\000l\000t\000e\000r\000a\000t\000i\000o\000n\000s}{chapter.11}% 123
\BOOKMARK [2][-]{subsection.11.4.1}{\376\377\000S\000o\000m\000a\000t\000i\000c\000\040\000n\000u\000c\000l\000e\000o\000t\000i\000d\000e\000\040\000s\000u\000b\000s\000t\000i\000t\000u\000t\000i\000o\000n\000s\000\040\000a\000n\000d\000\040\000s\000m\000a\000l\000l\000\040\000i\000n\000s\000e\000r\000t\000i\000o\000n\000\040\000a\000n\000d\000\040\000d\000e\000l\000e\000t\000i\000o\000n\000\040\000m\000u\000t\000a\000t\000i\000o\000n\000s}{section.11.4}% 124
\BOOKMARK [2][-]{subsection.11.4.2}{\376\377\000C\000o\000p\000y\000\040\000n\000u\000m\000b\000e\000r}{section.11.4}% 125
\BOOKMARK [2][-]{subsection.11.4.3}{\376\377\000C\000h\000r\000o\000m\000o\000s\000o\000m\000a\000l\000\040\000r\000e\000a\000r\000r\000a\000n\000g\000e\000m\000e\000n\000t\000s}{section.11.4}% 126
\BOOKMARK [2][-]{subsection.11.4.4}{\376\377\000M\000i\000c\000r\000o\000b\000e\000-\000d\000i\000s\000c\000o\000v\000e\000r\000y\000\040\000m\000e\000t\000h\000o\000d\000s}{section.11.4}% 127
\BOOKMARK [1][-]{section.11.5}{\376\377\000C\000o\000m\000p\000u\000t\000a\000t\000i\000o\000n\000a\000l\000\040\000i\000s\000s\000u\000e\000s}{chapter.11}% 128
\BOOKMARK [2][-]{subsection.11.5.1}{\376\377\000A\000l\000i\000g\000n\000m\000e\000n\000t\000\040\000a\000n\000d\000\040\000a\000s\000s\000e\000m\000b\000l\000y}{section.11.5}% 129
\BOOKMARK [2][-]{subsection.11.5.2}{\376\377\000m\000u\000t\000a\000t\000i\000o\000n\000s\000\040\000d\000e\000t\000e\000c\000t\000i\000o\000n}{section.11.5}% 130
\BOOKMARK [2][-]{subsection.11.5.3}{\376\377\000V\000a\000l\000i\000d\000a\000t\000i\000o\000n\000\040\000o\000f\000\040\000m\000u\000t\000a\000t\000i\000o\000n\000\040\000a\000n\000d\000\040\000r\000e\000a\000r\000r\000a\000n\000g\000e\000m\000e\000n\000t\000\040\000c\000a\000l\000l\000s}{section.11.5}% 131
\BOOKMARK [0][-]{chapter.12}{\376\377\000I\000n\000t\000e\000g\000r\000a\000t\000i\000v\000e\000\040\000g\000e\000n\000o\000m\000i\000c\000s\000\040\000v\000i\000e\000w\000e\000r}{part.2}% 132
\BOOKMARK [1][-]{section.12.1}{\376\377\000I\000n\000t\000r\000o\000d\000u\000c\000t\000i\000o\000n}{chapter.12}% 133
\BOOKMARK [0][-]{chapter.13}{\376\377\000T\000u\000m\000o\000u\000r\000\040\000h\000e\000t\000e\000r\000o\000g\000e\000n\000e\000i\000t\000y\000\040\000a\000n\000d\000\040\000r\000e\000s\000i\000s\000t\000a\000n\000c\000e\000\040\000t\000o\000\040\000c\000a\000n\000c\000e\000r\000\040\000t\000h\000e\000r\000a\000p\000i\000e\000s}{part.2}% 134
\BOOKMARK [1][-]{section.13.1}{\376\377\000A\000b\000s\000t\000r\000a\000c\000t}{chapter.13}% 135
\BOOKMARK [2][-]{subsection.13.1.1}{\376\377\000I\000n\000t\000r\000o\000d\000u\000c\000t\000i\000o\000n}{section.13.1}% 136
\BOOKMARK [1][-]{section.13.2}{\376\377\000C\000a\000u\000s\000e\000s\000\040\000o\000f\000\040\000i\000n\000t\000r\000a\000t\000u\000m\000o\000r\000a\000l\000\040\000h\000e\000t\000e\000r\000o\000g\000e\000n\000e\000i\000t\000y}{chapter.13}% 137
\BOOKMARK [2][-]{subsection.13.2.1}{\376\377\000G\000e\000n\000o\000m\000i\000c\000\040\000i\000n\000s\000t\000a\000b\000i\000l\000i\000t\000y}{section.13.2}% 138
\BOOKMARK [2][-]{subsection.13.2.2}{\376\377\000T\000h\000e\000\040\000c\000l\000o\000n\000a\000l\000\040\000e\000v\000o\000l\000u\000t\000i\000o\000n\000\040\000a\000n\000d\000\040\000s\000e\000l\000e\000c\000t\000i\000o\000n\000\040\000h\000y\000p\000o\000t\000h\000e\000s\000i\000s}{section.13.2}% 139
\BOOKMARK [1][-]{section.13.3}{\376\377\000T\000h\000e\000\040\000s\000p\000e\000c\000t\000r\000u\000m\000\040\000o\000f\000\040\000t\000u\000m\000o\000u\000r\000\040\000h\000e\000t\000e\000r\000o\000g\000e\000n\000e\000i\000t\000y}{chapter.13}% 140
\BOOKMARK [2][-]{subsection.13.3.1}{\376\377\000S\000p\000a\000t\000i\000a\000l\000\040\000h\000e\000t\000e\000r\000o\000g\000e\000n\000e\000i\000t\000y}{section.13.3}% 141
\BOOKMARK [2][-]{subsection.13.3.2}{\376\377\000T\000e\000m\000p\000o\000r\000a\000l\000\040\000h\000e\000t\000e\000r\000o\000g\000e\000n\000e\000i\000t\000y}{section.13.3}% 142
\BOOKMARK [1][-]{section.13.4}{\376\377\000N\000o\000n\000i\000n\000v\000a\000s\000i\000v\000e\000\040\000m\000o\000n\000i\000t\000o\000r\000i\000n\000g\000\040\000o\000f\000\040\000h\000e\000t\000e\000r\000o\000g\000e\000n\000e\000i\000t\000y}{chapter.13}% 143
\BOOKMARK [2][-]{subsection.13.4.1}{\376\377\000A\000n\000a\000l\000y\000s\000i\000s\000\040\000o\000f\000\040\000c\000t\000D\000N\000A}{section.13.4}% 144
\BOOKMARK [1][-]{section.13.5}{\376\377\000O\000v\000e\000r\000c\000o\000m\000i\000n\000g\000\040\000h\000e\000t\000e\000r\000o\000g\000e\000n\000e\000i\000t\000y}{chapter.13}% 145
\BOOKMARK [0][-]{chapter.14}{\376\377\000U\000n\000r\000a\000v\000e\000l\000l\000i\000n\000g\000\040\000t\000h\000e\000\040\000c\000l\000o\000n\000a\000l\000\040\000h\000i\000e\000r\000a\000r\000c\000h\000y\000\040\000o\000f\000\040\000s\000o\000m\000a\000t\000i\000c\000\040\000g\000e\000n\000o\000m\000i\000c\000\040\000a\000b\000e\000r\000r\000a\000t\000i\000o\000n\000s}{part.2}% 146
\BOOKMARK [1][-]{section.14.1}{\376\377\000I\000n\000t\000r\000o\000d\000u\000c\000t\000i\000o\000n}{chapter.14}% 147
\BOOKMARK [2][-]{subsection.14.1.1}{\376\377\000A\000b\000s\000t\000r\000a\000c\000t}{section.14.1}% 148
\BOOKMARK [2][-]{subsection.14.1.2}{\376\377\000B\000a\000c\000k\000g\000r\000o\000u\000n\000d}{section.14.1}% 149
\BOOKMARK [1][-]{section.14.2}{\376\377\000R\000e\000s\000u\000l\000t\000s}{chapter.14}% 150
\BOOKMARK [2][-]{subsection.14.2.1}{\376\377\000C\000l\000o\000n\000a\000l\000i\000t\000y\000\040\000a\000s\000s\000e\000s\000s\000m\000e\000n\000t\000\040\000o\000f\000\040\000a\000b\000e\000r\000r\000a\000t\000i\000o\000n\000s\000\040\000f\000r\000o\000m\000\040\000s\000e\000q\000u\000e\000n\000c\000i\000n\000g\000\040\000r\000e\000a\000d\000s}{section.14.2}% 151
\BOOKMARK [2][-]{subsection.14.2.2}{\376\377\000I\000n\000f\000e\000r\000r\000i\000n\000g\000\040\000t\000h\000e\000\040\000o\000r\000d\000e\000r\000\040\000o\000f\000\040\000m\000u\000t\000a\000t\000i\000o\000n\000s\000\040\000i\000n\000\040\000a\000\040\000t\000u\000m\000o\000u\000r\000\040\000s\000a\000m\000p\000l\000e}{section.14.2}% 152
\BOOKMARK [2][-]{subsection.14.2.3}{\376\377\000I\000n\000\040\000s\000i\000l\000i\000c\000o\000\040\000a\000n\000d\000\040\000i\000n\000\040\000s\000i\000t\000u\000\040\000e\000x\000p\000e\000r\000i\000m\000e\000n\000t\000a\000l\000\040\000v\000a\000l\000i\000d\000a\000t\000i\000o\000n}{section.14.2}% 153
\BOOKMARK [2][-]{subsection.14.2.4}{\376\377\000C\000o\000m\000p\000a\000r\000a\000t\000i\000v\000e\000\040\000a\000n\000a\000l\000y\000s\000i\000s\000\040\000r\000e\000v\000e\000a\000l\000s\000\040\000d\000i\000f\000f\000e\000r\000e\000n\000t\000\040\000m\000e\000c\000h\000a\000n\000i\000s\000m\000s\000\040\000o\000f\000\040\000t\000u\000m\000o\000u\000r\000\040\000d\000e\000r\000e\000g\000u\000l\000a\000t\000i\000o\000n}{section.14.2}% 154
\BOOKMARK [2][-]{subsection.14.2.5}{\376\377\000C\000l\000o\000n\000a\000l\000\040\000h\000i\000e\000r\000a\000r\000c\000h\000y\000\040\000o\000f\000\040\000g\000e\000n\000o\000m\000i\000c\000\040\000a\000b\000e\000r\000r\000a\000t\000i\000o\000n\000s}{section.14.2}% 155
\BOOKMARK [1][-]{section.14.3}{\376\377\000M\000a\000t\000e\000r\000i\000a\000l\000s\000\040\000a\000n\000d\000\040\000m\000e\000t\000h\000o\000d\000s}{chapter.14}% 156
\BOOKMARK [2][-]{subsection.14.3.1}{\376\377\000C\000L\000O\000N\000E\000T\000\040\000p\000i\000p\000e\000l\000i\000n\000e}{section.14.3}% 157
\BOOKMARK [2][-]{subsection.14.3.2}{\376\377\000C\000L\000O\000N\000E\000T\000\040\000o\000n\000\040\000e\000x\000o\000m\000e\000\040\000a\000n\000d\000\040\000t\000a\000r\000g\000e\000t\000e\000d\000\040\000s\000e\000q\000u\000e\000n\000c\000i\000n\000g\000\040\000d\000a\000t\000a}{section.14.3}% 158
\BOOKMARK [2][-]{subsection.14.3.3}{\376\377\000E\000x\000p\000e\000c\000t\000e\000d\000\040\000d\000i\000s\000t\000r\000i\000b\000u\000t\000i\000o\000n\000\040\000o\000f\000\040\000t\000h\000e\000\040\000a\000l\000l\000e\000l\000i\000c\000\040\000f\000r\000a\000c\000t\000i\000o\000n\000\040\000o\000f\000\040\000a\000\040\000g\000e\000n\000o\000m\000i\000c\000\040\000s\000e\000g\000m\000e\000n\000t}{section.14.3}% 159
\BOOKMARK [2][-]{subsection.14.3.4}{\376\377\000E\000s\000t\000i\000m\000a\000t\000e\000d\000\040\000p\000r\000o\000p\000o\000r\000t\000i\000o\000n\000\040\000o\000f\000\040\000n\000e\000u\000t\000r\000a\000l\000\040\000r\000e\000a\000d\000s\000\040\000f\000o\000r\000\040\000a\000\040\000g\000e\000n\000o\000m\000i\000c\000\040\000s\000e\000g\000m\000e\000n\000t}{section.14.3}% 160
\BOOKMARK [2][-]{subsection.14.3.5}{\376\377\000F\000r\000o\000m\000\040\000n\000e\000u\000t\000r\000a\000l\000\040\000t\000o\000\040\000n\000o\000n\000-\000a\000b\000e\000r\000r\000a\000n\000t\000\040\000r\000e\000a\000d\000s}{section.14.3}% 161
\BOOKMARK [2][-]{subsection.14.3.6}{\376\377\000F\000r\000o\000m\000\040\000a\000b\000e\000r\000r\000a\000n\000t\000\040\000r\000e\000a\000d\000s\000\040\000t\000o\000\040\000a\000b\000e\000r\000r\000a\000n\000t\000\040\000c\000e\000l\000l\000s}{section.14.3}% 162
\BOOKMARK [2][-]{subsection.14.3.7}{\376\377\000U\000n\000c\000e\000r\000t\000a\000i\000n\000t\000y\000\040\000a\000s\000s\000e\000s\000s\000m\000e\000n\000t\000\040\000a\000n\000d\000\040\000i\000t\000s\000\040\000p\000r\000o\000p\000a\000g\000a\000t\000i\000o\000n\000\040\000t\000o\000\040\000c\000l\000o\000n\000a\000l\000i\000t\000y\000\040\000e\000s\000t\000i\000m\000a\000t\000e\000s}{section.14.3}% 163
\BOOKMARK [2][-]{subsection.14.3.8}{\376\377\000C\000l\000o\000n\000a\000l\000i\000t\000y\000\040\000o\000f\000\040\000b\000i\000-\000a\000l\000l\000e\000l\000i\000c\000\040\000d\000e\000l\000e\000t\000i\000o\000n}{section.14.3}% 164
\BOOKMARK [0][-]{chapter.15}{\376\377\000T\000P\000E\000S\000:\000\040\000t\000i\000m\000o\000r\000\040\000p\000u\000r\000i\000t\000y\000\040\000e\000s\000t\000i\000m\000a\000t\000i\000o\000n\000\040\000f\000r\000o\000m\000\040\000S\000N\000V\000s}{part.2}% 165
\BOOKMARK [1][-]{section.15.1}{\376\377\000A\000b\000s\000t\000r\000a\000c\000t}{chapter.15}% 166
\BOOKMARK [2][-]{subsection.15.1.1}{\376\377\000I\000n\000t\000r\000o\000d\000u\000c\000t\000i\000o\000n}{section.15.1}% 167
\BOOKMARK [1][-]{section.15.2}{\376\377\000M\000a\000t\000e\000r\000i\000a\000l\000s\000\040\000a\000n\000d\000\040\000m\000e\000t\000h\000o\000d\000s}{chapter.15}% 168
\BOOKMARK [0][-]{chapter.16}{\376\377\000S\000N\000P\000\040\000p\000a\000n\000e\000l\000\040\000i\000d\000e\000n\000t\000i\000f\000i\000c\000a\000t\000i\000o\000n\000\040\000a\000s\000s\000a\000y\000\040\000\050\000S\000P\000I\000A\000\051\000:\000\040\000a\000\040\000g\000e\000n\000e\000t\000i\000c\000-\000b\000a\000s\000e\000d\000\040\000a\000s\000s\000a\000y\000\040\000f\000o\000r\000\040\000t\000h\000e\000\040\000i\000d\000e\000n\000t\000i\000f\000i\000c\000a\000t\000i\000o\000n\000\040\000o\000f\000\040\000c\000e\000l\000l\000\040\000l\000i\000n\000e\000s}{part.2}% 169
\BOOKMARK [1][-]{section.16.1}{\376\377\000A\000b\000s\000t\000r\000a\000c\000t}{chapter.16}% 170
\BOOKMARK [2][-]{subsection.16.1.1}{\376\377\000I\000n\000t\000r\000o\000d\000u\000c\000t\000i\000o\000n}{section.16.1}% 171
\BOOKMARK [1][-]{section.16.2}{\376\377\000M\000a\000t\000e\000r\000i\000a\000l\000\040\000a\000n\000d\000\040\000m\000e\000t\000h\000o\000d\000s}{chapter.16}% 172
\BOOKMARK [2][-]{subsection.16.2.1}{\376\377\000G\000e\000n\000o\000t\000y\000p\000e\000\040\000d\000i\000s\000t\000a\000n\000c\000e}{section.16.2}% 173
\BOOKMARK [2][-]{subsection.16.2.2}{\376\377\000S\000N\000P\000\040\000p\000a\000n\000e\000l\000\040\000s\000e\000l\000e\000c\000t\000i\000o\000n\000\040\000p\000r\000o\000c\000e\000d\000u\000r\000e}{section.16.2}% 174
\BOOKMARK [2][-]{subsection.16.2.3}{\376\377\000S\000P\000I\000A\000\040\000p\000r\000o\000b\000a\000b\000i\000l\000i\000s\000t\000i\000c\000\040\000t\000e\000s\000t\000\040\000o\000n\000\040\000c\000e\000l\000l\000\040\000l\000i\000n\000e\000\040\000g\000e\000n\000o\000t\000y\000p\000e\000\040\000d\000i\000s\000t\000a\000n\000c\000e}{section.16.2}% 175
